/*C16*/SET SCHEMA PUBLIC
SET DATABASE TRANSACTION CONTROL MVCC
/*C17*/SET SCHEMA PUBLIC
SET DATABASE TRANSACTION CONTROL MVCC
/*C18*/SET SCHEMA PUBLIC
SET DATABASE TRANSACTION CONTROL MVCC
/*C19*/SET SCHEMA PUBLIC
SET DATABASE TRANSACTION CONTROL MVCC
/*C20*/SET SCHEMA PUBLIC
SET DATABASE TRANSACTION CONTROL MVCC
/*C21*/SET SCHEMA PUBLIC
SET DATABASE TRANSACTION CONTROL MVCC
/*C22*/SET SCHEMA PUBLIC
SET DATABASE TRANSACTION CONTROL MVCC
/*C23*/SET SCHEMA PUBLIC
SET DATABASE TRANSACTION CONTROL MVCC
/*C24*/SET SCHEMA PUBLIC
SET DATABASE TRANSACTION CONTROL MVCC
/*C25*/SET SCHEMA PUBLIC
SET DATABASE TRANSACTION CONTROL MVCC
/*C26*/SET SCHEMA PUBLIC
SET DATABASE TRANSACTION CONTROL MVCC
/*C27*/SET SCHEMA PUBLIC
SET DATABASE TRANSACTION CONTROL MVCC
/*C28*/SET SCHEMA PUBLIC
SET DATABASE TRANSACTION CONTROL MVCC
/*C29*/SET SCHEMA PUBLIC
DISCONNECT
/*C16*/DELETE FROM JUNIT_NUMBERSERIES WHERE SERIESKEY='pk_10123'
INSERT INTO JUNIT_NUMBERSERIES VALUES(NULL,'pk_10123',1,6001,NULL)
COMMIT
