0:0:0:0:0:0:0:1 - - [21/Apr/2016:11:58:48 +0300] "GET / HTTP/1.1" 302 - "-" "Mozilla/5.0 (Windows NT 6.1; WOW64) AppleWebKit/537.36 (KHTML, like Gecko) Chrome/49.0.2623.112 Safari/537.36"
0:0:0:0:0:0:0:1 - - [21/Apr/2016:11:58:48 +0300] "GET /login.jsp HTTP/1.1" 200 1802 "-" "Mozilla/5.0 (Windows NT 6.1; WOW64) AppleWebKit/537.36 (KHTML, like Gecko) Chrome/49.0.2623.112 Safari/537.36"
0:0:0:0:0:0:0:1 - - [21/Apr/2016:11:58:48 +0300] "GET /static/css/blueprint.css HTTP/1.1" 200 12214 "http://localhost:9001/login.jsp" "Mozilla/5.0 (Windows NT 6.1; WOW64) AppleWebKit/537.36 (KHTML, like Gecko) Chrome/49.0.2623.112 Safari/537.36"
0:0:0:0:0:0:0:1 - - [21/Apr/2016:11:58:48 +0300] "GET /static/css/plugins/buttons/screen.css HTTP/1.1" 200 2004 "http://localhost:9001/login.jsp" "Mozilla/5.0 (Windows NT 6.1; WOW64) AppleWebKit/537.36 (KHTML, like Gecko) Chrome/49.0.2623.112 Safari/537.36"
0:0:0:0:0:0:0:1 - - [21/Apr/2016:11:58:48 +0300] "GET /static/css/plugins/fancy-type/screen.css HTTP/1.1" 200 2351 "http://localhost:9001/login.jsp" "Mozilla/5.0 (Windows NT 6.1; WOW64) AppleWebKit/537.36 (KHTML, like Gecko) Chrome/49.0.2623.112 Safari/537.36"
0:0:0:0:0:0:0:1 - - [21/Apr/2016:11:58:48 +0300] "GET /static/css/style.css HTTP/1.1" 200 23829 "http://localhost:9001/login.jsp" "Mozilla/5.0 (Windows NT 6.1; WOW64) AppleWebKit/537.36 (KHTML, like Gecko) Chrome/49.0.2623.112 Safari/537.36"
0:0:0:0:0:0:0:1 - - [21/Apr/2016:11:58:49 +0300] "GET /static/js/jquery/jquery-1.6.2.min.js HTTP/1.1" 304 - "http://localhost:9001/login.jsp" "Mozilla/5.0 (Windows NT 6.1; WOW64) AppleWebKit/537.36 (KHTML, like Gecko) Chrome/49.0.2623.112 Safari/537.36"
0:0:0:0:0:0:0:1 - - [21/Apr/2016:11:58:51 +0300] "GET /static/img/login-hac.png HTTP/1.1" 200 15179 "http://localhost:9001/static/css/style.css" "Mozilla/5.0 (Windows NT 6.1; WOW64) AppleWebKit/537.36 (KHTML, like Gecko) Chrome/49.0.2623.112 Safari/537.36"
0:0:0:0:0:0:0:1 - - [21/Apr/2016:11:58:51 +0300] "GET /static/fonts/roboto-fontfacekit/Roboto-Light-webfont.woff HTTP/1.1" 200 21880 "http://localhost:9001/static/css/style.css" "Mozilla/5.0 (Windows NT 6.1; WOW64) AppleWebKit/537.36 (KHTML, like Gecko) Chrome/49.0.2623.112 Safari/537.36"
0:0:0:0:0:0:0:1 - - [21/Apr/2016:11:58:51 +0300] "GET /static/fonts/roboto-fontfacekit/Roboto-Regular-webfont.woff HTTP/1.1" 200 21764 "http://localhost:9001/static/css/style.css" "Mozilla/5.0 (Windows NT 6.1; WOW64) AppleWebKit/537.36 (KHTML, like Gecko) Chrome/49.0.2623.112 Safari/537.36"
0:0:0:0:0:0:0:1 - - [21/Apr/2016:11:58:52 +0300] "GET /static/img/favicon.png HTTP/1.1" 200 1191 "http://localhost:9001/login.jsp" "Mozilla/5.0 (Windows NT 6.1; WOW64) AppleWebKit/537.36 (KHTML, like Gecko) Chrome/49.0.2623.112 Safari/537.36"
0:0:0:0:0:0:0:1 - - [21/Apr/2016:12:01:04 +0300] "POST /j_spring_security_check HTTP/1.1" 302 - "http://localhost:9001/login.jsp" "Mozilla/5.0 (Windows NT 6.1; WOW64) AppleWebKit/537.36 (KHTML, like Gecko) Chrome/49.0.2623.112 Safari/537.36"
0:0:0:0:0:0:0:1 - - [21/Apr/2016:12:01:05 +0300] "GET / HTTP/1.1" 200 11709 "http://localhost:9001/login.jsp" "Mozilla/5.0 (Windows NT 6.1; WOW64) AppleWebKit/537.36 (KHTML, like Gecko) Chrome/49.0.2623.112 Safari/537.36"
0:0:0:0:0:0:0:1 - - [21/Apr/2016:12:01:05 +0300] "GET /static/css/home/index.css HTTP/1.1" 200 1619 "http://localhost:9001/" "Mozilla/5.0 (Windows NT 6.1; WOW64) AppleWebKit/537.36 (KHTML, like Gecko) Chrome/49.0.2623.112 Safari/537.36"
0:0:0:0:0:0:0:1 - - [21/Apr/2016:12:01:05 +0300] "GET /static/css/table.css HTTP/1.1" 200 9823 "http://localhost:9001/" "Mozilla/5.0 (Windows NT 6.1; WOW64) AppleWebKit/537.36 (KHTML, like Gecko) Chrome/49.0.2623.112 Safari/537.36"
0:0:0:0:0:0:0:1 - - [21/Apr/2016:12:01:05 +0300] "GET /static/css/custom-theme/jquery-ui-1.8.12.custom.css HTTP/1.1" 200 34390 "http://localhost:9001/" "Mozilla/5.0 (Windows NT 6.1; WOW64) AppleWebKit/537.36 (KHTML, like Gecko) Chrome/49.0.2623.112 Safari/537.36"
0:0:0:0:0:0:0:1 - - [21/Apr/2016:12:01:05 +0300] "GET /static/img/logo.png HTTP/1.1" 200 6718 "http://localhost:9001/" "Mozilla/5.0 (Windows NT 6.1; WOW64) AppleWebKit/537.36 (KHTML, like Gecko) Chrome/49.0.2623.112 Safari/537.36"
0:0:0:0:0:0:0:1 - - [21/Apr/2016:12:01:06 +0300] "GET /static/img/button_back.gif HTTP/1.1" 200 209 "http://localhost:9001/static/css/style.css" "Mozilla/5.0 (Windows NT 6.1; WOW64) AppleWebKit/537.36 (KHTML, like Gecko) Chrome/49.0.2623.112 Safari/537.36"
0:0:0:0:0:0:0:1 - - [21/Apr/2016:12:01:06 +0300] "GET /static/img/bodyBG.gif HTTP/1.1" 200 1769 "http://localhost:9001/static/css/style.css" "Mozilla/5.0 (Windows NT 6.1; WOW64) AppleWebKit/537.36 (KHTML, like Gecko) Chrome/49.0.2623.112 Safari/537.36"
0:0:0:0:0:0:0:1 - - [21/Apr/2016:12:01:06 +0300] "GET /static/img/magnifier.png HTTP/1.1" 200 1413 "http://localhost:9001/static/css/style.css" "Mozilla/5.0 (Windows NT 6.1; WOW64) AppleWebKit/537.36 (KHTML, like Gecko) Chrome/49.0.2623.112 Safari/537.36"
0:0:0:0:0:0:0:1 - - [21/Apr/2016:12:01:06 +0300] "GET /static/img/button_back_dark.gif HTTP/1.1" 200 1202 "http://localhost:9001/static/css/home/index.css" "Mozilla/5.0 (Windows NT 6.1; WOW64) AppleWebKit/537.36 (KHTML, like Gecko) Chrome/49.0.2623.112 Safari/537.36"
0:0:0:0:0:0:0:1 - - [21/Apr/2016:12:01:07 +0300] "GET /poll?chartId=osChart&timePeriod=300000&utcOffset=-14400000&_=1461229266466 HTTP/1.1" 200 136 "http://localhost:9001/" "Mozilla/5.0 (Windows NT 6.1; WOW64) AppleWebKit/537.36 (KHTML, like Gecko) Chrome/49.0.2623.112 Safari/537.36"
0:0:0:0:0:0:0:1 - - [21/Apr/2016:12:01:07 +0300] "GET /poll?chartId=sessionsChart&timePeriod=300000&utcOffset=-14400000&_=1461229266465 HTTP/1.1" 200 142 "http://localhost:9001/" "Mozilla/5.0 (Windows NT 6.1; WOW64) AppleWebKit/537.36 (KHTML, like Gecko) Chrome/49.0.2623.112 Safari/537.36"
0:0:0:0:0:0:0:1 - - [21/Apr/2016:12:01:07 +0300] "GET /poll?chartId=memoryChart&timePeriod=300000&utcOffset=-14400000&_=1461229266461 HTTP/1.1" 200 4213 "http://localhost:9001/" "Mozilla/5.0 (Windows NT 6.1; WOW64) AppleWebKit/537.36 (KHTML, like Gecko) Chrome/49.0.2623.112 Safari/537.36"
0:0:0:0:0:0:0:1 - - [21/Apr/2016:12:01:07 +0300] "GET /poll?chartId=threadsChart&timePeriod=300000&utcOffset=-14400000&_=1461229266463 HTTP/1.1" 200 1332 "http://localhost:9001/" "Mozilla/5.0 (Windows NT 6.1; WOW64) AppleWebKit/537.36 (KHTML, like Gecko) Chrome/49.0.2623.112 Safari/537.36"
0:0:0:0:0:0:0:1 - - [21/Apr/2016:12:01:07 +0300] "GET /static/css/custom-theme/images/ui-icons_888888_256x240.png HTTP/1.1" 200 4369 "http://localhost:9001/static/css/custom-theme/jquery-ui-1.8.12.custom.css" "Mozilla/5.0 (Windows NT 6.1; WOW64) AppleWebKit/537.36 (KHTML, like Gecko) Chrome/49.0.2623.112 Safari/537.36"
0:0:0:0:0:0:0:1 - - [21/Apr/2016:12:01:11 +0300] "GET /poll?chartId=sessionsChart&timePeriod=300000&utcOffset=-14400000&_=1461229271430 HTTP/1.1" 200 142 "http://localhost:9001/" "Mozilla/5.0 (Windows NT 6.1; WOW64) AppleWebKit/537.36 (KHTML, like Gecko) Chrome/49.0.2623.112 Safari/537.36"
0:0:0:0:0:0:0:1 - - [21/Apr/2016:12:01:11 +0300] "GET /poll?chartId=threadsChart&timePeriod=300000&utcOffset=-14400000&_=1461229271428 HTTP/1.1" 200 1332 "http://localhost:9001/" "Mozilla/5.0 (Windows NT 6.1; WOW64) AppleWebKit/537.36 (KHTML, like Gecko) Chrome/49.0.2623.112 Safari/537.36"
0:0:0:0:0:0:0:1 - - [21/Apr/2016:12:01:11 +0300] "GET /poll?chartId=memoryChart&timePeriod=300000&utcOffset=-14400000&_=1461229271427 HTTP/1.1" 200 4285 "http://localhost:9001/" "Mozilla/5.0 (Windows NT 6.1; WOW64) AppleWebKit/537.36 (KHTML, like Gecko) Chrome/49.0.2623.112 Safari/537.36"
0:0:0:0:0:0:0:1 - - [21/Apr/2016:12:01:11 +0300] "GET /poll?chartId=osChart&timePeriod=300000&utcOffset=-14400000&_=1461229271431 HTTP/1.1" 200 136 "http://localhost:9001/" "Mozilla/5.0 (Windows NT 6.1; WOW64) AppleWebKit/537.36 (KHTML, like Gecko) Chrome/49.0.2623.112 Safari/537.36"
0:0:0:0:0:0:0:1 - - [21/Apr/2016:12:01:16 +0300] "GET /poll?chartId=sessionsChart&timePeriod=300000&utcOffset=-14400000&_=1461229276429 HTTP/1.1" 200 142 "http://localhost:9001/" "Mozilla/5.0 (Windows NT 6.1; WOW64) AppleWebKit/537.36 (KHTML, like Gecko) Chrome/49.0.2623.112 Safari/537.36"
0:0:0:0:0:0:0:1 - - [21/Apr/2016:12:01:16 +0300] "GET /poll?chartId=threadsChart&timePeriod=300000&utcOffset=-14400000&_=1461229276428 HTTP/1.1" 200 1353 "http://localhost:9001/" "Mozilla/5.0 (Windows NT 6.1; WOW64) AppleWebKit/537.36 (KHTML, like Gecko) Chrome/49.0.2623.112 Safari/537.36"
0:0:0:0:0:0:0:1 - - [21/Apr/2016:12:01:16 +0300] "GET /poll?chartId=osChart&timePeriod=300000&utcOffset=-14400000&_=1461229276436 HTTP/1.1" 200 136 "http://localhost:9001/" "Mozilla/5.0 (Windows NT 6.1; WOW64) AppleWebKit/537.36 (KHTML, like Gecko) Chrome/49.0.2623.112 Safari/537.36"
0:0:0:0:0:0:0:1 - - [21/Apr/2016:12:01:16 +0300] "GET /poll?chartId=memoryChart&timePeriod=300000&utcOffset=-14400000&_=1461229276427 HTTP/1.1" 200 4359 "http://localhost:9001/" "Mozilla/5.0 (Windows NT 6.1; WOW64) AppleWebKit/537.36 (KHTML, like Gecko) Chrome/49.0.2623.112 Safari/537.36"
0:0:0:0:0:0:0:1 - - [21/Apr/2016:12:01:21 +0300] "GET /poll?chartId=threadsChart&timePeriod=300000&utcOffset=-14400000&_=1461229281428 HTTP/1.1" 200 1374 "http://localhost:9001/" "Mozilla/5.0 (Windows NT 6.1; WOW64) AppleWebKit/537.36 (KHTML, like Gecko) Chrome/49.0.2623.112 Safari/537.36"
0:0:0:0:0:0:0:1 - - [21/Apr/2016:12:01:21 +0300] "GET /poll?chartId=memoryChart&timePeriod=300000&utcOffset=-14400000&_=1461229281427 HTTP/1.1" 200 4433 "http://localhost:9001/" "Mozilla/5.0 (Windows NT 6.1; WOW64) AppleWebKit/537.36 (KHTML, like Gecko) Chrome/49.0.2623.112 Safari/537.36"
0:0:0:0:0:0:0:1 - - [21/Apr/2016:12:01:21 +0300] "GET /poll?chartId=sessionsChart&timePeriod=300000&utcOffset=-14400000&_=1461229281429 HTTP/1.1" 200 142 "http://localhost:9001/" "Mozilla/5.0 (Windows NT 6.1; WOW64) AppleWebKit/537.36 (KHTML, like Gecko) Chrome/49.0.2623.112 Safari/537.36"
0:0:0:0:0:0:0:1 - - [21/Apr/2016:12:01:21 +0300] "GET /poll?chartId=osChart&timePeriod=300000&utcOffset=-14400000&_=1461229281429 HTTP/1.1" 200 136 "http://localhost:9001/" "Mozilla/5.0 (Windows NT 6.1; WOW64) AppleWebKit/537.36 (KHTML, like Gecko) Chrome/49.0.2623.112 Safari/537.36"
0:0:0:0:0:0:0:1 - - [21/Apr/2016:12:01:26 +0300] "GET /poll?chartId=threadsChart&timePeriod=300000&utcOffset=-14400000&_=1461229286428 HTTP/1.1" 200 1395 "http://localhost:9001/" "Mozilla/5.0 (Windows NT 6.1; WOW64) AppleWebKit/537.36 (KHTML, like Gecko) Chrome/49.0.2623.112 Safari/537.36"
0:0:0:0:0:0:0:1 - - [21/Apr/2016:12:01:26 +0300] "GET /poll?chartId=sessionsChart&timePeriod=300000&utcOffset=-14400000&_=1461229286428 HTTP/1.1" 200 142 "http://localhost:9001/" "Mozilla/5.0 (Windows NT 6.1; WOW64) AppleWebKit/537.36 (KHTML, like Gecko) Chrome/49.0.2623.112 Safari/537.36"
0:0:0:0:0:0:0:1 - - [21/Apr/2016:12:01:26 +0300] "GET /poll?chartId=memoryChart&timePeriod=300000&utcOffset=-14400000&_=1461229286427 HTTP/1.1" 200 4508 "http://localhost:9001/" "Mozilla/5.0 (Windows NT 6.1; WOW64) AppleWebKit/537.36 (KHTML, like Gecko) Chrome/49.0.2623.112 Safari/537.36"
0:0:0:0:0:0:0:1 - - [21/Apr/2016:12:01:26 +0300] "GET /poll?chartId=osChart&timePeriod=300000&utcOffset=-14400000&_=1461229286429 HTTP/1.1" 200 136 "http://localhost:9001/" "Mozilla/5.0 (Windows NT 6.1; WOW64) AppleWebKit/537.36 (KHTML, like Gecko) Chrome/49.0.2623.112 Safari/537.36"
0:0:0:0:0:0:0:1 - - [21/Apr/2016:12:01:31 +0300] "GET /poll?chartId=sessionsChart&timePeriod=300000&utcOffset=-14400000&_=1461229291428 HTTP/1.1" 200 142 "http://localhost:9001/" "Mozilla/5.0 (Windows NT 6.1; WOW64) AppleWebKit/537.36 (KHTML, like Gecko) Chrome/49.0.2623.112 Safari/537.36"
0:0:0:0:0:0:0:1 - - [21/Apr/2016:12:01:31 +0300] "GET /poll?chartId=osChart&timePeriod=300000&utcOffset=-14400000&_=1461229291428 HTTP/1.1" 200 136 "http://localhost:9001/" "Mozilla/5.0 (Windows NT 6.1; WOW64) AppleWebKit/537.36 (KHTML, like Gecko) Chrome/49.0.2623.112 Safari/537.36"
0:0:0:0:0:0:0:1 - - [21/Apr/2016:12:01:31 +0300] "GET /poll?chartId=memoryChart&timePeriod=300000&utcOffset=-14400000&_=1461229291427 HTTP/1.1" 200 3948 "http://localhost:9001/" "Mozilla/5.0 (Windows NT 6.1; WOW64) AppleWebKit/537.36 (KHTML, like Gecko) Chrome/49.0.2623.112 Safari/537.36"
0:0:0:0:0:0:0:1 - - [21/Apr/2016:12:01:31 +0300] "GET /poll?chartId=threadsChart&timePeriod=300000&utcOffset=-14400000&_=1461229291428 HTTP/1.1" 200 1297 "http://localhost:9001/" "Mozilla/5.0 (Windows NT 6.1; WOW64) AppleWebKit/537.36 (KHTML, like Gecko) Chrome/49.0.2623.112 Safari/537.36"
0:0:0:0:0:0:0:1 - - [21/Apr/2016:12:01:36 +0300] "GET /poll?chartId=memoryChart&timePeriod=300000&utcOffset=-14400000&_=1461229296427 HTTP/1.1" 200 3947 "http://localhost:9001/" "Mozilla/5.0 (Windows NT 6.1; WOW64) AppleWebKit/537.36 (KHTML, like Gecko) Chrome/49.0.2623.112 Safari/537.36"
0:0:0:0:0:0:0:1 - - [21/Apr/2016:12:01:36 +0300] "GET /poll?chartId=threadsChart&timePeriod=300000&utcOffset=-14400000&_=1461229296431 HTTP/1.1" 200 1262 "http://localhost:9001/" "Mozilla/5.0 (Windows NT 6.1; WOW64) AppleWebKit/537.36 (KHTML, like Gecko) Chrome/49.0.2623.112 Safari/537.36"
0:0:0:0:0:0:0:1 - - [21/Apr/2016:12:01:36 +0300] "GET /poll?chartId=sessionsChart&timePeriod=300000&utcOffset=-14400000&_=1461229296435 HTTP/1.1" 200 142 "http://localhost:9001/" "Mozilla/5.0 (Windows NT 6.1; WOW64) AppleWebKit/537.36 (KHTML, like Gecko) Chrome/49.0.2623.112 Safari/537.36"
0:0:0:0:0:0:0:1 - - [21/Apr/2016:12:01:36 +0300] "GET /poll?chartId=osChart&timePeriod=300000&utcOffset=-14400000&_=1461229296438 HTTP/1.1" 200 136 "http://localhost:9001/" "Mozilla/5.0 (Windows NT 6.1; WOW64) AppleWebKit/537.36 (KHTML, like Gecko) Chrome/49.0.2623.112 Safari/537.36"
0:0:0:0:0:0:0:1 - - [21/Apr/2016:12:01:42 +0300] "GET /poll?chartId=memoryChart&timePeriod=300000&utcOffset=-14400000&_=1461229301996 HTTP/1.1" 200 3948 "http://localhost:9001/" "Mozilla/5.0 (Windows NT 6.1; WOW64) AppleWebKit/537.36 (KHTML, like Gecko) Chrome/49.0.2623.112 Safari/537.36"
0:0:0:0:0:0:0:1 - - [21/Apr/2016:12:01:42 +0300] "GET /poll?chartId=sessionsChart&timePeriod=300000&utcOffset=-14400000&_=1461229302000 HTTP/1.1" 200 142 "http://localhost:9001/" "Mozilla/5.0 (Windows NT 6.1; WOW64) AppleWebKit/537.36 (KHTML, like Gecko) Chrome/49.0.2623.112 Safari/537.36"
0:0:0:0:0:0:0:1 - - [21/Apr/2016:12:01:42 +0300] "GET /poll?chartId=threadsChart&timePeriod=300000&utcOffset=-14400000&_=1461229301999 HTTP/1.1" 200 1267 "http://localhost:9001/" "Mozilla/5.0 (Windows NT 6.1; WOW64) AppleWebKit/537.36 (KHTML, like Gecko) Chrome/49.0.2623.112 Safari/537.36"
0:0:0:0:0:0:0:1 - - [21/Apr/2016:12:01:42 +0300] "GET /poll?chartId=osChart&timePeriod=300000&utcOffset=-14400000&_=1461229302001 HTTP/1.1" 200 136 "http://localhost:9001/" "Mozilla/5.0 (Windows NT 6.1; WOW64) AppleWebKit/537.36 (KHTML, like Gecko) Chrome/49.0.2623.112 Safari/537.36"
0:0:0:0:0:0:0:1 - - [21/Apr/2016:12:01:47 +0300] "GET /poll?chartId=memoryChart&timePeriod=300000&utcOffset=-14400000&_=1461229306996 HTTP/1.1" 200 3947 "http://localhost:9001/" "Mozilla/5.0 (Windows NT 6.1; WOW64) AppleWebKit/537.36 (KHTML, like Gecko) Chrome/49.0.2623.112 Safari/537.36"
0:0:0:0:0:0:0:1 - - [21/Apr/2016:12:01:47 +0300] "GET /poll?chartId=threadsChart&timePeriod=300000&utcOffset=-14400000&_=1461229306996 HTTP/1.1" 200 1297 "http://localhost:9001/" "Mozilla/5.0 (Windows NT 6.1; WOW64) AppleWebKit/537.36 (KHTML, like Gecko) Chrome/49.0.2623.112 Safari/537.36"
0:0:0:0:0:0:0:1 - - [21/Apr/2016:12:01:47 +0300] "GET /poll?chartId=osChart&timePeriod=300000&utcOffset=-14400000&_=1461229306998 HTTP/1.1" 200 136 "http://localhost:9001/" "Mozilla/5.0 (Windows NT 6.1; WOW64) AppleWebKit/537.36 (KHTML, like Gecko) Chrome/49.0.2623.112 Safari/537.36"
0:0:0:0:0:0:0:1 - - [21/Apr/2016:12:01:47 +0300] "GET /poll?chartId=sessionsChart&timePeriod=300000&utcOffset=-14400000&_=1461229306997 HTTP/1.1" 200 142 "http://localhost:9001/" "Mozilla/5.0 (Windows NT 6.1; WOW64) AppleWebKit/537.36 (KHTML, like Gecko) Chrome/49.0.2623.112 Safari/537.36"
0:0:0:0:0:0:0:1 - - [21/Apr/2016:12:01:52 +0300] "GET /poll?chartId=memoryChart&timePeriod=300000&utcOffset=-14400000&_=1461229311996 HTTP/1.1" 200 3938 "http://localhost:9001/" "Mozilla/5.0 (Windows NT 6.1; WOW64) AppleWebKit/537.36 (KHTML, like Gecko) Chrome/49.0.2623.112 Safari/537.36"
0:0:0:0:0:0:0:1 - - [21/Apr/2016:12:01:52 +0300] "GET /poll?chartId=sessionsChart&timePeriod=300000&utcOffset=-14400000&_=1461229311999 HTTP/1.1" 200 142 "http://localhost:9001/" "Mozilla/5.0 (Windows NT 6.1; WOW64) AppleWebKit/537.36 (KHTML, like Gecko) Chrome/49.0.2623.112 Safari/537.36"
0:0:0:0:0:0:0:1 - - [21/Apr/2016:12:01:52 +0300] "GET /poll?chartId=osChart&timePeriod=300000&utcOffset=-14400000&_=1461229312005 HTTP/1.1" 200 136 "http://localhost:9001/" "Mozilla/5.0 (Windows NT 6.1; WOW64) AppleWebKit/537.36 (KHTML, like Gecko) Chrome/49.0.2623.112 Safari/537.36"
0:0:0:0:0:0:0:1 - - [21/Apr/2016:12:01:52 +0300] "GET /poll?chartId=threadsChart&timePeriod=300000&utcOffset=-14400000&_=1461229311997 HTTP/1.1" 200 1277 "http://localhost:9001/" "Mozilla/5.0 (Windows NT 6.1; WOW64) AppleWebKit/537.36 (KHTML, like Gecko) Chrome/49.0.2623.112 Safari/537.36"
0:0:0:0:0:0:0:1 - - [21/Apr/2016:12:01:56 +0300] "GET /poll?chartId=memoryChart&timePeriod=300000&utcOffset=-14400000&_=1461229316428 HTTP/1.1" 200 3950 "http://localhost:9001/" "Mozilla/5.0 (Windows NT 6.1; WOW64) AppleWebKit/537.36 (KHTML, like Gecko) Chrome/49.0.2623.112 Safari/537.36"
0:0:0:0:0:0:0:1 - - [21/Apr/2016:12:01:56 +0300] "GET /poll?chartId=osChart&timePeriod=300000&utcOffset=-14400000&_=1461229316436 HTTP/1.1" 200 136 "http://localhost:9001/" "Mozilla/5.0 (Windows NT 6.1; WOW64) AppleWebKit/537.36 (KHTML, like Gecko) Chrome/49.0.2623.112 Safari/537.36"
0:0:0:0:0:0:0:1 - - [21/Apr/2016:12:01:56 +0300] "GET /poll?chartId=sessionsChart&timePeriod=300000&utcOffset=-14400000&_=1461229316433 HTTP/1.1" 200 142 "http://localhost:9001/" "Mozilla/5.0 (Windows NT 6.1; WOW64) AppleWebKit/537.36 (KHTML, like Gecko) Chrome/49.0.2623.112 Safari/537.36"
0:0:0:0:0:0:0:1 - - [21/Apr/2016:12:01:56 +0300] "GET /poll?chartId=threadsChart&timePeriod=300000&utcOffset=-14400000&_=1461229316430 HTTP/1.1" 200 1282 "http://localhost:9001/" "Mozilla/5.0 (Windows NT 6.1; WOW64) AppleWebKit/537.36 (KHTML, like Gecko) Chrome/49.0.2623.112 Safari/537.36"
0:0:0:0:0:0:0:1 - - [21/Apr/2016:12:02:00 +0300] "GET /tenants/ HTTP/1.1" 200 10112 "http://localhost:9001/" "Mozilla/5.0 (Windows NT 6.1; WOW64) AppleWebKit/537.36 (KHTML, like Gecko) Chrome/49.0.2623.112 Safari/537.36"
0:0:0:0:0:0:0:1 - - [21/Apr/2016:12:02:00 +0300] "GET /static/css/tenants/index.css HTTP/1.1" 200 74 "http://localhost:9001/tenants/" "Mozilla/5.0 (Windows NT 6.1; WOW64) AppleWebKit/537.36 (KHTML, like Gecko) Chrome/49.0.2623.112 Safari/537.36"
0:0:0:0:0:0:0:1 - - [21/Apr/2016:12:02:01 +0300] "GET /static/js/tenants/index.js HTTP/1.1" 200 321 "http://localhost:9001/tenants/" "Mozilla/5.0 (Windows NT 6.1; WOW64) AppleWebKit/537.36 (KHTML, like Gecko) Chrome/49.0.2623.112 Safari/537.36"
0:0:0:0:0:0:0:1 - - [21/Apr/2016:12:02:01 +0300] "GET /static/img/tick.png HTTP/1.1" 200 537 "http://localhost:9001/tenants/" "Mozilla/5.0 (Windows NT 6.1; WOW64) AppleWebKit/537.36 (KHTML, like Gecko) Chrome/49.0.2623.112 Safari/537.36"
0:0:0:0:0:0:0:1 - - [21/Apr/2016:12:02:01 +0300] "GET /static/img/cross.png HTTP/1.1" 200 655 "http://localhost:9001/tenants/" "Mozilla/5.0 (Windows NT 6.1; WOW64) AppleWebKit/537.36 (KHTML, like Gecko) Chrome/49.0.2623.112 Safari/537.36"
0:0:0:0:0:0:0:1 - - [21/Apr/2016:12:02:01 +0300] "GET /static/img/datatables/forward_disabled.jpg HTTP/1.1" 200 635 "http://localhost:9001/static/css/table.css" "Mozilla/5.0 (Windows NT 6.1; WOW64) AppleWebKit/537.36 (KHTML, like Gecko) Chrome/49.0.2623.112 Safari/537.36"
0:0:0:0:0:0:0:1 - - [21/Apr/2016:12:02:01 +0300] "GET /static/img/datatables/back_disabled.jpg HTTP/1.1" 200 612 "http://localhost:9001/static/css/table.css" "Mozilla/5.0 (Windows NT 6.1; WOW64) AppleWebKit/537.36 (KHTML, like Gecko) Chrome/49.0.2623.112 Safari/537.36"
0:0:0:0:0:0:0:1 - - [21/Apr/2016:12:03:18 +0300] "GET /tenants/junit/edit HTTP/1.1" 200 30753 "http://localhost:9001/tenants/" "Mozilla/5.0 (Windows NT 6.1; WOW64) AppleWebKit/537.36 (KHTML, like Gecko) Chrome/49.0.2623.112 Safari/537.36"
0:0:0:0:0:0:0:1 - - [21/Apr/2016:12:03:19 +0300] "GET /static/css/tenants/new_edit.css HTTP/1.1" 200 293 "http://localhost:9001/tenants/junit/edit" "Mozilla/5.0 (Windows NT 6.1; WOW64) AppleWebKit/537.36 (KHTML, like Gecko) Chrome/49.0.2623.112 Safari/537.36"
0:0:0:0:0:0:0:1 - - [21/Apr/2016:12:03:19 +0300] "GET /static/js/tenants/new_edit.js HTTP/1.1" 200 729 "http://localhost:9001/tenants/junit/edit" "Mozilla/5.0 (Windows NT 6.1; WOW64) AppleWebKit/537.36 (KHTML, like Gecko) Chrome/49.0.2623.112 Safari/537.36"
0:0:0:0:0:0:0:1 - - [21/Apr/2016:12:03:19 +0300] "GET /static/img/datatables/sort_asc.png HTTP/1.1" 200 263 "http://localhost:9001/static/css/table.css" "Mozilla/5.0 (Windows NT 6.1; WOW64) AppleWebKit/537.36 (KHTML, like Gecko) Chrome/49.0.2623.112 Safari/537.36"
0:0:0:0:0:0:0:1 - - [21/Apr/2016:12:03:19 +0300] "GET /static/img/datatables/sort_both.png HTTP/1.1" 200 282 "http://localhost:9001/static/css/table.css" "Mozilla/5.0 (Windows NT 6.1; WOW64) AppleWebKit/537.36 (KHTML, like Gecko) Chrome/49.0.2623.112 Safari/537.36"
0:0:0:0:0:0:0:1 - - [21/Apr/2016:12:04:11 +0300] "GET /hac_junit/platform/init/? HTTP/1.1" 200 11939 "http://localhost:9001/tenants/junit/edit" "Mozilla/5.0 (Windows NT 6.1; WOW64) AppleWebKit/537.36 (KHTML, like Gecko) Chrome/49.0.2623.112 Safari/537.36"
0:0:0:0:0:0:0:1 - - [21/Apr/2016:12:04:11 +0300] "GET /hac_junit/static/css/blueprint.css HTTP/1.1" 200 12214 "http://localhost:9001/hac_junit/platform/init/?" "Mozilla/5.0 (Windows NT 6.1; WOW64) AppleWebKit/537.36 (KHTML, like Gecko) Chrome/49.0.2623.112 Safari/537.36"
0:0:0:0:0:0:0:1 - - [21/Apr/2016:12:04:11 +0300] "GET /hac_junit/static/css/plugins/fancy-type/screen.css HTTP/1.1" 200 2351 "http://localhost:9001/hac_junit/platform/init/?" "Mozilla/5.0 (Windows NT 6.1; WOW64) AppleWebKit/537.36 (KHTML, like Gecko) Chrome/49.0.2623.112 Safari/537.36"
0:0:0:0:0:0:0:1 - - [21/Apr/2016:12:04:11 +0300] "GET /hac_junit/static/css/plugins/buttons/screen.css HTTP/1.1" 200 2004 "http://localhost:9001/hac_junit/platform/init/?" "Mozilla/5.0 (Windows NT 6.1; WOW64) AppleWebKit/537.36 (KHTML, like Gecko) Chrome/49.0.2623.112 Safari/537.36"
0:0:0:0:0:0:0:1 - - [21/Apr/2016:12:04:11 +0300] "GET /hac_junit/static/css/custom-theme/jquery-ui-1.8.12.custom.css HTTP/1.1" 200 34390 "http://localhost:9001/hac_junit/platform/init/?" "Mozilla/5.0 (Windows NT 6.1; WOW64) AppleWebKit/537.36 (KHTML, like Gecko) Chrome/49.0.2623.112 Safari/537.36"
0:0:0:0:0:0:0:1 - - [21/Apr/2016:12:04:11 +0300] "GET /hac_junit/static/css/style.css HTTP/1.1" 200 23829 "http://localhost:9001/hac_junit/platform/init/?" "Mozilla/5.0 (Windows NT 6.1; WOW64) AppleWebKit/537.36 (KHTML, like Gecko) Chrome/49.0.2623.112 Safari/537.36"
0:0:0:0:0:0:0:1 - - [21/Apr/2016:12:04:11 +0300] "GET /hac_junit/static/css/platform/init.css HTTP/1.1" 200 527 "http://localhost:9001/hac_junit/platform/init/?" "Mozilla/5.0 (Windows NT 6.1; WOW64) AppleWebKit/537.36 (KHTML, like Gecko) Chrome/49.0.2623.112 Safari/537.36"
0:0:0:0:0:0:0:1 - - [21/Apr/2016:12:04:11 +0300] "GET /hac_junit/static/js/jquery/jquery-1.6.2.min.js HTTP/1.1" 200 91556 "http://localhost:9001/hac_junit/platform/init/?" "Mozilla/5.0 (Windows NT 6.1; WOW64) AppleWebKit/537.36 (KHTML, like Gecko) Chrome/49.0.2623.112 Safari/537.36"
0:0:0:0:0:0:0:1 - - [21/Apr/2016:12:04:11 +0300] "GET /hac_junit/static/js/global.js HTTP/1.1" 200 5461 "http://localhost:9001/hac_junit/platform/init/?" "Mozilla/5.0 (Windows NT 6.1; WOW64) AppleWebKit/537.36 (KHTML, like Gecko) Chrome/49.0.2623.112 Safari/537.36"
0:0:0:0:0:0:0:1 - - [21/Apr/2016:12:04:11 +0300] "GET /hac_junit/static/js/ba-debug.min.js HTTP/1.1" 200 1202 "http://localhost:9001/hac_junit/platform/init/?" "Mozilla/5.0 (Windows NT 6.1; WOW64) AppleWebKit/537.36 (KHTML, like Gecko) Chrome/49.0.2623.112 Safari/537.36"
0:0:0:0:0:0:0:1 - - [21/Apr/2016:12:04:11 +0300] "GET /hac_junit/static/js/jquery.cookie.js HTTP/1.1" 200 3713 "http://localhost:9001/hac_junit/platform/init/?" "Mozilla/5.0 (Windows NT 6.1; WOW64) AppleWebKit/537.36 (KHTML, like Gecko) Chrome/49.0.2623.112 Safari/537.36"
0:0:0:0:0:0:0:1 - - [21/Apr/2016:12:04:11 +0300] "GET /hac_junit/static/js/jquery.validate.min.js HTTP/1.1" 200 21078 "http://localhost:9001/hac_junit/platform/init/?" "Mozilla/5.0 (Windows NT 6.1; WOW64) AppleWebKit/537.36 (KHTML, like Gecko) Chrome/49.0.2623.112 Safari/537.36"
0:0:0:0:0:0:0:1 - - [21/Apr/2016:12:04:11 +0300] "GET /hac_junit/static/js/searchsuggest.js HTTP/1.1" 200 5419 "http://localhost:9001/hac_junit/platform/init/?" "Mozilla/5.0 (Windows NT 6.1; WOW64) AppleWebKit/537.36 (KHTML, like Gecko) Chrome/49.0.2623.112 Safari/537.36"
0:0:0:0:0:0:0:1 - - [21/Apr/2016:12:04:11 +0300] "GET /hac_junit/static/js/history.js HTTP/1.1" 200 2368 "http://localhost:9001/hac_junit/platform/init/?" "Mozilla/5.0 (Windows NT 6.1; WOW64) AppleWebKit/537.36 (KHTML, like Gecko) Chrome/49.0.2623.112 Safari/537.36"
0:0:0:0:0:0:0:1 - - [21/Apr/2016:12:04:11 +0300] "GET /hac_junit/static/js/platform/init.js HTTP/1.1" 200 11127 "http://localhost:9001/hac_junit/platform/init/?" "Mozilla/5.0 (Windows NT 6.1; WOW64) AppleWebKit/537.36 (KHTML, like Gecko) Chrome/49.0.2623.112 Safari/537.36"
0:0:0:0:0:0:0:1 - - [21/Apr/2016:12:04:11 +0300] "GET /hac_junit/static/js/jquery-ui-1.8.12.custom.min.js HTTP/1.1" 200 208528 "http://localhost:9001/hac_junit/platform/init/?" "Mozilla/5.0 (Windows NT 6.1; WOW64) AppleWebKit/537.36 (KHTML, like Gecko) Chrome/49.0.2623.112 Safari/537.36"
0:0:0:0:0:0:0:1 - - [21/Apr/2016:12:04:11 +0300] "GET /hac_junit/static/js/application.js HTTP/1.1" 200 3841 "http://localhost:9001/hac_junit/platform/init/?" "Mozilla/5.0 (Windows NT 6.1; WOW64) AppleWebKit/537.36 (KHTML, like Gecko) Chrome/49.0.2623.112 Safari/537.36"
0:0:0:0:0:0:0:1 - - [21/Apr/2016:12:04:11 +0300] "GET /hac_junit/static/img/logo.png HTTP/1.1" 200 6718 "http://localhost:9001/hac_junit/platform/init/?" "Mozilla/5.0 (Windows NT 6.1; WOW64) AppleWebKit/537.36 (KHTML, like Gecko) Chrome/49.0.2623.112 Safari/537.36"
0:0:0:0:0:0:0:1 - - [21/Apr/2016:12:04:11 +0300] "GET /hac_junit/static/js/modernizr.custom.19066.js HTTP/1.1" 200 13745 "http://localhost:9001/hac_junit/platform/init/?" "Mozilla/5.0 (Windows NT 6.1; WOW64) AppleWebKit/537.36 (KHTML, like Gecko) Chrome/49.0.2623.112 Safari/537.36"
0:0:0:0:0:0:0:1 - - [21/Apr/2016:12:04:12 +0300] "GET /hac_junit/static/img/magnifier.png HTTP/1.1" 200 1413 "http://localhost:9001/hac_junit/static/css/style.css" "Mozilla/5.0 (Windows NT 6.1; WOW64) AppleWebKit/537.36 (KHTML, like Gecko) Chrome/49.0.2623.112 Safari/537.36"
0:0:0:0:0:0:0:1 - - [21/Apr/2016:12:04:12 +0300] "GET /hac_junit/static/img/bodyBG.gif HTTP/1.1" 200 1769 "http://localhost:9001/hac_junit/static/css/style.css" "Mozilla/5.0 (Windows NT 6.1; WOW64) AppleWebKit/537.36 (KHTML, like Gecko) Chrome/49.0.2623.112 Safari/537.36"
0:0:0:0:0:0:0:1 - - [21/Apr/2016:12:04:12 +0300] "GET /hac_junit/static/img/button_back_dark.gif HTTP/1.1" 200 1202 "http://localhost:9001/hac_junit/static/css/style.css" "Mozilla/5.0 (Windows NT 6.1; WOW64) AppleWebKit/537.36 (KHTML, like Gecko) Chrome/49.0.2623.112 Safari/537.36"
0:0:0:0:0:0:0:1 - - [21/Apr/2016:12:04:12 +0300] "GET /hac_junit/static/img/button_back.gif HTTP/1.1" 200 209 "http://localhost:9001/hac_junit/static/css/style.css" "Mozilla/5.0 (Windows NT 6.1; WOW64) AppleWebKit/537.36 (KHTML, like Gecko) Chrome/49.0.2623.112 Safari/537.36"
0:0:0:0:0:0:0:1 - - [21/Apr/2016:12:04:12 +0300] "GET /hac_junit/static/img/badge.png HTTP/1.1" 200 1980 "http://localhost:9001/hac_junit/static/css/style.css" "Mozilla/5.0 (Windows NT 6.1; WOW64) AppleWebKit/537.36 (KHTML, like Gecko) Chrome/49.0.2623.112 Safari/537.36"
0:0:0:0:0:0:0:1 - - [21/Apr/2016:12:04:12 +0300] "GET /hac_junit/platform/init/data/ HTTP/1.1" 200 3860 "http://localhost:9001/hac_junit/platform/init/?" "Mozilla/5.0 (Windows NT 6.1; WOW64) AppleWebKit/537.36 (KHTML, like Gecko) Chrome/49.0.2623.112 Safari/537.36"
0:0:0:0:0:0:0:1 - - [21/Apr/2016:12:04:12 +0300] "GET /hac_junit/static/img/favicon.png HTTP/1.1" 200 1191 "http://localhost:9001/hac_junit/platform/init/?" "Mozilla/5.0 (Windows NT 6.1; WOW64) AppleWebKit/537.36 (KHTML, like Gecko) Chrome/49.0.2623.112 Safari/537.36"
0:0:0:0:0:0:0:1 - - [21/Apr/2016:12:05:36 +0300] "GET /hac_junit/static/img/spinner.gif HTTP/1.1" 200 723 "http://localhost:9001/hac_junit/platform/init/?" "Mozilla/5.0 (Windows NT 6.1; WOW64) AppleWebKit/537.36 (KHTML, like Gecko) Chrome/49.0.2623.112 Safari/537.36"
0:0:0:0:0:0:0:1 - - [21/Apr/2016:12:05:38 +0300] "GET /hac_junit/initlog/log?_=1461229538251 HTTP/1.1" 200 356 "http://localhost:9001/hac_junit/platform/init/?" "Mozilla/5.0 (Windows NT 6.1; WOW64) AppleWebKit/537.36 (KHTML, like Gecko) Chrome/49.0.2623.112 Safari/537.36"
0:0:0:0:0:0:0:1 - - [21/Apr/2016:12:05:41 +0300] "GET /hac_junit/initlog/log?_=1461229541127 HTTP/1.1" 200 356 "http://localhost:9001/hac_junit/platform/init/?" "Mozilla/5.0 (Windows NT 6.1; WOW64) AppleWebKit/537.36 (KHTML, like Gecko) Chrome/49.0.2623.112 Safari/537.36"
0:0:0:0:0:0:0:1 - - [21/Apr/2016:12:05:42 +0300] "GET /hac_junit/initlog/log?_=1461229542534 HTTP/1.1" 200 356 "http://localhost:9001/hac_junit/platform/init/?" "Mozilla/5.0 (Windows NT 6.1; WOW64) AppleWebKit/537.36 (KHTML, like Gecko) Chrome/49.0.2623.112 Safari/537.36"
0:0:0:0:0:0:0:1 - - [21/Apr/2016:12:05:45 +0300] "GET /hac_junit/initlog/log?_=1461229544423 HTTP/1.1" 200 356 "http://localhost:9001/hac_junit/platform/init/?" "Mozilla/5.0 (Windows NT 6.1; WOW64) AppleWebKit/537.36 (KHTML, like Gecko) Chrome/49.0.2623.112 Safari/537.36"
0:0:0:0:0:0:0:1 - - [21/Apr/2016:12:05:47 +0300] "GET /hac_junit/initlog/log?_=1461229547001 HTTP/1.1" 200 356 "http://localhost:9001/hac_junit/platform/init/?" "Mozilla/5.0 (Windows NT 6.1; WOW64) AppleWebKit/537.36 (KHTML, like Gecko) Chrome/49.0.2623.112 Safari/537.36"
0:0:0:0:0:0:0:1 - - [21/Apr/2016:12:05:49 +0300] "GET /hac_junit/initlog/log?_=1461229549002 HTTP/1.1" 200 356 "http://localhost:9001/hac_junit/platform/init/?" "Mozilla/5.0 (Windows NT 6.1; WOW64) AppleWebKit/537.36 (KHTML, like Gecko) Chrome/49.0.2623.112 Safari/537.36"
0:0:0:0:0:0:0:1 - - [21/Apr/2016:12:05:51 +0300] "GET /hac_junit/initlog/log?_=1461229551002 HTTP/1.1" 200 356 "http://localhost:9001/hac_junit/platform/init/?" "Mozilla/5.0 (Windows NT 6.1; WOW64) AppleWebKit/537.36 (KHTML, like Gecko) Chrome/49.0.2623.112 Safari/537.36"
0:0:0:0:0:0:0:1 - - [21/Apr/2016:12:05:53 +0300] "GET /hac_junit/initlog/log?_=1461229553002 HTTP/1.1" 200 356 "http://localhost:9001/hac_junit/platform/init/?" "Mozilla/5.0 (Windows NT 6.1; WOW64) AppleWebKit/537.36 (KHTML, like Gecko) Chrome/49.0.2623.112 Safari/537.36"
0:0:0:0:0:0:0:1 - - [21/Apr/2016:12:05:55 +0300] "GET /hac_junit/initlog/log?_=1461229555004 HTTP/1.1" 200 356 "http://localhost:9001/hac_junit/platform/init/?" "Mozilla/5.0 (Windows NT 6.1; WOW64) AppleWebKit/537.36 (KHTML, like Gecko) Chrome/49.0.2623.112 Safari/537.36"
0:0:0:0:0:0:0:1 - - [21/Apr/2016:12:05:57 +0300] "GET /hac_junit/initlog/log?_=1461229557003 HTTP/1.1" 200 356 "http://localhost:9001/hac_junit/platform/init/?" "Mozilla/5.0 (Windows NT 6.1; WOW64) AppleWebKit/537.36 (KHTML, like Gecko) Chrome/49.0.2623.112 Safari/537.36"
0:0:0:0:0:0:0:1 - - [21/Apr/2016:12:05:59 +0300] "GET /hac_junit/initlog/log?_=1461229559002 HTTP/1.1" 200 356 "http://localhost:9001/hac_junit/platform/init/?" "Mozilla/5.0 (Windows NT 6.1; WOW64) AppleWebKit/537.36 (KHTML, like Gecko) Chrome/49.0.2623.112 Safari/537.36"
0:0:0:0:0:0:0:1 - - [21/Apr/2016:12:06:01 +0300] "GET /hac_junit/initlog/log?_=1461229561003 HTTP/1.1" 200 356 "http://localhost:9001/hac_junit/platform/init/?" "Mozilla/5.0 (Windows NT 6.1; WOW64) AppleWebKit/537.36 (KHTML, like Gecko) Chrome/49.0.2623.112 Safari/537.36"
0:0:0:0:0:0:0:1 - - [21/Apr/2016:12:06:03 +0300] "GET /hac_junit/initlog/log?_=1461229563002 HTTP/1.1" 200 356 "http://localhost:9001/hac_junit/platform/init/?" "Mozilla/5.0 (Windows NT 6.1; WOW64) AppleWebKit/537.36 (KHTML, like Gecko) Chrome/49.0.2623.112 Safari/537.36"
0:0:0:0:0:0:0:1 - - [21/Apr/2016:12:06:05 +0300] "GET /hac_junit/initlog/log?_=1461229565002 HTTP/1.1" 200 356 "http://localhost:9001/hac_junit/platform/init/?" "Mozilla/5.0 (Windows NT 6.1; WOW64) AppleWebKit/537.36 (KHTML, like Gecko) Chrome/49.0.2623.112 Safari/537.36"
0:0:0:0:0:0:0:1 - - [21/Apr/2016:12:06:07 +0300] "GET /hac_junit/initlog/log?_=1461229566782 HTTP/1.1" 200 356 "http://localhost:9001/hac_junit/platform/init/?" "Mozilla/5.0 (Windows NT 6.1; WOW64) AppleWebKit/537.36 (KHTML, like Gecko) Chrome/49.0.2623.112 Safari/537.36"
0:0:0:0:0:0:0:1 - - [21/Apr/2016:12:06:08 +0300] "GET /hac_junit/initlog/log?_=1461229568217 HTTP/1.1" 200 356 "http://localhost:9001/hac_junit/platform/init/?" "Mozilla/5.0 (Windows NT 6.1; WOW64) AppleWebKit/537.36 (KHTML, like Gecko) Chrome/49.0.2623.112 Safari/537.36"
0:0:0:0:0:0:0:1 - - [21/Apr/2016:12:06:10 +0300] "GET /hac_junit/initlog/log?_=1461229570217 HTTP/1.1" 200 356 "http://localhost:9001/hac_junit/platform/init/?" "Mozilla/5.0 (Windows NT 6.1; WOW64) AppleWebKit/537.36 (KHTML, like Gecko) Chrome/49.0.2623.112 Safari/537.36"
0:0:0:0:0:0:0:1 - - [21/Apr/2016:12:06:12 +0300] "GET /hac_junit/initlog/log?_=1461229572218 HTTP/1.1" 200 356 "http://localhost:9001/hac_junit/platform/init/?" "Mozilla/5.0 (Windows NT 6.1; WOW64) AppleWebKit/537.36 (KHTML, like Gecko) Chrome/49.0.2623.112 Safari/537.36"
0:0:0:0:0:0:0:1 - - [21/Apr/2016:12:06:14 +0300] "GET /hac_junit/initlog/log?_=1461229574218 HTTP/1.1" 200 356 "http://localhost:9001/hac_junit/platform/init/?" "Mozilla/5.0 (Windows NT 6.1; WOW64) AppleWebKit/537.36 (KHTML, like Gecko) Chrome/49.0.2623.112 Safari/537.36"
0:0:0:0:0:0:0:1 - - [21/Apr/2016:12:06:16 +0300] "GET /hac_junit/initlog/log?_=1461229576218 HTTP/1.1" 200 356 "http://localhost:9001/hac_junit/platform/init/?" "Mozilla/5.0 (Windows NT 6.1; WOW64) AppleWebKit/537.36 (KHTML, like Gecko) Chrome/49.0.2623.112 Safari/537.36"
0:0:0:0:0:0:0:1 - - [21/Apr/2016:12:06:18 +0300] "GET /hac_junit/initlog/log?_=1461229578238 HTTP/1.1" 200 356 "http://localhost:9001/hac_junit/platform/init/?" "Mozilla/5.0 (Windows NT 6.1; WOW64) AppleWebKit/537.36 (KHTML, like Gecko) Chrome/49.0.2623.112 Safari/537.36"
0:0:0:0:0:0:0:1 - - [21/Apr/2016:12:06:20 +0300] "GET /hac_junit/initlog/log?_=1461229580218 HTTP/1.1" 200 356 "http://localhost:9001/hac_junit/platform/init/?" "Mozilla/5.0 (Windows NT 6.1; WOW64) AppleWebKit/537.36 (KHTML, like Gecko) Chrome/49.0.2623.112 Safari/537.36"
0:0:0:0:0:0:0:1 - - [21/Apr/2016:12:06:22 +0300] "GET /hac_junit/initlog/log?_=1461229582218 HTTP/1.1" 200 356 "http://localhost:9001/hac_junit/platform/init/?" "Mozilla/5.0 (Windows NT 6.1; WOW64) AppleWebKit/537.36 (KHTML, like Gecko) Chrome/49.0.2623.112 Safari/537.36"
0:0:0:0:0:0:0:1 - - [21/Apr/2016:12:06:24 +0300] "GET /hac_junit/initlog/log?_=1461229584218 HTTP/1.1" 200 356 "http://localhost:9001/hac_junit/platform/init/?" "Mozilla/5.0 (Windows NT 6.1; WOW64) AppleWebKit/537.36 (KHTML, like Gecko) Chrome/49.0.2623.112 Safari/537.36"
0:0:0:0:0:0:0:1 - - [21/Apr/2016:12:06:26 +0300] "GET /hac_junit/initlog/log?_=1461229586218 HTTP/1.1" 200 356 "http://localhost:9001/hac_junit/platform/init/?" "Mozilla/5.0 (Windows NT 6.1; WOW64) AppleWebKit/537.36 (KHTML, like Gecko) Chrome/49.0.2623.112 Safari/537.36"
0:0:0:0:0:0:0:1 - - [21/Apr/2016:12:06:29 +0300] "GET /hac_junit/initlog/log?_=1461229588349 HTTP/1.1" 200 393 "http://localhost:9001/hac_junit/platform/init/?" "Mozilla/5.0 (Windows NT 6.1; WOW64) AppleWebKit/537.36 (KHTML, like Gecko) Chrome/49.0.2623.112 Safari/537.36"
0:0:0:0:0:0:0:1 - - [21/Apr/2016:12:06:32 +0300] "GET /hac_junit/initlog/log?_=1461229591047 HTTP/1.1" 200 506 "http://localhost:9001/hac_junit/platform/init/?" "Mozilla/5.0 (Windows NT 6.1; WOW64) AppleWebKit/537.36 (KHTML, like Gecko) Chrome/49.0.2623.112 Safari/537.36"
0:0:0:0:0:0:0:1 - - [21/Apr/2016:12:06:33 +0300] "GET /hac_junit/initlog/log?_=1461229593007 HTTP/1.1" 200 668 "http://localhost:9001/hac_junit/platform/init/?" "Mozilla/5.0 (Windows NT 6.1; WOW64) AppleWebKit/537.36 (KHTML, like Gecko) Chrome/49.0.2623.112 Safari/537.36"
0:0:0:0:0:0:0:1 - - [21/Apr/2016:12:06:36 +0300] "GET /hac_junit/initlog/log?_=1461229596167 HTTP/1.1" 200 1078 "http://localhost:9001/hac_junit/platform/init/?" "Mozilla/5.0 (Windows NT 6.1; WOW64) AppleWebKit/537.36 (KHTML, like Gecko) Chrome/49.0.2623.112 Safari/537.36"
0:0:0:0:0:0:0:1 - - [21/Apr/2016:12:06:37 +0300] "GET /hac_junit/initlog/log?_=1461229597561 HTTP/1.1" 200 1124 "http://localhost:9001/hac_junit/platform/init/?" "Mozilla/5.0 (Windows NT 6.1; WOW64) AppleWebKit/537.36 (KHTML, like Gecko) Chrome/49.0.2623.112 Safari/537.36"
0:0:0:0:0:0:0:1 - - [21/Apr/2016:12:06:39 +0300] "GET /hac_junit/initlog/log?_=1461229599002 HTTP/1.1" 200 1223 "http://localhost:9001/hac_junit/platform/init/?" "Mozilla/5.0 (Windows NT 6.1; WOW64) AppleWebKit/537.36 (KHTML, like Gecko) Chrome/49.0.2623.112 Safari/537.36"
0:0:0:0:0:0:0:1 - - [21/Apr/2016:12:06:41 +0300] "GET /hac_junit/initlog/log?_=1461229601002 HTTP/1.1" 200 1223 "http://localhost:9001/hac_junit/platform/init/?" "Mozilla/5.0 (Windows NT 6.1; WOW64) AppleWebKit/537.36 (KHTML, like Gecko) Chrome/49.0.2623.112 Safari/537.36"
0:0:0:0:0:0:0:1 - - [21/Apr/2016:12:06:43 +0300] "GET /hac_junit/initlog/log?_=1461229603011 HTTP/1.1" 200 1223 "http://localhost:9001/hac_junit/platform/init/?" "Mozilla/5.0 (Windows NT 6.1; WOW64) AppleWebKit/537.36 (KHTML, like Gecko) Chrome/49.0.2623.112 Safari/537.36"
0:0:0:0:0:0:0:1 - - [21/Apr/2016:12:06:45 +0300] "GET /hac_junit/initlog/log?_=1461229605002 HTTP/1.1" 200 1377 "http://localhost:9001/hac_junit/platform/init/?" "Mozilla/5.0 (Windows NT 6.1; WOW64) AppleWebKit/537.36 (KHTML, like Gecko) Chrome/49.0.2623.112 Safari/537.36"
0:0:0:0:0:0:0:1 - - [21/Apr/2016:12:06:47 +0300] "GET /hac_junit/initlog/log?_=1461229607003 HTTP/1.1" 200 1774 "http://localhost:9001/hac_junit/platform/init/?" "Mozilla/5.0 (Windows NT 6.1; WOW64) AppleWebKit/537.36 (KHTML, like Gecko) Chrome/49.0.2623.112 Safari/537.36"
0:0:0:0:0:0:0:1 - - [21/Apr/2016:12:06:49 +0300] "GET /hac_junit/initlog/log?_=1461229609003 HTTP/1.1" 200 1774 "http://localhost:9001/hac_junit/platform/init/?" "Mozilla/5.0 (Windows NT 6.1; WOW64) AppleWebKit/537.36 (KHTML, like Gecko) Chrome/49.0.2623.112 Safari/537.36"
0:0:0:0:0:0:0:1 - - [21/Apr/2016:12:06:51 +0300] "GET /hac_junit/initlog/log?_=1461229611049 HTTP/1.1" 200 1774 "http://localhost:9001/hac_junit/platform/init/?" "Mozilla/5.0 (Windows NT 6.1; WOW64) AppleWebKit/537.36 (KHTML, like Gecko) Chrome/49.0.2623.112 Safari/537.36"
0:0:0:0:0:0:0:1 - - [21/Apr/2016:12:06:53 +0300] "GET /hac_junit/initlog/log?_=1461229613154 HTTP/1.1" 200 1820 "http://localhost:9001/hac_junit/platform/init/?" "Mozilla/5.0 (Windows NT 6.1; WOW64) AppleWebKit/537.36 (KHTML, like Gecko) Chrome/49.0.2623.112 Safari/537.36"
0:0:0:0:0:0:0:1 - - [21/Apr/2016:12:06:54 +0300] "GET /hac_junit/initlog/log?_=1461229614470 HTTP/1.1" 200 1820 "http://localhost:9001/hac_junit/platform/init/?" "Mozilla/5.0 (Windows NT 6.1; WOW64) AppleWebKit/537.36 (KHTML, like Gecko) Chrome/49.0.2623.112 Safari/537.36"
0:0:0:0:0:0:0:1 - - [21/Apr/2016:12:06:57 +0300] "GET /hac_junit/initlog/log?_=1461229617008 HTTP/1.1" 200 2028 "http://localhost:9001/hac_junit/platform/init/?" "Mozilla/5.0 (Windows NT 6.1; WOW64) AppleWebKit/537.36 (KHTML, like Gecko) Chrome/49.0.2623.112 Safari/537.36"
0:0:0:0:0:0:0:1 - - [21/Apr/2016:12:06:59 +0300] "GET /hac_junit/initlog/log?_=1461229619035 HTTP/1.1" 200 2028 "http://localhost:9001/hac_junit/platform/init/?" "Mozilla/5.0 (Windows NT 6.1; WOW64) AppleWebKit/537.36 (KHTML, like Gecko) Chrome/49.0.2623.112 Safari/537.36"
0:0:0:0:0:0:0:1 - - [21/Apr/2016:12:07:01 +0300] "GET /hac_junit/initlog/log?_=1461229621018 HTTP/1.1" 200 2028 "http://localhost:9001/hac_junit/platform/init/?" "Mozilla/5.0 (Windows NT 6.1; WOW64) AppleWebKit/537.36 (KHTML, like Gecko) Chrome/49.0.2623.112 Safari/537.36"
0:0:0:0:0:0:0:1 - - [21/Apr/2016:12:07:02 +0300] "GET /hac_junit/initlog/log?_=1461229622219 HTTP/1.1" 200 2028 "http://localhost:9001/hac_junit/platform/init/?" "Mozilla/5.0 (Windows NT 6.1; WOW64) AppleWebKit/537.36 (KHTML, like Gecko) Chrome/49.0.2623.112 Safari/537.36"
0:0:0:0:0:0:0:1 - - [21/Apr/2016:12:07:04 +0300] "GET /hac_junit/initlog/log?_=1461229624669 HTTP/1.1" 200 2175 "http://localhost:9001/hac_junit/platform/init/?" "Mozilla/5.0 (Windows NT 6.1; WOW64) AppleWebKit/537.36 (KHTML, like Gecko) Chrome/49.0.2623.112 Safari/537.36"
0:0:0:0:0:0:0:1 - - [21/Apr/2016:12:07:09 +0300] "GET /hac_junit/initlog/log?_=1461229628438 HTTP/1.1" 200 2175 "http://localhost:9001/hac_junit/platform/init/?" "Mozilla/5.0 (Windows NT 6.1; WOW64) AppleWebKit/537.36 (KHTML, like Gecko) Chrome/49.0.2623.112 Safari/537.36"
0:0:0:0:0:0:0:1 - - [21/Apr/2016:12:07:10 +0300] "GET /hac_junit/initlog/log?_=1461229630548 HTTP/1.1" 200 2175 "http://localhost:9001/hac_junit/platform/init/?" "Mozilla/5.0 (Windows NT 6.1; WOW64) AppleWebKit/537.36 (KHTML, like Gecko) Chrome/49.0.2623.112 Safari/537.36"
0:0:0:0:0:0:0:1 - - [21/Apr/2016:12:07:13 +0300] "GET /hac_junit/initlog/log?_=1461229633004 HTTP/1.1" 200 2175 "http://localhost:9001/hac_junit/platform/init/?" "Mozilla/5.0 (Windows NT 6.1; WOW64) AppleWebKit/537.36 (KHTML, like Gecko) Chrome/49.0.2623.112 Safari/537.36"
0:0:0:0:0:0:0:1 - - [21/Apr/2016:12:07:15 +0300] "GET /hac_junit/initlog/log?_=1461229635404 HTTP/1.1" 200 2175 "http://localhost:9001/hac_junit/platform/init/?" "Mozilla/5.0 (Windows NT 6.1; WOW64) AppleWebKit/537.36 (KHTML, like Gecko) Chrome/49.0.2623.112 Safari/537.36"
0:0:0:0:0:0:0:1 - - [21/Apr/2016:12:07:17 +0300] "GET /hac_junit/initlog/log?_=1461229637012 HTTP/1.1" 200 2175 "http://localhost:9001/hac_junit/platform/init/?" "Mozilla/5.0 (Windows NT 6.1; WOW64) AppleWebKit/537.36 (KHTML, like Gecko) Chrome/49.0.2623.112 Safari/537.36"
0:0:0:0:0:0:0:1 - - [21/Apr/2016:12:07:17 +0300] "POST /hac_junit/platform/init/execute HTTP/1.1" 200 3533 "http://localhost:9001/hac_junit/platform/init/?" "Mozilla/5.0 (Windows NT 6.1; WOW64) AppleWebKit/537.36 (KHTML, like Gecko) Chrome/49.0.2623.112 Safari/537.36"
