INFO   | jvm 1    | main    | 2016/04/09 12:40:59.043 | INFO  [automatedUpdateWWC2011::de.hybris.platform.servicelayer.internal.jalo.ServicelayerJob] (automatedUpdateWWC2011) [UpdateOpenLigaDbService] Checking update status for wwc2011
INFO   | jvm 1    | main    | 2016/04/09 12:40:59.165 | INFO  [automatedUpdate1LGer2011::de.hybris.platform.servicelayer.internal.jalo.ServicelayerJob] (automatedUpdate1LGer2011) [UpdateOpenLigaDbService] Checking update status for 1lger2011
INFO   | jvm 1    | main    | 2016/04/09 12:40:59.174 | INFO  [automatedUpdateCl2010::de.hybris.platform.servicelayer.internal.jalo.ServicelayerJob] (automatedUpdateCl2010) [UpdateOpenLigaDbService] Checking update status for cl2010
INFO   | jvm 1    | main    | 2016/04/09 12:40:59.280 | INFO  [automatedUpdate2LGer2010::de.hybris.platform.servicelayer.internal.jalo.ServicelayerJob] (automatedUpdate2LGer2010) [UpdateOpenLigaDbService] Checking update status for 2lger2010
STATUS | wrapper  | main    | 2016/04/09 12:41:07.990 | Pinging the JVM took 4 seconds to respond.
INFO   | jvm 1    | main    | 2016/04/09 12:41:08.238 | INFO  [automatedUpdateCl2011::de.hybris.platform.servicelayer.internal.jalo.ServicelayerJob] (automatedUpdateCl2011) [UpdateOpenLigaDbService] Checking update status for cl2011
INFO   | jvm 1    | main    | 2016/04/09 12:41:08.238 | INFO  [automatedUpdate1LGer2010::de.hybris.platform.servicelayer.internal.jalo.ServicelayerJob] (automatedUpdate1LGer2010) [UpdateOpenLigaDbService] Checking update status for 1lger2010
INFO   | jvm 1    | main    | 2016/04/09 12:41:08.238 | INFO  [automatedUpdateEC2012::de.hybris.platform.servicelayer.internal.jalo.ServicelayerJob] (automatedUpdateEC2012) [UpdateOpenLigaDbService] Checking update status for ec2012
INFO   | jvm 1    | main    | 2016/04/09 12:41:08.238 | INFO  [automatedUpdateCl2012::de.hybris.platform.servicelayer.internal.jalo.ServicelayerJob] (automatedUpdateCl2012) [UpdateOpenLigaDbService] Checking update status for cl2012
INFO   | jvm 1    | main    | 2016/04/09 12:41:08.238 | INFO  [automatedUpdate1LGer2012::de.hybris.platform.servicelayer.internal.jalo.ServicelayerJob] (automatedUpdate1LGer2012) [UpdateOpenLigaDbService] Checking update status for 1lger2012
INFO   | jvm 1    | main    | 2016/04/09 12:41:14.778 | INFO  [automatedUpdate1LGer2010::de.hybris.platform.servicelayer.internal.jalo.ServicelayerJob] (automatedUpdate1LGer2010) [UpdateOpenLigaDbService] No update needed for 1lger2010
INFO   | jvm 1    | main    | 2016/04/09 12:41:14.778 | INFO  [automatedUpdateEC2012::de.hybris.platform.servicelayer.internal.jalo.ServicelayerJob] (automatedUpdateEC2012) [UpdateOpenLigaDbService] No update needed for ec2012
INFO   | jvm 1    | main    | 2016/04/09 12:41:14.779 | INFO  [automatedUpdate2LGer2010::de.hybris.platform.servicelayer.internal.jalo.ServicelayerJob] (automatedUpdate2LGer2010) [UpdateOpenLigaDbService] No update needed for 2lger2010
INFO   | jvm 1    | main    | 2016/04/09 12:41:14.779 | INFO  [automatedUpdateCl2010::de.hybris.platform.servicelayer.internal.jalo.ServicelayerJob] (automatedUpdateCl2010) [UpdateOpenLigaDbService] No update needed for cl2010
INFO   | jvm 1    | main    | 2016/04/09 12:41:14.780 | INFO  [automatedUpdateCl2011::de.hybris.platform.servicelayer.internal.jalo.ServicelayerJob] (automatedUpdateCl2011) [UpdateOpenLigaDbService] No update needed for cl2011
INFO   | jvm 1    | main    | 2016/04/09 12:41:14.780 | INFO  [automatedUpdateWWC2011::de.hybris.platform.servicelayer.internal.jalo.ServicelayerJob] (automatedUpdateWWC2011) [UpdateOpenLigaDbService] No update needed for wwc2011
INFO   | jvm 1    | main    | 2016/04/09 12:41:14.781 | INFO  [automatedUpdate1LGer2011::de.hybris.platform.servicelayer.internal.jalo.ServicelayerJob] (automatedUpdate1LGer2011) [UpdateOpenLigaDbService] No update needed for 1lger2011
INFO   | jvm 1    | main    | 2016/04/09 12:41:14.784 | INFO  [automatedUpdateCl2012::de.hybris.platform.servicelayer.internal.jalo.ServicelayerJob] (automatedUpdateCl2012) [UpdateOpenLigaDbService] No update needed for cl2012
INFO   | jvm 1    | main    | 2016/04/09 12:41:14.885 | INFO  [automatedUpdate1LGer2012::de.hybris.platform.servicelayer.internal.jalo.ServicelayerJob] (automatedUpdate1LGer2012) [UpdateOpenLigaDbService] No update needed for 1lger2012
INFO   | jvm 1    | main    | 2016/04/09 12:47:28.046 | INFO  [automatedUpdateEC2012::de.hybris.platform.servicelayer.internal.jalo.ServicelayerJob] (automatedUpdateEC2012) [UpdateOpenLigaDbService] Checking update status for ec2012
INFO   | jvm 1    | main    | 2016/04/09 12:47:28.246 | INFO  [automatedUpdateEC2012::de.hybris.platform.servicelayer.internal.jalo.ServicelayerJob] (automatedUpdateEC2012) [UpdateOpenLigaDbService] No update needed for ec2012
INFO   | jvm 1    | main    | 2016/04/09 12:47:38.064 | INFO  [automatedUpdateCl2010::de.hybris.platform.servicelayer.internal.jalo.ServicelayerJob] (automatedUpdateCl2010) [UpdateOpenLigaDbService] Checking update status for cl2010
INFO   | jvm 1    | main    | 2016/04/09 12:47:38.165 | INFO  [automatedUpdate2LGer2010::de.hybris.platform.servicelayer.internal.jalo.ServicelayerJob] (automatedUpdate2LGer2010) [UpdateOpenLigaDbService] Checking update status for 2lger2010
INFO   | jvm 1    | main    | 2016/04/09 12:47:38.165 | INFO  [automatedUpdate1LGer2010::de.hybris.platform.servicelayer.internal.jalo.ServicelayerJob] (automatedUpdate1LGer2010) [UpdateOpenLigaDbService] Checking update status for 1lger2010
INFO   | jvm 1    | main    | 2016/04/09 12:47:38.165 | INFO  [automatedUpdate1LGer2011::de.hybris.platform.servicelayer.internal.jalo.ServicelayerJob] (automatedUpdate1LGer2011) [UpdateOpenLigaDbService] Checking update status for 1lger2011
INFO   | jvm 1    | main    | 2016/04/09 12:47:38.165 | INFO  [automatedUpdate1LGer2012::de.hybris.platform.servicelayer.internal.jalo.ServicelayerJob] (automatedUpdate1LGer2012) [UpdateOpenLigaDbService] Checking update status for 1lger2012
INFO   | jvm 1    | main    | 2016/04/09 12:47:38.165 | INFO  [automatedUpdateWWC2011::de.hybris.platform.servicelayer.internal.jalo.ServicelayerJob] (automatedUpdateWWC2011) [UpdateOpenLigaDbService] Checking update status for wwc2011
INFO   | jvm 1    | main    | 2016/04/09 12:47:38.165 | INFO  [automatedUpdateCl2011::de.hybris.platform.servicelayer.internal.jalo.ServicelayerJob] (automatedUpdateCl2011) [UpdateOpenLigaDbService] Checking update status for cl2011
INFO   | jvm 1    | main    | 2016/04/09 12:47:38.165 | INFO  [automatedUpdateCl2012::de.hybris.platform.servicelayer.internal.jalo.ServicelayerJob] (automatedUpdateCl2012) [UpdateOpenLigaDbService] Checking update status for cl2012
INFO   | jvm 1    | main    | 2016/04/09 12:47:38.269 | INFO  [automatedUpdate1LGer2010::de.hybris.platform.servicelayer.internal.jalo.ServicelayerJob] (automatedUpdate1LGer2010) [UpdateOpenLigaDbService] No update needed for 1lger2010
INFO   | jvm 1    | main    | 2016/04/09 12:47:38.274 | INFO  [automatedUpdateCl2010::de.hybris.platform.servicelayer.internal.jalo.ServicelayerJob] (automatedUpdateCl2010) [UpdateOpenLigaDbService] No update needed for cl2010
INFO   | jvm 1    | main    | 2016/04/09 12:47:38.298 | INFO  [automatedUpdate2LGer2010::de.hybris.platform.servicelayer.internal.jalo.ServicelayerJob] (automatedUpdate2LGer2010) [UpdateOpenLigaDbService] No update needed for 2lger2010
INFO   | jvm 1    | main    | 2016/04/09 12:47:38.401 | INFO  [automatedUpdate1LGer2012::de.hybris.platform.servicelayer.internal.jalo.ServicelayerJob] (automatedUpdate1LGer2012) [UpdateOpenLigaDbService] No update needed for 1lger2012
INFO   | jvm 1    | main    | 2016/04/09 12:47:38.401 | INFO  [automatedUpdate1LGer2011::de.hybris.platform.servicelayer.internal.jalo.ServicelayerJob] (automatedUpdate1LGer2011) [UpdateOpenLigaDbService] No update needed for 1lger2011
INFO   | jvm 1    | main    | 2016/04/09 12:47:38.401 | INFO  [automatedUpdateCl2012::de.hybris.platform.servicelayer.internal.jalo.ServicelayerJob] (automatedUpdateCl2012) [UpdateOpenLigaDbService] No update needed for cl2012
INFO   | jvm 1    | main    | 2016/04/09 12:47:38.401 | INFO  [automatedUpdateWWC2011::de.hybris.platform.servicelayer.internal.jalo.ServicelayerJob] (automatedUpdateWWC2011) [UpdateOpenLigaDbService] No update needed for wwc2011
INFO   | jvm 1    | main    | 2016/04/09 12:47:38.401 | INFO  [automatedUpdateCl2011::de.hybris.platform.servicelayer.internal.jalo.ServicelayerJob] (automatedUpdateCl2011) [UpdateOpenLigaDbService] No update needed for cl2011
