INFO   | jvm 2    | main    | 2016/04/14 00:47:30.003 | INFO  [automatedUpdateWWC2011::de.hybris.platform.servicelayer.internal.jalo.ServicelayerJob] (automatedUpdateWWC2011) [UpdateOpenLigaDbService] Checking update status for wwc2011
INFO   | jvm 2    | main    | 2016/04/14 00:47:30.194 | INFO  [automatedUpdateEC2012::de.hybris.platform.servicelayer.internal.jalo.ServicelayerJob] (automatedUpdateEC2012) [UpdateOpenLigaDbService] Checking update status for ec2012
INFO   | jvm 2    | main    | 2016/04/14 00:47:30.194 | INFO  [automatedUpdate2LGer2010::de.hybris.platform.servicelayer.internal.jalo.ServicelayerJob] (automatedUpdate2LGer2010) [UpdateOpenLigaDbService] Checking update status for 2lger2010
INFO   | jvm 2    | main    | 2016/04/14 00:47:30.194 | INFO  [automatedUpdate1LGer2011::de.hybris.platform.servicelayer.internal.jalo.ServicelayerJob] (automatedUpdate1LGer2011) [UpdateOpenLigaDbService] Checking update status for 1lger2011
INFO   | jvm 2    | main    | 2016/04/14 00:47:30.194 | INFO  [automatedUpdate1LGer2010::de.hybris.platform.servicelayer.internal.jalo.ServicelayerJob] (automatedUpdate1LGer2010) [UpdateOpenLigaDbService] Checking update status for 1lger2010
INFO   | jvm 2    | main    | 2016/04/14 00:47:30.194 | INFO  [automatedUpdateWWC2011::de.hybris.platform.servicelayer.internal.jalo.ServicelayerJob] (automatedUpdateWWC2011) [UpdateOpenLigaDbService] No update needed for wwc2011
INFO   | jvm 2    | main    | 2016/04/14 00:47:30.594 | INFO  [automatedUpdateEC2012::de.hybris.platform.servicelayer.internal.jalo.ServicelayerJob] (automatedUpdateEC2012) [UpdateOpenLigaDbService] No update needed for ec2012
INFO   | jvm 2    | main    | 2016/04/14 00:47:30.594 | INFO  [automatedUpdate1LGer2011::de.hybris.platform.servicelayer.internal.jalo.ServicelayerJob] (automatedUpdate1LGer2011) [UpdateOpenLigaDbService] No update needed for 1lger2011
INFO   | jvm 2    | main    | 2016/04/14 00:47:30.594 | INFO  [automatedUpdate1LGer2010::de.hybris.platform.servicelayer.internal.jalo.ServicelayerJob] (automatedUpdate1LGer2010) [UpdateOpenLigaDbService] No update needed for 1lger2010
INFO   | jvm 2    | main    | 2016/04/14 00:47:30.594 | INFO  [automatedUpdate2LGer2010::de.hybris.platform.servicelayer.internal.jalo.ServicelayerJob] (automatedUpdate2LGer2010) [UpdateOpenLigaDbService] No update needed for 2lger2010
INFO   | jvm 2    | main    | 2016/04/14 00:47:39.911 | INFO  [automatedUpdate1LGer2012::de.hybris.platform.servicelayer.internal.jalo.ServicelayerJob] (automatedUpdate1LGer2012) [UpdateOpenLigaDbService] Checking update status for 1lger2012
INFO   | jvm 2    | main    | 2016/04/14 00:47:39.912 | INFO  [automatedUpdateCl2010::de.hybris.platform.servicelayer.internal.jalo.ServicelayerJob] (automatedUpdateCl2010) [UpdateOpenLigaDbService] Checking update status for cl2010
INFO   | jvm 2    | main    | 2016/04/14 00:47:39.913 | INFO  [automatedUpdateCl2012::de.hybris.platform.servicelayer.internal.jalo.ServicelayerJob] (automatedUpdateCl2012) [UpdateOpenLigaDbService] Checking update status for cl2012
INFO   | jvm 2    | main    | 2016/04/14 00:47:40.013 | INFO  [automatedUpdateCl2011::de.hybris.platform.servicelayer.internal.jalo.ServicelayerJob] (automatedUpdateCl2011) [UpdateOpenLigaDbService] Checking update status for cl2011
INFO   | jvm 2    | main    | 2016/04/14 00:47:40.113 | INFO  [automatedUpdate1LGer2012::de.hybris.platform.servicelayer.internal.jalo.ServicelayerJob] (automatedUpdate1LGer2012) [UpdateOpenLigaDbService] No update needed for 1lger2012
INFO   | jvm 2    | main    | 2016/04/14 00:47:40.213 | INFO  [automatedUpdateCl2012::de.hybris.platform.servicelayer.internal.jalo.ServicelayerJob] (automatedUpdateCl2012) [UpdateOpenLigaDbService] No update needed for cl2012
INFO   | jvm 2    | main    | 2016/04/14 00:47:40.213 | INFO  [automatedUpdateCl2011::de.hybris.platform.servicelayer.internal.jalo.ServicelayerJob] (automatedUpdateCl2011) [UpdateOpenLigaDbService] No update needed for cl2011
INFO   | jvm 2    | main    | 2016/04/14 00:47:40.213 | INFO  [automatedUpdateCl2010::de.hybris.platform.servicelayer.internal.jalo.ServicelayerJob] (automatedUpdateCl2010) [UpdateOpenLigaDbService] No update needed for cl2010
STATUS | wrapper  | main    | 2016/04/14 01:42:51.437 | Pinging the JVM took 1 seconds to respond.
INFO   | jvm 2    | main    | 2016/04/14 01:47:21.447 | INFO  [automatedUpdateEC2012::de.hybris.platform.servicelayer.internal.jalo.ServicelayerJob] (automatedUpdateEC2012) [UpdateOpenLigaDbService] Checking update status for ec2012
INFO   | jvm 2    | main    | 2016/04/14 01:47:21.748 | INFO  [automatedUpdateEC2012::de.hybris.platform.servicelayer.internal.jalo.ServicelayerJob] (automatedUpdateEC2012) [UpdateOpenLigaDbService] No update needed for ec2012
INFO   | jvm 2    | main    | 2016/04/14 01:47:31.584 | INFO  [automatedUpdate1LGer2010::de.hybris.platform.servicelayer.internal.jalo.ServicelayerJob] (automatedUpdate1LGer2010) [UpdateOpenLigaDbService] Checking update status for 1lger2010
INFO   | jvm 2    | main    | 2016/04/14 01:47:31.687 | INFO  [automatedUpdate1LGer2011::de.hybris.platform.servicelayer.internal.jalo.ServicelayerJob] (automatedUpdate1LGer2011) [UpdateOpenLigaDbService] Checking update status for 1lger2011
INFO   | jvm 2    | main    | 2016/04/14 01:47:31.687 | INFO  [automatedUpdateCl2010::de.hybris.platform.servicelayer.internal.jalo.ServicelayerJob] (automatedUpdateCl2010) [UpdateOpenLigaDbService] Checking update status for cl2010
INFO   | jvm 2    | main    | 2016/04/14 01:47:31.687 | INFO  [automatedUpdateWWC2011::de.hybris.platform.servicelayer.internal.jalo.ServicelayerJob] (automatedUpdateWWC2011) [UpdateOpenLigaDbService] Checking update status for wwc2011
INFO   | jvm 2    | main    | 2016/04/14 01:47:31.687 | INFO  [automatedUpdate1LGer2012::de.hybris.platform.servicelayer.internal.jalo.ServicelayerJob] (automatedUpdate1LGer2012) [UpdateOpenLigaDbService] Checking update status for 1lger2012
INFO   | jvm 2    | main    | 2016/04/14 01:47:31.687 | INFO  [automatedUpdate2LGer2010::de.hybris.platform.servicelayer.internal.jalo.ServicelayerJob] (automatedUpdate2LGer2010) [UpdateOpenLigaDbService] Checking update status for 2lger2010
INFO   | jvm 2    | main    | 2016/04/14 01:47:31.888 | INFO  [automatedUpdateWWC2011::de.hybris.platform.servicelayer.internal.jalo.ServicelayerJob] (automatedUpdateWWC2011) [UpdateOpenLigaDbService] No update needed for wwc2011
INFO   | jvm 2    | main    | 2016/04/14 01:47:31.888 | INFO  [automatedUpdate1LGer2010::de.hybris.platform.servicelayer.internal.jalo.ServicelayerJob] (automatedUpdate1LGer2010) [UpdateOpenLigaDbService] No update needed for 1lger2010
INFO   | jvm 2    | main    | 2016/04/14 01:47:31.888 | INFO  [automatedUpdate1LGer2011::de.hybris.platform.servicelayer.internal.jalo.ServicelayerJob] (automatedUpdate1LGer2011) [UpdateOpenLigaDbService] No update needed for 1lger2011
INFO   | jvm 2    | main    | 2016/04/14 01:47:31.888 | INFO  [automatedUpdateCl2010::de.hybris.platform.servicelayer.internal.jalo.ServicelayerJob] (automatedUpdateCl2010) [UpdateOpenLigaDbService] No update needed for cl2010
INFO   | jvm 2    | main    | 2016/04/14 01:47:31.888 | INFO  [automatedUpdate1LGer2012::de.hybris.platform.servicelayer.internal.jalo.ServicelayerJob] (automatedUpdate1LGer2012) [UpdateOpenLigaDbService] No update needed for 1lger2012
INFO   | jvm 2    | main    | 2016/04/14 01:47:31.988 | INFO  [automatedUpdate2LGer2010::de.hybris.platform.servicelayer.internal.jalo.ServicelayerJob] (automatedUpdate2LGer2010) [UpdateOpenLigaDbService] No update needed for 2lger2010
INFO   | jvm 2    | main    | 2016/04/14 01:47:41.542 | INFO  [automatedUpdateCl2011::de.hybris.platform.servicelayer.internal.jalo.ServicelayerJob] (automatedUpdateCl2011) [UpdateOpenLigaDbService] Checking update status for cl2011
INFO   | jvm 2    | main    | 2016/04/14 01:47:41.542 | INFO  [automatedUpdateCl2012::de.hybris.platform.servicelayer.internal.jalo.ServicelayerJob] (automatedUpdateCl2012) [UpdateOpenLigaDbService] Checking update status for cl2012
INFO   | jvm 2    | main    | 2016/04/14 01:47:41.743 | INFO  [automatedUpdateCl2012::de.hybris.platform.servicelayer.internal.jalo.ServicelayerJob] (automatedUpdateCl2012) [UpdateOpenLigaDbService] No update needed for cl2012
INFO   | jvm 2    | main    | 2016/04/14 01:47:41.743 | INFO  [automatedUpdateCl2011::de.hybris.platform.servicelayer.internal.jalo.ServicelayerJob] (automatedUpdateCl2011) [UpdateOpenLigaDbService] No update needed for cl2011
INFO   | jvm 2    | main    | 2016/04/14 02:47:23.125 | INFO  [automatedUpdateEC2012::de.hybris.platform.servicelayer.internal.jalo.ServicelayerJob] (automatedUpdateEC2012) [UpdateOpenLigaDbService] Checking update status for ec2012
INFO   | jvm 2    | main    | 2016/04/14 02:47:23.326 | INFO  [automatedUpdateEC2012::de.hybris.platform.servicelayer.internal.jalo.ServicelayerJob] (automatedUpdateEC2012) [UpdateOpenLigaDbService] No update needed for ec2012
INFO   | jvm 2    | main    | 2016/04/14 02:47:33.150 | INFO  [automatedUpdateCl2010::de.hybris.platform.servicelayer.internal.jalo.ServicelayerJob] (automatedUpdateCl2010) [UpdateOpenLigaDbService] Checking update status for cl2010
INFO   | jvm 2    | main    | 2016/04/14 02:47:33.271 | INFO  [automatedUpdate2LGer2010::de.hybris.platform.servicelayer.internal.jalo.ServicelayerJob] (automatedUpdate2LGer2010) [UpdateOpenLigaDbService] Checking update status for 2lger2010
INFO   | jvm 2    | main    | 2016/04/14 02:47:33.272 | INFO  [automatedUpdate1LGer2010::de.hybris.platform.servicelayer.internal.jalo.ServicelayerJob] (automatedUpdate1LGer2010) [UpdateOpenLigaDbService] Checking update status for 1lger2010
INFO   | jvm 2    | main    | 2016/04/14 02:47:33.272 | INFO  [automatedUpdate1LGer2011::de.hybris.platform.servicelayer.internal.jalo.ServicelayerJob] (automatedUpdate1LGer2011) [UpdateOpenLigaDbService] Checking update status for 1lger2011
INFO   | jvm 2    | main    | 2016/04/14 02:47:33.272 | INFO  [automatedUpdateCl2012::de.hybris.platform.servicelayer.internal.jalo.ServicelayerJob] (automatedUpdateCl2012) [UpdateOpenLigaDbService] Checking update status for cl2012
INFO   | jvm 2    | main    | 2016/04/14 02:47:33.372 | INFO  [automatedUpdateWWC2011::de.hybris.platform.servicelayer.internal.jalo.ServicelayerJob] (automatedUpdateWWC2011) [UpdateOpenLigaDbService] Checking update status for wwc2011
INFO   | jvm 2    | main    | 2016/04/14 02:47:33.373 | INFO  [automatedUpdate1LGer2012::de.hybris.platform.servicelayer.internal.jalo.ServicelayerJob] (automatedUpdate1LGer2012) [UpdateOpenLigaDbService] Checking update status for 1lger2012
INFO   | jvm 2    | main    | 2016/04/14 02:47:33.373 | INFO  [automatedUpdateCl2011::de.hybris.platform.servicelayer.internal.jalo.ServicelayerJob] (automatedUpdateCl2011) [UpdateOpenLigaDbService] Checking update status for cl2011
INFO   | jvm 2    | main    | 2016/04/14 02:47:33.373 | INFO  [automatedUpdateCl2010::de.hybris.platform.servicelayer.internal.jalo.ServicelayerJob] (automatedUpdateCl2010) [UpdateOpenLigaDbService] No update needed for cl2010
INFO   | jvm 2    | main    | 2016/04/14 02:47:33.473 | INFO  [automatedUpdate1LGer2010::de.hybris.platform.servicelayer.internal.jalo.ServicelayerJob] (automatedUpdate1LGer2010) [UpdateOpenLigaDbService] No update needed for 1lger2010
INFO   | jvm 2    | main    | 2016/04/14 02:47:33.473 | INFO  [automatedUpdate2LGer2010::de.hybris.platform.servicelayer.internal.jalo.ServicelayerJob] (automatedUpdate2LGer2010) [UpdateOpenLigaDbService] No update needed for 2lger2010
INFO   | jvm 2    | main    | 2016/04/14 02:47:33.473 | INFO  [automatedUpdate1LGer2011::de.hybris.platform.servicelayer.internal.jalo.ServicelayerJob] (automatedUpdate1LGer2011) [UpdateOpenLigaDbService] No update needed for 1lger2011
INFO   | jvm 2    | main    | 2016/04/14 02:47:33.577 | INFO  [automatedUpdate1LGer2012::de.hybris.platform.servicelayer.internal.jalo.ServicelayerJob] (automatedUpdate1LGer2012) [UpdateOpenLigaDbService] No update needed for 1lger2012
INFO   | jvm 2    | main    | 2016/04/14 02:47:33.577 | INFO  [automatedUpdateCl2012::de.hybris.platform.servicelayer.internal.jalo.ServicelayerJob] (automatedUpdateCl2012) [UpdateOpenLigaDbService] No update needed for cl2012
INFO   | jvm 2    | main    | 2016/04/14 02:47:33.577 | INFO  [automatedUpdateCl2011::de.hybris.platform.servicelayer.internal.jalo.ServicelayerJob] (automatedUpdateCl2011) [UpdateOpenLigaDbService] No update needed for cl2011
INFO   | jvm 2    | main    | 2016/04/14 02:47:33.577 | INFO  [automatedUpdateWWC2011::de.hybris.platform.servicelayer.internal.jalo.ServicelayerJob] (automatedUpdateWWC2011) [UpdateOpenLigaDbService] No update needed for wwc2011
INFO   | jvm 2    | main    | 2016/04/14 12:08:52.541 | INFO  [automatedUpdateCl2011::de.hybris.platform.servicelayer.internal.jalo.ServicelayerJob] (automatedUpdateCl2011) [UpdateOpenLigaDbService] Checking update status for cl2011
STATUS | wrapper  | main    | 2016/04/14 12:10:04.298 | Pinging the JVM took 59 seconds to respond.
INFO   | jvm 2    | main    | 2016/04/14 12:10:45.038 | INFO  [automatedUpdateWWC2011::de.hybris.platform.servicelayer.internal.jalo.ServicelayerJob] (automatedUpdateWWC2011) [UpdateOpenLigaDbService] Checking update status for wwc2011
INFO   | jvm 2    | main    | 2016/04/14 12:10:45.039 | INFO  [automatedUpdateEC2012::de.hybris.platform.servicelayer.internal.jalo.ServicelayerJob] (automatedUpdateEC2012) [UpdateOpenLigaDbService] Checking update status for ec2012
INFO   | jvm 2    | main    | 2016/04/14 12:10:45.039 | INFO  [automatedUpdate1LGer2012::de.hybris.platform.servicelayer.internal.jalo.ServicelayerJob] (automatedUpdate1LGer2012) [UpdateOpenLigaDbService] Checking update status for 1lger2012
INFO   | jvm 2    | main    | 2016/04/14 12:10:45.039 | INFO  [automatedUpdateEC2012::de.hybris.platform.servicelayer.internal.jalo.ServicelayerJob] (automatedUpdateEC2012) [UpdateOpenLigaDbService] No update needed for ec2012
INFO   | jvm 2    | main    | 2016/04/14 12:10:45.040 | INFO  [automatedUpdateCl2011::de.hybris.platform.servicelayer.internal.jalo.ServicelayerJob] (automatedUpdateCl2011) [UpdateOpenLigaDbService] No update needed for cl2011
INFO   | jvm 2    | main    | 2016/04/14 12:10:45.040 | INFO  [automatedUpdateWWC2011::de.hybris.platform.servicelayer.internal.jalo.ServicelayerJob] (automatedUpdateWWC2011) [UpdateOpenLigaDbService] No update needed for wwc2011
INFO   | jvm 2    | main    | 2016/04/14 12:10:45.041 | INFO  [automatedUpdate1LGer2012::de.hybris.platform.servicelayer.internal.jalo.ServicelayerJob] (automatedUpdate1LGer2012) [UpdateOpenLigaDbService] No update needed for 1lger2012
INFO   | jvm 2    | main    | 2016/04/14 12:10:45.041 | INFO  [automatedUpdateCl2012::de.hybris.platform.servicelayer.internal.jalo.ServicelayerJob] (automatedUpdateCl2012) [UpdateOpenLigaDbService] Checking update status for cl2012
INFO   | jvm 2    | main    | 2016/04/14 12:10:45.041 | INFO  [automatedUpdate1LGer2011::de.hybris.platform.servicelayer.internal.jalo.ServicelayerJob] (automatedUpdate1LGer2011) [UpdateOpenLigaDbService] Checking update status for 1lger2011
INFO   | jvm 2    | main    | 2016/04/14 12:10:45.042 | INFO  [automatedUpdate2LGer2010::de.hybris.platform.servicelayer.internal.jalo.ServicelayerJob] (automatedUpdate2LGer2010) [UpdateOpenLigaDbService] Checking update status for 2lger2010
INFO   | jvm 2    | main    | 2016/04/14 12:10:45.042 | INFO  [automatedUpdateCl2012::de.hybris.platform.servicelayer.internal.jalo.ServicelayerJob] (automatedUpdateCl2012) [UpdateOpenLigaDbService] No update needed for cl2012
INFO   | jvm 2    | main    | 2016/04/14 12:10:45.043 | INFO  [automatedUpdate2LGer2010::de.hybris.platform.servicelayer.internal.jalo.ServicelayerJob] (automatedUpdate2LGer2010) [UpdateOpenLigaDbService] No update needed for 2lger2010
INFO   | jvm 2    | main    | 2016/04/14 12:10:45.043 | INFO  [automatedUpdate1LGer2011::de.hybris.platform.servicelayer.internal.jalo.ServicelayerJob] (automatedUpdate1LGer2011) [UpdateOpenLigaDbService] No update needed for 1lger2011
INFO   | jvm 2    | main    | 2016/04/14 12:10:45.044 | INFO  [automatedUpdate1LGer2010::de.hybris.platform.servicelayer.internal.jalo.ServicelayerJob] (automatedUpdate1LGer2010) [UpdateOpenLigaDbService] Checking update status for 1lger2010
INFO   | jvm 2    | main    | 2016/04/14 12:10:45.044 | INFO  [automatedUpdate1LGer2010::de.hybris.platform.servicelayer.internal.jalo.ServicelayerJob] (automatedUpdate1LGer2010) [UpdateOpenLigaDbService] No update needed for 1lger2010
INFO   | jvm 2    | main    | 2016/04/14 12:10:45.044 | INFO  [automatedUpdateCl2010::de.hybris.platform.servicelayer.internal.jalo.ServicelayerJob] (automatedUpdateCl2010) [UpdateOpenLigaDbService] Checking update status for cl2010
INFO   | jvm 2    | main    | 2016/04/14 12:10:45.045 | INFO  [automatedUpdateCl2010::de.hybris.platform.servicelayer.internal.jalo.ServicelayerJob] (automatedUpdateCl2010) [UpdateOpenLigaDbService] No update needed for cl2010
STATUS | wrapper  | main    | 2016/04/14 12:10:45.045 | Pinging the JVM took 90 seconds to respond.
STATUS | wrapper  | main    | 2016/04/14 12:10:45.045 | Pinging the JVM took 81 seconds to respond.
STATUS | wrapper  | main    | 2016/04/14 12:10:45.046 | Pinging the JVM took 72 seconds to respond.
STATUS | wrapper  | main    | 2016/04/14 12:10:45.046 | Pinging the JVM took 63 seconds to respond.
STATUS | wrapper  | main    | 2016/04/14 12:10:45.046 | Pinging the JVM took 54 seconds to respond.
STATUS | wrapper  | main    | 2016/04/14 12:10:45.047 | Pinging the JVM took 45 seconds to respond.
INFO   | jvm 2    | main    | 2016/04/14 12:47:28.140 | INFO  [automatedUpdateEC2012::de.hybris.platform.servicelayer.internal.jalo.ServicelayerJob] (automatedUpdateEC2012) [UpdateOpenLigaDbService] Checking update status for ec2012
INFO   | jvm 2    | main    | 2016/04/14 12:47:28.655 | INFO  [automatedUpdateEC2012::de.hybris.platform.servicelayer.internal.jalo.ServicelayerJob] (automatedUpdateEC2012) [UpdateOpenLigaDbService] No update needed for ec2012
INFO   | jvm 2    | main    | 2016/04/14 12:47:41.451 | INFO  [automatedUpdate1LGer2012::de.hybris.platform.servicelayer.internal.jalo.ServicelayerJob] (automatedUpdate1LGer2012) [UpdateOpenLigaDbService] Checking update status for 1lger2012
INFO   | jvm 2    | main    | 2016/04/14 12:47:41.653 | INFO  [automatedUpdateCl2011::de.hybris.platform.servicelayer.internal.jalo.ServicelayerJob] (automatedUpdateCl2011) [UpdateOpenLigaDbService] Checking update status for cl2011
INFO   | jvm 2    | main    | 2016/04/14 12:47:41.653 | INFO  [automatedUpdateWWC2011::de.hybris.platform.servicelayer.internal.jalo.ServicelayerJob] (automatedUpdateWWC2011) [UpdateOpenLigaDbService] Checking update status for wwc2011
INFO   | jvm 2    | main    | 2016/04/14 12:47:41.654 | INFO  [automatedUpdateCl2010::de.hybris.platform.servicelayer.internal.jalo.ServicelayerJob] (automatedUpdateCl2010) [UpdateOpenLigaDbService] Checking update status for cl2010
INFO   | jvm 2    | main    | 2016/04/14 12:47:41.654 | INFO  [automatedUpdate2LGer2010::de.hybris.platform.servicelayer.internal.jalo.ServicelayerJob] (automatedUpdate2LGer2010) [UpdateOpenLigaDbService] Checking update status for 2lger2010
INFO   | jvm 2    | main    | 2016/04/14 12:47:41.854 | INFO  [automatedUpdateCl2010::de.hybris.platform.servicelayer.internal.jalo.ServicelayerJob] (automatedUpdateCl2010) [UpdateOpenLigaDbService] No update needed for cl2010
INFO   | jvm 2    | main    | 2016/04/14 12:47:42.359 | INFO  [automatedUpdate2LGer2010::de.hybris.platform.servicelayer.internal.jalo.ServicelayerJob] (automatedUpdate2LGer2010) [UpdateOpenLigaDbService] No update needed for 2lger2010
INFO   | jvm 2    | main    | 2016/04/14 12:47:42.359 | INFO  [automatedUpdateWWC2011::de.hybris.platform.servicelayer.internal.jalo.ServicelayerJob] (automatedUpdateWWC2011) [UpdateOpenLigaDbService] No update needed for wwc2011
INFO   | jvm 2    | main    | 2016/04/14 12:47:42.559 | INFO  [automatedUpdateCl2012::de.hybris.platform.servicelayer.internal.jalo.ServicelayerJob] (automatedUpdateCl2012) [UpdateOpenLigaDbService] Checking update status for cl2012
INFO   | jvm 2    | main    | 2016/04/14 12:47:43.224 | INFO  [automatedUpdate1LGer2012::de.hybris.platform.servicelayer.internal.jalo.ServicelayerJob] (automatedUpdate1LGer2012) [UpdateOpenLigaDbService] No update needed for 1lger2012
INFO   | jvm 2    | main    | 2016/04/14 12:47:43.224 | INFO  [automatedUpdate1LGer2011::de.hybris.platform.servicelayer.internal.jalo.ServicelayerJob] (automatedUpdate1LGer2011) [UpdateOpenLigaDbService] Checking update status for 1lger2011
INFO   | jvm 2    | main    | 2016/04/14 12:47:43.546 | INFO  [automatedUpdate1LGer2010::de.hybris.platform.servicelayer.internal.jalo.ServicelayerJob] (automatedUpdate1LGer2010) [UpdateOpenLigaDbService] Checking update status for 1lger2010
INFO   | jvm 2    | main    | 2016/04/14 12:47:43.646 | INFO  [automatedUpdateCl2012::de.hybris.platform.servicelayer.internal.jalo.ServicelayerJob] (automatedUpdateCl2012) [UpdateOpenLigaDbService] No update needed for cl2012
INFO   | jvm 2    | main    | 2016/04/14 12:47:44.535 | INFO  [automatedUpdateCl2011::de.hybris.platform.servicelayer.internal.jalo.ServicelayerJob] (automatedUpdateCl2011) [UpdateOpenLigaDbService] No update needed for cl2011
INFO   | jvm 2    | main    | 2016/04/14 12:47:44.536 | INFO  [automatedUpdate1LGer2011::de.hybris.platform.servicelayer.internal.jalo.ServicelayerJob] (automatedUpdate1LGer2011) [UpdateOpenLigaDbService] No update needed for 1lger2011
INFO   | jvm 2    | main    | 2016/04/14 12:47:44.813 | INFO  [automatedUpdate1LGer2010::de.hybris.platform.servicelayer.internal.jalo.ServicelayerJob] (automatedUpdate1LGer2010) [UpdateOpenLigaDbService] No update needed for 1lger2010
INFO   | jvm 2    | main    | 2016/04/14 13:47:24.391 | INFO  [automatedUpdateEC2012::de.hybris.platform.servicelayer.internal.jalo.ServicelayerJob] (automatedUpdateEC2012) [UpdateOpenLigaDbService] Checking update status for ec2012
INFO   | jvm 2    | main    | 2016/04/14 13:47:24.592 | INFO  [automatedUpdateEC2012::de.hybris.platform.servicelayer.internal.jalo.ServicelayerJob] (automatedUpdateEC2012) [UpdateOpenLigaDbService] No update needed for ec2012
INFO   | jvm 2    | main    | 2016/04/14 13:47:34.585 | INFO  [automatedUpdate1LGer2011::de.hybris.platform.servicelayer.internal.jalo.ServicelayerJob] (automatedUpdate1LGer2011) [UpdateOpenLigaDbService] Checking update status for 1lger2011
INFO   | jvm 2    | main    | 2016/04/14 13:47:34.586 | INFO  [automatedUpdateWWC2011::de.hybris.platform.servicelayer.internal.jalo.ServicelayerJob] (automatedUpdateWWC2011) [UpdateOpenLigaDbService] Checking update status for wwc2011
INFO   | jvm 2    | main    | 2016/04/14 13:47:34.687 | INFO  [automatedUpdateCl2010::de.hybris.platform.servicelayer.internal.jalo.ServicelayerJob] (automatedUpdateCl2010) [UpdateOpenLigaDbService] Checking update status for cl2010
INFO   | jvm 2    | main    | 2016/04/14 13:47:34.699 | INFO  [automatedUpdate2LGer2010::de.hybris.platform.servicelayer.internal.jalo.ServicelayerJob] (automatedUpdate2LGer2010) [UpdateOpenLigaDbService] Checking update status for 2lger2010
INFO   | jvm 2    | main    | 2016/04/14 13:47:34.699 | INFO  [automatedUpdate1LGer2012::de.hybris.platform.servicelayer.internal.jalo.ServicelayerJob] (automatedUpdate1LGer2012) [UpdateOpenLigaDbService] Checking update status for 1lger2012
INFO   | jvm 2    | main    | 2016/04/14 13:47:34.699 | INFO  [automatedUpdateCl2011::de.hybris.platform.servicelayer.internal.jalo.ServicelayerJob] (automatedUpdateCl2011) [UpdateOpenLigaDbService] Checking update status for cl2011
INFO   | jvm 2    | main    | 2016/04/14 13:47:34.699 | INFO  [automatedUpdateCl2012::de.hybris.platform.servicelayer.internal.jalo.ServicelayerJob] (automatedUpdateCl2012) [UpdateOpenLigaDbService] Checking update status for cl2012
INFO   | jvm 2    | main    | 2016/04/14 13:47:34.699 | INFO  [automatedUpdate1LGer2010::de.hybris.platform.servicelayer.internal.jalo.ServicelayerJob] (automatedUpdate1LGer2010) [UpdateOpenLigaDbService] Checking update status for 1lger2010
INFO   | jvm 2    | main    | 2016/04/14 13:47:34.901 | INFO  [automatedUpdate1LGer2010::de.hybris.platform.servicelayer.internal.jalo.ServicelayerJob] (automatedUpdate1LGer2010) [UpdateOpenLigaDbService] No update needed for 1lger2010
INFO   | jvm 2    | main    | 2016/04/14 13:47:35.308 | INFO  [automatedUpdate1LGer2011::de.hybris.platform.servicelayer.internal.jalo.ServicelayerJob] (automatedUpdate1LGer2011) [UpdateOpenLigaDbService] No update needed for 1lger2011
INFO   | jvm 2    | main    | 2016/04/14 13:47:35.309 | INFO  [automatedUpdateCl2012::de.hybris.platform.servicelayer.internal.jalo.ServicelayerJob] (automatedUpdateCl2012) [UpdateOpenLigaDbService] No update needed for cl2012
INFO   | jvm 2    | main    | 2016/04/14 13:47:35.309 | INFO  [automatedUpdateWWC2011::de.hybris.platform.servicelayer.internal.jalo.ServicelayerJob] (automatedUpdateWWC2011) [UpdateOpenLigaDbService] No update needed for wwc2011
INFO   | jvm 2    | main    | 2016/04/14 13:47:35.309 | INFO  [automatedUpdateCl2010::de.hybris.platform.servicelayer.internal.jalo.ServicelayerJob] (automatedUpdateCl2010) [UpdateOpenLigaDbService] No update needed for cl2010
INFO   | jvm 2    | main    | 2016/04/14 13:47:35.410 | INFO  [automatedUpdate2LGer2010::de.hybris.platform.servicelayer.internal.jalo.ServicelayerJob] (automatedUpdate2LGer2010) [UpdateOpenLigaDbService] No update needed for 2lger2010
INFO   | jvm 2    | main    | 2016/04/14 13:47:35.411 | INFO  [automatedUpdateCl2011::de.hybris.platform.servicelayer.internal.jalo.ServicelayerJob] (automatedUpdateCl2011) [UpdateOpenLigaDbService] No update needed for cl2011
INFO   | jvm 2    | main    | 2016/04/14 13:47:35.411 | INFO  [automatedUpdate1LGer2012::de.hybris.platform.servicelayer.internal.jalo.ServicelayerJob] (automatedUpdate1LGer2012) [UpdateOpenLigaDbService] No update needed for 1lger2012
STATUS | wrapper  | main    | 2016/04/14 14:11:30.501 | Pinging the JVM took 74 seconds to respond.
STATUS | wrapper  | main    | 2016/04/14 14:11:30.503 | Pinging the JVM took 65 seconds to respond.
STATUS | wrapper  | main    | 2016/04/14 14:11:30.503 | Pinging the JVM took 56 seconds to respond.
STATUS | wrapper  | main    | 2016/04/14 14:11:30.504 | Pinging the JVM took 47 seconds to respond.
STATUS | wrapper  | main    | 2016/04/14 14:11:30.504 | Pinging the JVM took 38 seconds to respond.
STATUS | wrapper  | main    | 2016/04/14 14:11:30.504 | Pinging the JVM took 28 seconds to respond.
STATUS | wrapper  | main    | 2016/04/14 14:11:30.504 | Pinging the JVM took 19 seconds to respond.
STATUS | wrapper  | main    | 2016/04/14 14:11:30.504 | Pinging the JVM took 10 seconds to respond.
STATUS | wrapper  | main    | 2016/04/14 14:11:30.504 | Pinging the JVM took 1 seconds to respond.
INFO   | jvm 2    | main    | 2016/04/14 14:47:21.231 | INFO  [automatedUpdateEC2012::de.hybris.platform.servicelayer.internal.jalo.ServicelayerJob] (automatedUpdateEC2012) [UpdateOpenLigaDbService] Checking update status for ec2012
INFO   | jvm 2    | main    | 2016/04/14 14:47:21.569 | INFO  [automatedUpdateEC2012::de.hybris.platform.servicelayer.internal.jalo.ServicelayerJob] (automatedUpdateEC2012) [UpdateOpenLigaDbService] No update needed for ec2012
INFO   | jvm 2    | main    | 2016/04/14 14:47:31.284 | INFO  [automatedUpdate1LGer2010::de.hybris.platform.servicelayer.internal.jalo.ServicelayerJob] (automatedUpdate1LGer2010) [UpdateOpenLigaDbService] Checking update status for 1lger2010
INFO   | jvm 2    | main    | 2016/04/14 14:47:31.485 | INFO  [automatedUpdate1LGer2012::de.hybris.platform.servicelayer.internal.jalo.ServicelayerJob] (automatedUpdate1LGer2012) [UpdateOpenLigaDbService] Checking update status for 1lger2012
INFO   | jvm 2    | main    | 2016/04/14 14:47:31.485 | INFO  [automatedUpdate2LGer2010::de.hybris.platform.servicelayer.internal.jalo.ServicelayerJob] (automatedUpdate2LGer2010) [UpdateOpenLigaDbService] Checking update status for 2lger2010
INFO   | jvm 2    | main    | 2016/04/14 14:47:31.585 | INFO  [automatedUpdateWWC2011::de.hybris.platform.servicelayer.internal.jalo.ServicelayerJob] (automatedUpdateWWC2011) [UpdateOpenLigaDbService] Checking update status for wwc2011
INFO   | jvm 2    | main    | 2016/04/14 14:47:31.585 | INFO  [automatedUpdateCl2010::de.hybris.platform.servicelayer.internal.jalo.ServicelayerJob] (automatedUpdateCl2010) [UpdateOpenLigaDbService] Checking update status for cl2010
INFO   | jvm 2    | main    | 2016/04/14 14:47:31.585 | INFO  [automatedUpdate1LGer2011::de.hybris.platform.servicelayer.internal.jalo.ServicelayerJob] (automatedUpdate1LGer2011) [UpdateOpenLigaDbService] Checking update status for 1lger2011
INFO   | jvm 2    | main    | 2016/04/14 14:47:31.685 | INFO  [automatedUpdate1LGer2010::de.hybris.platform.servicelayer.internal.jalo.ServicelayerJob] (automatedUpdate1LGer2010) [UpdateOpenLigaDbService] No update needed for 1lger2010
INFO   | jvm 2    | main    | 2016/04/14 14:47:31.785 | INFO  [automatedUpdateCl2010::de.hybris.platform.servicelayer.internal.jalo.ServicelayerJob] (automatedUpdateCl2010) [UpdateOpenLigaDbService] No update needed for cl2010
INFO   | jvm 2    | main    | 2016/04/14 14:47:31.785 | INFO  [automatedUpdate1LGer2011::de.hybris.platform.servicelayer.internal.jalo.ServicelayerJob] (automatedUpdate1LGer2011) [UpdateOpenLigaDbService] No update needed for 1lger2011
INFO   | jvm 2    | main    | 2016/04/14 14:47:31.785 | INFO  [automatedUpdate1LGer2012::de.hybris.platform.servicelayer.internal.jalo.ServicelayerJob] (automatedUpdate1LGer2012) [UpdateOpenLigaDbService] No update needed for 1lger2012
INFO   | jvm 2    | main    | 2016/04/14 14:47:31.885 | INFO  [automatedUpdateWWC2011::de.hybris.platform.servicelayer.internal.jalo.ServicelayerJob] (automatedUpdateWWC2011) [UpdateOpenLigaDbService] No update needed for wwc2011
INFO   | jvm 2    | main    | 2016/04/14 14:47:31.885 | INFO  [automatedUpdate2LGer2010::de.hybris.platform.servicelayer.internal.jalo.ServicelayerJob] (automatedUpdate2LGer2010) [UpdateOpenLigaDbService] No update needed for 2lger2010
INFO   | jvm 2    | main    | 2016/04/14 14:47:41.322 | INFO  [automatedUpdateCl2011::de.hybris.platform.servicelayer.internal.jalo.ServicelayerJob] (automatedUpdateCl2011) [UpdateOpenLigaDbService] Checking update status for cl2011
INFO   | jvm 2    | main    | 2016/04/14 14:47:41.323 | INFO  [automatedUpdateCl2012::de.hybris.platform.servicelayer.internal.jalo.ServicelayerJob] (automatedUpdateCl2012) [UpdateOpenLigaDbService] Checking update status for cl2012
INFO   | jvm 2    | main    | 2016/04/14 14:47:41.523 | INFO  [automatedUpdateCl2012::de.hybris.platform.servicelayer.internal.jalo.ServicelayerJob] (automatedUpdateCl2012) [UpdateOpenLigaDbService] No update needed for cl2012
INFO   | jvm 2    | main    | 2016/04/14 14:47:41.623 | INFO  [automatedUpdateCl2011::de.hybris.platform.servicelayer.internal.jalo.ServicelayerJob] (automatedUpdateCl2011) [UpdateOpenLigaDbService] No update needed for cl2011
STATUS | wrapper  | main    | 2016/04/14 15:11:31.864 | Pinging the JVM took 1 seconds to respond.
INFO   | jvm 2    | main    | 2016/04/14 15:47:22.403 | INFO  [automatedUpdateEC2012::de.hybris.platform.servicelayer.internal.jalo.ServicelayerJob] (automatedUpdateEC2012) [UpdateOpenLigaDbService] Checking update status for ec2012
INFO   | jvm 2    | main    | 2016/04/14 15:47:22.603 | INFO  [automatedUpdateEC2012::de.hybris.platform.servicelayer.internal.jalo.ServicelayerJob] (automatedUpdateEC2012) [UpdateOpenLigaDbService] No update needed for ec2012
INFO   | jvm 2    | main    | 2016/04/14 15:47:32.461 | INFO  [automatedUpdateWWC2011::de.hybris.platform.servicelayer.internal.jalo.ServicelayerJob] (automatedUpdateWWC2011) [UpdateOpenLigaDbService] Checking update status for wwc2011
INFO   | jvm 2    | main    | 2016/04/14 15:47:32.563 | INFO  [automatedUpdateCl2011::de.hybris.platform.servicelayer.internal.jalo.ServicelayerJob] (automatedUpdateCl2011) [UpdateOpenLigaDbService] Checking update status for cl2011
INFO   | jvm 2    | main    | 2016/04/14 15:47:32.563 | INFO  [automatedUpdateCl2010::de.hybris.platform.servicelayer.internal.jalo.ServicelayerJob] (automatedUpdateCl2010) [UpdateOpenLigaDbService] Checking update status for cl2010
INFO   | jvm 2    | main    | 2016/04/14 15:47:32.663 | INFO  [automatedUpdate1LGer2010::de.hybris.platform.servicelayer.internal.jalo.ServicelayerJob] (automatedUpdate1LGer2010) [UpdateOpenLigaDbService] Checking update status for 1lger2010
INFO   | jvm 2    | main    | 2016/04/14 15:47:32.663 | INFO  [automatedUpdate1LGer2011::de.hybris.platform.servicelayer.internal.jalo.ServicelayerJob] (automatedUpdate1LGer2011) [UpdateOpenLigaDbService] Checking update status for 1lger2011
INFO   | jvm 2    | main    | 2016/04/14 15:47:32.663 | INFO  [automatedUpdate1LGer2012::de.hybris.platform.servicelayer.internal.jalo.ServicelayerJob] (automatedUpdate1LGer2012) [UpdateOpenLigaDbService] Checking update status for 1lger2012
INFO   | jvm 2    | main    | 2016/04/14 15:47:32.664 | INFO  [automatedUpdate2LGer2010::de.hybris.platform.servicelayer.internal.jalo.ServicelayerJob] (automatedUpdate2LGer2010) [UpdateOpenLigaDbService] Checking update status for 2lger2010
INFO   | jvm 2    | main    | 2016/04/14 15:47:32.670 | INFO  [automatedUpdateWWC2011::de.hybris.platform.servicelayer.internal.jalo.ServicelayerJob] (automatedUpdateWWC2011) [UpdateOpenLigaDbService] No update needed for wwc2011
INFO   | jvm 2    | main    | 2016/04/14 15:47:32.870 | INFO  [automatedUpdate2LGer2010::de.hybris.platform.servicelayer.internal.jalo.ServicelayerJob] (automatedUpdate2LGer2010) [UpdateOpenLigaDbService] No update needed for 2lger2010
INFO   | jvm 2    | main    | 2016/04/14 15:47:32.870 | INFO  [automatedUpdateCl2010::de.hybris.platform.servicelayer.internal.jalo.ServicelayerJob] (automatedUpdateCl2010) [UpdateOpenLigaDbService] No update needed for cl2010
INFO   | jvm 2    | main    | 2016/04/14 15:47:32.870 | INFO  [automatedUpdate1LGer2012::de.hybris.platform.servicelayer.internal.jalo.ServicelayerJob] (automatedUpdate1LGer2012) [UpdateOpenLigaDbService] No update needed for 1lger2012
INFO   | jvm 2    | main    | 2016/04/14 15:47:32.870 | INFO  [automatedUpdate1LGer2010::de.hybris.platform.servicelayer.internal.jalo.ServicelayerJob] (automatedUpdate1LGer2010) [UpdateOpenLigaDbService] No update needed for 1lger2010
INFO   | jvm 2    | main    | 2016/04/14 15:47:32.870 | INFO  [automatedUpdateCl2011::de.hybris.platform.servicelayer.internal.jalo.ServicelayerJob] (automatedUpdateCl2011) [UpdateOpenLigaDbService] No update needed for cl2011
INFO   | jvm 2    | main    | 2016/04/14 15:47:32.870 | INFO  [automatedUpdate1LGer2011::de.hybris.platform.servicelayer.internal.jalo.ServicelayerJob] (automatedUpdate1LGer2011) [UpdateOpenLigaDbService] No update needed for 1lger2011
INFO   | jvm 2    | main    | 2016/04/14 15:47:42.394 | INFO  [automatedUpdateCl2012::de.hybris.platform.servicelayer.internal.jalo.ServicelayerJob] (automatedUpdateCl2012) [UpdateOpenLigaDbService] Checking update status for cl2012
INFO   | jvm 2    | main    | 2016/04/14 15:47:42.695 | INFO  [automatedUpdateCl2012::de.hybris.platform.servicelayer.internal.jalo.ServicelayerJob] (automatedUpdateCl2012) [UpdateOpenLigaDbService] No update needed for cl2012
INFO   | jvm 2    | main    | 2016/04/14 16:47:23.653 | INFO  [automatedUpdateEC2012::de.hybris.platform.servicelayer.internal.jalo.ServicelayerJob] (automatedUpdateEC2012) [UpdateOpenLigaDbService] Checking update status for ec2012
INFO   | jvm 2    | main    | 2016/04/14 16:47:23.954 | INFO  [automatedUpdateEC2012::de.hybris.platform.servicelayer.internal.jalo.ServicelayerJob] (automatedUpdateEC2012) [UpdateOpenLigaDbService] No update needed for ec2012
INFO   | jvm 2    | main    | 2016/04/14 16:47:33.757 | INFO  [automatedUpdateWWC2011::de.hybris.platform.servicelayer.internal.jalo.ServicelayerJob] (automatedUpdateWWC2011) [UpdateOpenLigaDbService] Checking update status for wwc2011
INFO   | jvm 2    | main    | 2016/04/14 16:47:33.757 | INFO  [automatedUpdate1LGer2010::de.hybris.platform.servicelayer.internal.jalo.ServicelayerJob] (automatedUpdate1LGer2010) [UpdateOpenLigaDbService] Checking update status for 1lger2010
INFO   | jvm 2    | main    | 2016/04/14 16:47:33.757 | INFO  [automatedUpdateCl2012::de.hybris.platform.servicelayer.internal.jalo.ServicelayerJob] (automatedUpdateCl2012) [UpdateOpenLigaDbService] Checking update status for cl2012
INFO   | jvm 2    | main    | 2016/04/14 16:47:34.257 | INFO  [automatedUpdateWWC2011::de.hybris.platform.servicelayer.internal.jalo.ServicelayerJob] (automatedUpdateWWC2011) [UpdateOpenLigaDbService] No update needed for wwc2011
INFO   | jvm 2    | main    | 2016/04/14 16:47:34.257 | INFO  [automatedUpdateCl2010::de.hybris.platform.servicelayer.internal.jalo.ServicelayerJob] (automatedUpdateCl2010) [UpdateOpenLigaDbService] Checking update status for cl2010
INFO   | jvm 2    | main    | 2016/04/14 16:47:34.257 | INFO  [automatedUpdate2LGer2010::de.hybris.platform.servicelayer.internal.jalo.ServicelayerJob] (automatedUpdate2LGer2010) [UpdateOpenLigaDbService] Checking update status for 2lger2010
INFO   | jvm 2    | main    | 2016/04/14 16:47:34.257 | INFO  [automatedUpdate1LGer2012::de.hybris.platform.servicelayer.internal.jalo.ServicelayerJob] (automatedUpdate1LGer2012) [UpdateOpenLigaDbService] Checking update status for 1lger2012
INFO   | jvm 2    | main    | 2016/04/14 16:47:34.257 | INFO  [automatedUpdateCl2011::de.hybris.platform.servicelayer.internal.jalo.ServicelayerJob] (automatedUpdateCl2011) [UpdateOpenLigaDbService] Checking update status for cl2011
INFO   | jvm 2    | main    | 2016/04/14 16:47:34.357 | INFO  [automatedUpdate1LGer2011::de.hybris.platform.servicelayer.internal.jalo.ServicelayerJob] (automatedUpdate1LGer2011) [UpdateOpenLigaDbService] Checking update status for 1lger2011
INFO   | jvm 2    | main    | 2016/04/14 16:47:34.573 | INFO  [automatedUpdateCl2012::de.hybris.platform.servicelayer.internal.jalo.ServicelayerJob] (automatedUpdateCl2012) [UpdateOpenLigaDbService] No update needed for cl2012
INFO   | jvm 2    | main    | 2016/04/14 16:47:34.573 | INFO  [automatedUpdate1LGer2010::de.hybris.platform.servicelayer.internal.jalo.ServicelayerJob] (automatedUpdate1LGer2010) [UpdateOpenLigaDbService] No update needed for 1lger2010
INFO   | jvm 2    | main    | 2016/04/14 16:47:34.573 | INFO  [automatedUpdate1LGer2012::de.hybris.platform.servicelayer.internal.jalo.ServicelayerJob] (automatedUpdate1LGer2012) [UpdateOpenLigaDbService] No update needed for 1lger2012
INFO   | jvm 2    | main    | 2016/04/14 16:47:34.573 | INFO  [automatedUpdateCl2010::de.hybris.platform.servicelayer.internal.jalo.ServicelayerJob] (automatedUpdateCl2010) [UpdateOpenLigaDbService] No update needed for cl2010
INFO   | jvm 2    | main    | 2016/04/14 16:47:34.573 | INFO  [automatedUpdateCl2011::de.hybris.platform.servicelayer.internal.jalo.ServicelayerJob] (automatedUpdateCl2011) [UpdateOpenLigaDbService] No update needed for cl2011
INFO   | jvm 2    | main    | 2016/04/14 16:47:34.574 | INFO  [automatedUpdate1LGer2011::de.hybris.platform.servicelayer.internal.jalo.ServicelayerJob] (automatedUpdate1LGer2011) [UpdateOpenLigaDbService] No update needed for 1lger2011
INFO   | jvm 2    | main    | 2016/04/14 16:47:34.574 | INFO  [automatedUpdate2LGer2010::de.hybris.platform.servicelayer.internal.jalo.ServicelayerJob] (automatedUpdate2LGer2010) [UpdateOpenLigaDbService] No update needed for 2lger2010
INFO   | jvm 2    | main    | 2016/04/14 17:45:55.168 | INFO  [sendReminderCronJob::de.hybris.platform.servicelayer.internal.jalo.ServicelayerJob] (sendReminderCronJob) [SendReminderJob] Sending reminder mails ..
INFO   | jvm 2    | main    | 2016/04/14 17:47:25.076 | INFO  [automatedUpdateEC2012::de.hybris.platform.servicelayer.internal.jalo.ServicelayerJob] (automatedUpdateEC2012) [UpdateOpenLigaDbService] Checking update status for ec2012
INFO   | jvm 2    | main    | 2016/04/14 17:47:25.277 | INFO  [automatedUpdateEC2012::de.hybris.platform.servicelayer.internal.jalo.ServicelayerJob] (automatedUpdateEC2012) [UpdateOpenLigaDbService] No update needed for ec2012
INFO   | jvm 2    | main    | 2016/04/14 17:47:35.079 | INFO  [automatedUpdate2LGer2010::de.hybris.platform.servicelayer.internal.jalo.ServicelayerJob] (automatedUpdate2LGer2010) [UpdateOpenLigaDbService] Checking update status for 2lger2010
INFO   | jvm 2    | main    | 2016/04/14 17:47:35.179 | INFO  [automatedUpdateWWC2011::de.hybris.platform.servicelayer.internal.jalo.ServicelayerJob] (automatedUpdateWWC2011) [UpdateOpenLigaDbService] Checking update status for wwc2011
INFO   | jvm 2    | main    | 2016/04/14 17:47:35.179 | INFO  [automatedUpdateCl2011::de.hybris.platform.servicelayer.internal.jalo.ServicelayerJob] (automatedUpdateCl2011) [UpdateOpenLigaDbService] Checking update status for cl2011
INFO   | jvm 2    | main    | 2016/04/14 17:47:35.279 | INFO  [automatedUpdate1LGer2010::de.hybris.platform.servicelayer.internal.jalo.ServicelayerJob] (automatedUpdate1LGer2010) [UpdateOpenLigaDbService] Checking update status for 1lger2010
INFO   | jvm 2    | main    | 2016/04/14 17:47:35.280 | INFO  [automatedUpdate1LGer2012::de.hybris.platform.servicelayer.internal.jalo.ServicelayerJob] (automatedUpdate1LGer2012) [UpdateOpenLigaDbService] Checking update status for 1lger2012
INFO   | jvm 2    | main    | 2016/04/14 17:47:35.280 | INFO  [automatedUpdateCl2010::de.hybris.platform.servicelayer.internal.jalo.ServicelayerJob] (automatedUpdateCl2010) [UpdateOpenLigaDbService] Checking update status for cl2010
INFO   | jvm 2    | main    | 2016/04/14 17:47:35.280 | INFO  [automatedUpdate1LGer2011::de.hybris.platform.servicelayer.internal.jalo.ServicelayerJob] (automatedUpdate1LGer2011) [UpdateOpenLigaDbService] Checking update status for 1lger2011
INFO   | jvm 2    | main    | 2016/04/14 17:47:35.380 | INFO  [automatedUpdateCl2012::de.hybris.platform.servicelayer.internal.jalo.ServicelayerJob] (automatedUpdateCl2012) [UpdateOpenLigaDbService] Checking update status for cl2012
INFO   | jvm 2    | main    | 2016/04/14 17:47:35.380 | INFO  [automatedUpdate2LGer2010::de.hybris.platform.servicelayer.internal.jalo.ServicelayerJob] (automatedUpdate2LGer2010) [UpdateOpenLigaDbService] No update needed for 2lger2010
INFO   | jvm 2    | main    | 2016/04/14 17:47:35.380 | INFO  [automatedUpdateWWC2011::de.hybris.platform.servicelayer.internal.jalo.ServicelayerJob] (automatedUpdateWWC2011) [UpdateOpenLigaDbService] No update needed for wwc2011
INFO   | jvm 2    | main    | 2016/04/14 17:47:35.480 | INFO  [automatedUpdateCl2011::de.hybris.platform.servicelayer.internal.jalo.ServicelayerJob] (automatedUpdateCl2011) [UpdateOpenLigaDbService] No update needed for cl2011
INFO   | jvm 2    | main    | 2016/04/14 17:47:35.583 | INFO  [automatedUpdateCl2012::de.hybris.platform.servicelayer.internal.jalo.ServicelayerJob] (automatedUpdateCl2012) [UpdateOpenLigaDbService] No update needed for cl2012
INFO   | jvm 2    | main    | 2016/04/14 17:47:35.583 | INFO  [automatedUpdate1LGer2010::de.hybris.platform.servicelayer.internal.jalo.ServicelayerJob] (automatedUpdate1LGer2010) [UpdateOpenLigaDbService] No update needed for 1lger2010
INFO   | jvm 2    | main    | 2016/04/14 17:47:35.583 | INFO  [automatedUpdateCl2010::de.hybris.platform.servicelayer.internal.jalo.ServicelayerJob] (automatedUpdateCl2010) [UpdateOpenLigaDbService] No update needed for cl2010
INFO   | jvm 2    | main    | 2016/04/14 17:47:35.684 | INFO  [automatedUpdate1LGer2011::de.hybris.platform.servicelayer.internal.jalo.ServicelayerJob] (automatedUpdate1LGer2011) [UpdateOpenLigaDbService] No update needed for 1lger2011
INFO   | jvm 2    | main    | 2016/04/14 17:47:35.684 | INFO  [automatedUpdate1LGer2012::de.hybris.platform.servicelayer.internal.jalo.ServicelayerJob] (automatedUpdate1LGer2012) [UpdateOpenLigaDbService] No update needed for 1lger2012
INFO   | jvm 2    | main    | 2016/04/14 18:47:26.487 | INFO  [automatedUpdateEC2012::de.hybris.platform.servicelayer.internal.jalo.ServicelayerJob] (automatedUpdateEC2012) [UpdateOpenLigaDbService] Checking update status for ec2012
INFO   | jvm 2    | main    | 2016/04/14 18:47:26.687 | INFO  [automatedUpdateEC2012::de.hybris.platform.servicelayer.internal.jalo.ServicelayerJob] (automatedUpdateEC2012) [UpdateOpenLigaDbService] No update needed for ec2012
INFO   | jvm 2    | main    | 2016/04/14 18:47:36.596 | INFO  [automatedUpdate1LGer2012::de.hybris.platform.servicelayer.internal.jalo.ServicelayerJob] (automatedUpdate1LGer2012) [UpdateOpenLigaDbService] Checking update status for 1lger2012
INFO   | jvm 2    | main    | 2016/04/14 18:47:36.696 | INFO  [automatedUpdateCl2011::de.hybris.platform.servicelayer.internal.jalo.ServicelayerJob] (automatedUpdateCl2011) [UpdateOpenLigaDbService] Checking update status for cl2011
INFO   | jvm 2    | main    | 2016/04/14 18:47:36.696 | INFO  [automatedUpdateCl2012::de.hybris.platform.servicelayer.internal.jalo.ServicelayerJob] (automatedUpdateCl2012) [UpdateOpenLigaDbService] Checking update status for cl2012
INFO   | jvm 2    | main    | 2016/04/14 18:47:36.696 | INFO  [automatedUpdateCl2010::de.hybris.platform.servicelayer.internal.jalo.ServicelayerJob] (automatedUpdateCl2010) [UpdateOpenLigaDbService] Checking update status for cl2010
INFO   | jvm 2    | main    | 2016/04/14 18:47:36.696 | INFO  [automatedUpdate1LGer2010::de.hybris.platform.servicelayer.internal.jalo.ServicelayerJob] (automatedUpdate1LGer2010) [UpdateOpenLigaDbService] Checking update status for 1lger2010
INFO   | jvm 2    | main    | 2016/04/14 18:47:36.696 | INFO  [automatedUpdate2LGer2010::de.hybris.platform.servicelayer.internal.jalo.ServicelayerJob] (automatedUpdate2LGer2010) [UpdateOpenLigaDbService] Checking update status for 2lger2010
INFO   | jvm 2    | main    | 2016/04/14 18:47:36.696 | INFO  [automatedUpdateWWC2011::de.hybris.platform.servicelayer.internal.jalo.ServicelayerJob] (automatedUpdateWWC2011) [UpdateOpenLigaDbService] Checking update status for wwc2011
INFO   | jvm 2    | main    | 2016/04/14 18:47:36.696 | INFO  [automatedUpdate1LGer2011::de.hybris.platform.servicelayer.internal.jalo.ServicelayerJob] (automatedUpdate1LGer2011) [UpdateOpenLigaDbService] Checking update status for 1lger2011
INFO   | jvm 2    | main    | 2016/04/14 18:47:36.796 | INFO  [automatedUpdate1LGer2012::de.hybris.platform.servicelayer.internal.jalo.ServicelayerJob] (automatedUpdate1LGer2012) [UpdateOpenLigaDbService] No update needed for 1lger2012
INFO   | jvm 2    | main    | 2016/04/14 18:47:36.896 | INFO  [automatedUpdateWWC2011::de.hybris.platform.servicelayer.internal.jalo.ServicelayerJob] (automatedUpdateWWC2011) [UpdateOpenLigaDbService] No update needed for wwc2011
INFO   | jvm 2    | main    | 2016/04/14 18:47:36.896 | INFO  [automatedUpdate2LGer2010::de.hybris.platform.servicelayer.internal.jalo.ServicelayerJob] (automatedUpdate2LGer2010) [UpdateOpenLigaDbService] No update needed for 2lger2010
INFO   | jvm 2    | main    | 2016/04/14 18:47:36.896 | INFO  [automatedUpdate1LGer2011::de.hybris.platform.servicelayer.internal.jalo.ServicelayerJob] (automatedUpdate1LGer2011) [UpdateOpenLigaDbService] No update needed for 1lger2011
INFO   | jvm 2    | main    | 2016/04/14 18:47:36.896 | INFO  [automatedUpdate1LGer2010::de.hybris.platform.servicelayer.internal.jalo.ServicelayerJob] (automatedUpdate1LGer2010) [UpdateOpenLigaDbService] No update needed for 1lger2010
INFO   | jvm 2    | main    | 2016/04/14 18:47:36.897 | INFO  [automatedUpdateCl2011::de.hybris.platform.servicelayer.internal.jalo.ServicelayerJob] (automatedUpdateCl2011) [UpdateOpenLigaDbService] No update needed for cl2011
INFO   | jvm 2    | main    | 2016/04/14 18:47:36.897 | INFO  [automatedUpdateCl2010::de.hybris.platform.servicelayer.internal.jalo.ServicelayerJob] (automatedUpdateCl2010) [UpdateOpenLigaDbService] No update needed for cl2010
INFO   | jvm 2    | main    | 2016/04/14 18:47:36.897 | INFO  [automatedUpdateCl2012::de.hybris.platform.servicelayer.internal.jalo.ServicelayerJob] (automatedUpdateCl2012) [UpdateOpenLigaDbService] No update needed for cl2012
INFO   | jvm 2    | main    | 2016/04/14 19:47:27.674 | INFO  [automatedUpdateEC2012::de.hybris.platform.servicelayer.internal.jalo.ServicelayerJob] (automatedUpdateEC2012) [UpdateOpenLigaDbService] Checking update status for ec2012
INFO   | jvm 2    | main    | 2016/04/14 19:47:27.874 | INFO  [automatedUpdateEC2012::de.hybris.platform.servicelayer.internal.jalo.ServicelayerJob] (automatedUpdateEC2012) [UpdateOpenLigaDbService] No update needed for ec2012
INFO   | jvm 2    | main    | 2016/04/14 19:47:37.678 | INFO  [automatedUpdateWWC2011::de.hybris.platform.servicelayer.internal.jalo.ServicelayerJob] (automatedUpdateWWC2011) [UpdateOpenLigaDbService] Checking update status for wwc2011
INFO   | jvm 2    | main    | 2016/04/14 19:47:37.678 | INFO  [automatedUpdateCl2011::de.hybris.platform.servicelayer.internal.jalo.ServicelayerJob] (automatedUpdateCl2011) [UpdateOpenLigaDbService] Checking update status for cl2011
INFO   | jvm 2    | main    | 2016/04/14 19:47:37.678 | INFO  [automatedUpdate1LGer2011::de.hybris.platform.servicelayer.internal.jalo.ServicelayerJob] (automatedUpdate1LGer2011) [UpdateOpenLigaDbService] Checking update status for 1lger2011
INFO   | jvm 2    | main    | 2016/04/14 19:47:37.778 | INFO  [automatedUpdate2LGer2010::de.hybris.platform.servicelayer.internal.jalo.ServicelayerJob] (automatedUpdate2LGer2010) [UpdateOpenLigaDbService] Checking update status for 2lger2010
INFO   | jvm 2    | main    | 2016/04/14 19:47:37.778 | INFO  [automatedUpdate1LGer2012::de.hybris.platform.servicelayer.internal.jalo.ServicelayerJob] (automatedUpdate1LGer2012) [UpdateOpenLigaDbService] Checking update status for 1lger2012
INFO   | jvm 2    | main    | 2016/04/14 19:47:37.779 | INFO  [automatedUpdateCl2012::de.hybris.platform.servicelayer.internal.jalo.ServicelayerJob] (automatedUpdateCl2012) [UpdateOpenLigaDbService] Checking update status for cl2012
INFO   | jvm 2    | main    | 2016/04/14 19:47:37.779 | INFO  [automatedUpdateCl2010::de.hybris.platform.servicelayer.internal.jalo.ServicelayerJob] (automatedUpdateCl2010) [UpdateOpenLigaDbService] Checking update status for cl2010
INFO   | jvm 2    | main    | 2016/04/14 19:47:37.779 | INFO  [automatedUpdate1LGer2010::de.hybris.platform.servicelayer.internal.jalo.ServicelayerJob] (automatedUpdate1LGer2010) [UpdateOpenLigaDbService] Checking update status for 1lger2010
INFO   | jvm 2    | main    | 2016/04/14 19:47:37.880 | INFO  [automatedUpdateWWC2011::de.hybris.platform.servicelayer.internal.jalo.ServicelayerJob] (automatedUpdateWWC2011) [UpdateOpenLigaDbService] No update needed for wwc2011
INFO   | jvm 2    | main    | 2016/04/14 19:47:37.980 | INFO  [automatedUpdate1LGer2012::de.hybris.platform.servicelayer.internal.jalo.ServicelayerJob] (automatedUpdate1LGer2012) [UpdateOpenLigaDbService] No update needed for 1lger2012
INFO   | jvm 2    | main    | 2016/04/14 19:47:37.980 | INFO  [automatedUpdateCl2011::de.hybris.platform.servicelayer.internal.jalo.ServicelayerJob] (automatedUpdateCl2011) [UpdateOpenLigaDbService] No update needed for cl2011
INFO   | jvm 2    | main    | 2016/04/14 19:47:37.980 | INFO  [automatedUpdateCl2012::de.hybris.platform.servicelayer.internal.jalo.ServicelayerJob] (automatedUpdateCl2012) [UpdateOpenLigaDbService] No update needed for cl2012
INFO   | jvm 2    | main    | 2016/04/14 19:47:37.980 | INFO  [automatedUpdate2LGer2010::de.hybris.platform.servicelayer.internal.jalo.ServicelayerJob] (automatedUpdate2LGer2010) [UpdateOpenLigaDbService] No update needed for 2lger2010
INFO   | jvm 2    | main    | 2016/04/14 19:47:37.980 | INFO  [automatedUpdate1LGer2011::de.hybris.platform.servicelayer.internal.jalo.ServicelayerJob] (automatedUpdate1LGer2011) [UpdateOpenLigaDbService] No update needed for 1lger2011
INFO   | jvm 2    | main    | 2016/04/14 19:47:37.980 | INFO  [automatedUpdate1LGer2010::de.hybris.platform.servicelayer.internal.jalo.ServicelayerJob] (automatedUpdate1LGer2010) [UpdateOpenLigaDbService] No update needed for 1lger2010
INFO   | jvm 2    | main    | 2016/04/14 19:47:37.980 | INFO  [automatedUpdateCl2010::de.hybris.platform.servicelayer.internal.jalo.ServicelayerJob] (automatedUpdateCl2010) [UpdateOpenLigaDbService] No update needed for cl2010
INFO   | jvm 2    | main    | 2016/04/14 20:47:28.790 | INFO  [automatedUpdate1LGer2010::de.hybris.platform.servicelayer.internal.jalo.ServicelayerJob] (automatedUpdate1LGer2010) [UpdateOpenLigaDbService] Checking update status for 1lger2010
INFO   | jvm 2    | main    | 2016/04/14 20:47:28.928 | INFO  [automatedUpdateWWC2011::de.hybris.platform.servicelayer.internal.jalo.ServicelayerJob] (automatedUpdateWWC2011) [UpdateOpenLigaDbService] Checking update status for wwc2011
INFO   | jvm 2    | main    | 2016/04/14 20:47:28.929 | INFO  [automatedUpdateEC2012::de.hybris.platform.servicelayer.internal.jalo.ServicelayerJob] (automatedUpdateEC2012) [UpdateOpenLigaDbService] Checking update status for ec2012
INFO   | jvm 2    | main    | 2016/04/14 20:47:29.229 | INFO  [automatedUpdate1LGer2010::de.hybris.platform.servicelayer.internal.jalo.ServicelayerJob] (automatedUpdate1LGer2010) [UpdateOpenLigaDbService] No update needed for 1lger2010
INFO   | jvm 2    | main    | 2016/04/14 20:47:29.630 | INFO  [automatedUpdateWWC2011::de.hybris.platform.servicelayer.internal.jalo.ServicelayerJob] (automatedUpdateWWC2011) [UpdateOpenLigaDbService] No update needed for wwc2011
INFO   | jvm 2    | main    | 2016/04/14 20:47:29.630 | INFO  [automatedUpdateEC2012::de.hybris.platform.servicelayer.internal.jalo.ServicelayerJob] (automatedUpdateEC2012) [UpdateOpenLigaDbService] No update needed for ec2012
INFO   | jvm 2    | main    | 2016/04/14 20:47:39.097 | INFO  [automatedUpdateCl2010::de.hybris.platform.servicelayer.internal.jalo.ServicelayerJob] (automatedUpdateCl2010) [UpdateOpenLigaDbService] Checking update status for cl2010
INFO   | jvm 2    | main    | 2016/04/14 20:47:39.214 | INFO  [automatedUpdate2LGer2010::de.hybris.platform.servicelayer.internal.jalo.ServicelayerJob] (automatedUpdate2LGer2010) [UpdateOpenLigaDbService] Checking update status for 2lger2010
INFO   | jvm 2    | main    | 2016/04/14 20:47:39.214 | INFO  [automatedUpdateCl2012::de.hybris.platform.servicelayer.internal.jalo.ServicelayerJob] (automatedUpdateCl2012) [UpdateOpenLigaDbService] Checking update status for cl2012
INFO   | jvm 2    | main    | 2016/04/14 20:47:39.215 | INFO  [automatedUpdateCl2011::de.hybris.platform.servicelayer.internal.jalo.ServicelayerJob] (automatedUpdateCl2011) [UpdateOpenLigaDbService] Checking update status for cl2011
INFO   | jvm 2    | main    | 2016/04/14 20:47:39.215 | INFO  [automatedUpdate1LGer2012::de.hybris.platform.servicelayer.internal.jalo.ServicelayerJob] (automatedUpdate1LGer2012) [UpdateOpenLigaDbService] Checking update status for 1lger2012
INFO   | jvm 2    | main    | 2016/04/14 20:47:39.215 | INFO  [automatedUpdate1LGer2011::de.hybris.platform.servicelayer.internal.jalo.ServicelayerJob] (automatedUpdate1LGer2011) [UpdateOpenLigaDbService] Checking update status for 1lger2011
INFO   | jvm 2    | main    | 2016/04/14 20:47:39.615 | INFO  [automatedUpdate2LGer2010::de.hybris.platform.servicelayer.internal.jalo.ServicelayerJob] (automatedUpdate2LGer2010) [UpdateOpenLigaDbService] No update needed for 2lger2010
INFO   | jvm 2    | main    | 2016/04/14 20:47:39.615 | INFO  [automatedUpdate1LGer2012::de.hybris.platform.servicelayer.internal.jalo.ServicelayerJob] (automatedUpdate1LGer2012) [UpdateOpenLigaDbService] No update needed for 1lger2012
INFO   | jvm 2    | main    | 2016/04/14 20:47:39.616 | INFO  [automatedUpdateCl2012::de.hybris.platform.servicelayer.internal.jalo.ServicelayerJob] (automatedUpdateCl2012) [UpdateOpenLigaDbService] No update needed for cl2012
INFO   | jvm 2    | main    | 2016/04/14 20:47:39.716 | INFO  [automatedUpdate1LGer2011::de.hybris.platform.servicelayer.internal.jalo.ServicelayerJob] (automatedUpdate1LGer2011) [UpdateOpenLigaDbService] No update needed for 1lger2011
INFO   | jvm 2    | main    | 2016/04/14 20:47:40.022 | INFO  [automatedUpdateCl2011::de.hybris.platform.servicelayer.internal.jalo.ServicelayerJob] (automatedUpdateCl2011) [UpdateOpenLigaDbService] No update needed for cl2011
INFO   | jvm 2    | main    | 2016/04/14 20:47:40.612 | INFO  [automatedUpdateCl2010::de.hybris.platform.servicelayer.internal.jalo.ServicelayerJob] (automatedUpdateCl2010) [UpdateOpenLigaDbService] No update needed for cl2010
INFO   | jvm 2    | main    | 2016/04/14 21:47:30.125 | INFO  [automatedUpdate1LGer2011::de.hybris.platform.servicelayer.internal.jalo.ServicelayerJob] (automatedUpdate1LGer2011) [UpdateOpenLigaDbService] Checking update status for 1lger2011
INFO   | jvm 2    | main    | 2016/04/14 21:47:30.125 | INFO  [automatedUpdateWWC2011::de.hybris.platform.servicelayer.internal.jalo.ServicelayerJob] (automatedUpdateWWC2011) [UpdateOpenLigaDbService] Checking update status for wwc2011
INFO   | jvm 2    | main    | 2016/04/14 21:47:30.125 | INFO  [automatedUpdate2LGer2010::de.hybris.platform.servicelayer.internal.jalo.ServicelayerJob] (automatedUpdate2LGer2010) [UpdateOpenLigaDbService] Checking update status for 2lger2010
INFO   | jvm 2    | main    | 2016/04/14 21:47:30.125 | INFO  [automatedUpdateEC2012::de.hybris.platform.servicelayer.internal.jalo.ServicelayerJob] (automatedUpdateEC2012) [UpdateOpenLigaDbService] Checking update status for ec2012
INFO   | jvm 2    | main    | 2016/04/14 21:47:30.125 | INFO  [automatedUpdate1LGer2010::de.hybris.platform.servicelayer.internal.jalo.ServicelayerJob] (automatedUpdate1LGer2010) [UpdateOpenLigaDbService] Checking update status for 1lger2010
INFO   | jvm 2    | main    | 2016/04/14 21:47:30.326 | INFO  [automatedUpdate1LGer2011::de.hybris.platform.servicelayer.internal.jalo.ServicelayerJob] (automatedUpdate1LGer2011) [UpdateOpenLigaDbService] No update needed for 1lger2011
INFO   | jvm 2    | main    | 2016/04/14 21:47:30.326 | INFO  [automatedUpdateWWC2011::de.hybris.platform.servicelayer.internal.jalo.ServicelayerJob] (automatedUpdateWWC2011) [UpdateOpenLigaDbService] No update needed for wwc2011
INFO   | jvm 2    | main    | 2016/04/14 21:47:30.426 | INFO  [automatedUpdate1LGer2010::de.hybris.platform.servicelayer.internal.jalo.ServicelayerJob] (automatedUpdate1LGer2010) [UpdateOpenLigaDbService] No update needed for 1lger2010
INFO   | jvm 2    | main    | 2016/04/14 21:47:30.426 | INFO  [automatedUpdateEC2012::de.hybris.platform.servicelayer.internal.jalo.ServicelayerJob] (automatedUpdateEC2012) [UpdateOpenLigaDbService] No update needed for ec2012
INFO   | jvm 2    | main    | 2016/04/14 21:47:30.426 | INFO  [automatedUpdate2LGer2010::de.hybris.platform.servicelayer.internal.jalo.ServicelayerJob] (automatedUpdate2LGer2010) [UpdateOpenLigaDbService] No update needed for 2lger2010
INFO   | jvm 2    | main    | 2016/04/14 21:47:40.029 | INFO  [automatedUpdateCl2012::de.hybris.platform.servicelayer.internal.jalo.ServicelayerJob] (automatedUpdateCl2012) [UpdateOpenLigaDbService] Checking update status for cl2012
INFO   | jvm 2    | main    | 2016/04/14 21:47:40.029 | INFO  [automatedUpdate1LGer2012::de.hybris.platform.servicelayer.internal.jalo.ServicelayerJob] (automatedUpdate1LGer2012) [UpdateOpenLigaDbService] Checking update status for 1lger2012
INFO   | jvm 2    | main    | 2016/04/14 21:47:40.029 | INFO  [automatedUpdateCl2011::de.hybris.platform.servicelayer.internal.jalo.ServicelayerJob] (automatedUpdateCl2011) [UpdateOpenLigaDbService] Checking update status for cl2011
INFO   | jvm 2    | main    | 2016/04/14 21:47:40.029 | INFO  [automatedUpdateCl2010::de.hybris.platform.servicelayer.internal.jalo.ServicelayerJob] (automatedUpdateCl2010) [UpdateOpenLigaDbService] Checking update status for cl2010
INFO   | jvm 2    | main    | 2016/04/14 21:47:40.329 | INFO  [automatedUpdate1LGer2012::de.hybris.platform.servicelayer.internal.jalo.ServicelayerJob] (automatedUpdate1LGer2012) [UpdateOpenLigaDbService] No update needed for 1lger2012
INFO   | jvm 2    | main    | 2016/04/14 21:47:40.329 | INFO  [automatedUpdateCl2010::de.hybris.platform.servicelayer.internal.jalo.ServicelayerJob] (automatedUpdateCl2010) [UpdateOpenLigaDbService] No update needed for cl2010
INFO   | jvm 2    | main    | 2016/04/14 21:47:40.329 | INFO  [automatedUpdateCl2012::de.hybris.platform.servicelayer.internal.jalo.ServicelayerJob] (automatedUpdateCl2012) [UpdateOpenLigaDbService] No update needed for cl2012
INFO   | jvm 2    | main    | 2016/04/14 21:47:40.329 | INFO  [automatedUpdateCl2011::de.hybris.platform.servicelayer.internal.jalo.ServicelayerJob] (automatedUpdateCl2011) [UpdateOpenLigaDbService] No update needed for cl2011
STATUS | wrapper  | main    | 2016/04/14 22:20:29.204 | Pinging the JVM took 1 seconds to respond.
INFO   | jvm 2    | main    | 2016/04/14 22:47:26.761 | INFO  [automatedUpdateEC2012::de.hybris.platform.servicelayer.internal.jalo.ServicelayerJob] (automatedUpdateEC2012) [UpdateOpenLigaDbService] Checking update status for ec2012
INFO   | jvm 2    | main    | 2016/04/14 22:47:27.663 | INFO  [automatedUpdateEC2012::de.hybris.platform.servicelayer.internal.jalo.ServicelayerJob] (automatedUpdateEC2012) [UpdateOpenLigaDbService] No update needed for ec2012
INFO   | jvm 2    | main    | 2016/04/14 22:47:37.215 | INFO  [automatedUpdateWWC2011::de.hybris.platform.servicelayer.internal.jalo.ServicelayerJob] (automatedUpdateWWC2011) [UpdateOpenLigaDbService] Checking update status for wwc2011
INFO   | jvm 2    | main    | 2016/04/14 22:47:37.315 | INFO  [automatedUpdate1LGer2012::de.hybris.platform.servicelayer.internal.jalo.ServicelayerJob] (automatedUpdate1LGer2012) [UpdateOpenLigaDbService] Checking update status for 1lger2012
INFO   | jvm 2    | main    | 2016/04/14 22:47:37.415 | INFO  [automatedUpdate1LGer2010::de.hybris.platform.servicelayer.internal.jalo.ServicelayerJob] (automatedUpdate1LGer2010) [UpdateOpenLigaDbService] Checking update status for 1lger2010
INFO   | jvm 2    | main    | 2016/04/14 22:47:37.848 | INFO  [automatedUpdateCl2010::de.hybris.platform.servicelayer.internal.jalo.ServicelayerJob] (automatedUpdateCl2010) [UpdateOpenLigaDbService] Checking update status for cl2010
INFO   | jvm 2    | main    | 2016/04/14 22:47:37.848 | INFO  [automatedUpdateWWC2011::de.hybris.platform.servicelayer.internal.jalo.ServicelayerJob] (automatedUpdateWWC2011) [UpdateOpenLigaDbService] No update needed for wwc2011
INFO   | jvm 2    | main    | 2016/04/14 22:47:38.148 | INFO  [automatedUpdate1LGer2012::de.hybris.platform.servicelayer.internal.jalo.ServicelayerJob] (automatedUpdate1LGer2012) [UpdateOpenLigaDbService] No update needed for 1lger2012
INFO   | jvm 2    | main    | 2016/04/14 22:47:38.148 | INFO  [automatedUpdate1LGer2010::de.hybris.platform.servicelayer.internal.jalo.ServicelayerJob] (automatedUpdate1LGer2010) [UpdateOpenLigaDbService] No update needed for 1lger2010
INFO   | jvm 2    | main    | 2016/04/14 22:47:38.148 | INFO  [automatedUpdateCl2011::de.hybris.platform.servicelayer.internal.jalo.ServicelayerJob] (automatedUpdateCl2011) [UpdateOpenLigaDbService] Checking update status for cl2011
INFO   | jvm 2    | main    | 2016/04/14 22:47:38.148 | INFO  [automatedUpdateCl2010::de.hybris.platform.servicelayer.internal.jalo.ServicelayerJob] (automatedUpdateCl2010) [UpdateOpenLigaDbService] No update needed for cl2010
INFO   | jvm 2    | main    | 2016/04/14 22:47:38.148 | INFO  [automatedUpdate1LGer2011::de.hybris.platform.servicelayer.internal.jalo.ServicelayerJob] (automatedUpdate1LGer2011) [UpdateOpenLigaDbService] Checking update status for 1lger2011
INFO   | jvm 2    | main    | 2016/04/14 22:47:38.254 | INFO  [automatedUpdateCl2012::de.hybris.platform.servicelayer.internal.jalo.ServicelayerJob] (automatedUpdateCl2012) [UpdateOpenLigaDbService] Checking update status for cl2012
INFO   | jvm 2    | main    | 2016/04/14 22:47:38.483 | INFO  [automatedUpdate2LGer2010::de.hybris.platform.servicelayer.internal.jalo.ServicelayerJob] (automatedUpdate2LGer2010) [UpdateOpenLigaDbService] Checking update status for 2lger2010
INFO   | jvm 2    | main    | 2016/04/14 22:47:39.083 | INFO  [automatedUpdateCl2011::de.hybris.platform.servicelayer.internal.jalo.ServicelayerJob] (automatedUpdateCl2011) [UpdateOpenLigaDbService] No update needed for cl2011
INFO   | jvm 2    | main    | 2016/04/14 22:47:39.389 | INFO  [automatedUpdate1LGer2011::de.hybris.platform.servicelayer.internal.jalo.ServicelayerJob] (automatedUpdate1LGer2011) [UpdateOpenLigaDbService] No update needed for 1lger2011
INFO   | jvm 2    | main    | 2016/04/14 22:47:39.390 | INFO  [automatedUpdateCl2012::de.hybris.platform.servicelayer.internal.jalo.ServicelayerJob] (automatedUpdateCl2012) [UpdateOpenLigaDbService] No update needed for cl2012
INFO   | jvm 2    | main    | 2016/04/14 22:47:39.490 | INFO  [automatedUpdate2LGer2010::de.hybris.platform.servicelayer.internal.jalo.ServicelayerJob] (automatedUpdate2LGer2010) [UpdateOpenLigaDbService] No update needed for 2lger2010
STATUS | wrapper  | main    | 2016/04/14 23:12:35.277 | Pinging the JVM took 49 seconds to respond.
STATUS | wrapper  | main    | 2016/04/14 23:12:35.377 | Pinging the JVM took 40 seconds to respond.
STATUS | wrapper  | main    | 2016/04/14 23:12:35.377 | Pinging the JVM took 31 seconds to respond.
STATUS | wrapper  | main    | 2016/04/14 23:12:35.377 | Pinging the JVM took 22 seconds to respond.
STATUS | wrapper  | main    | 2016/04/14 23:12:35.377 | Pinging the JVM took 13 seconds to respond.
STATUS | wrapper  | main    | 2016/04/14 23:12:35.377 | Pinging the JVM took 4 seconds to respond.
INFO   | jvm 2    | main    | 2016/04/14 23:47:26.140 | INFO  [automatedUpdateEC2012::de.hybris.platform.servicelayer.internal.jalo.ServicelayerJob] (automatedUpdateEC2012) [UpdateOpenLigaDbService] Checking update status for ec2012
INFO   | jvm 2    | main    | 2016/04/14 23:47:26.340 | INFO  [automatedUpdateEC2012::de.hybris.platform.servicelayer.internal.jalo.ServicelayerJob] (automatedUpdateEC2012) [UpdateOpenLigaDbService] No update needed for ec2012
INFO   | jvm 2    | main    | 2016/04/14 23:47:36.205 | INFO  [automatedUpdate1LGer2011::de.hybris.platform.servicelayer.internal.jalo.ServicelayerJob] (automatedUpdate1LGer2011) [UpdateOpenLigaDbService] Checking update status for 1lger2011
INFO   | jvm 2    | main    | 2016/04/14 23:47:36.305 | INFO  [automatedUpdate1LGer2010::de.hybris.platform.servicelayer.internal.jalo.ServicelayerJob] (automatedUpdate1LGer2010) [UpdateOpenLigaDbService] Checking update status for 1lger2010
INFO   | jvm 2    | main    | 2016/04/14 23:47:36.305 | INFO  [automatedUpdate1LGer2012::de.hybris.platform.servicelayer.internal.jalo.ServicelayerJob] (automatedUpdate1LGer2012) [UpdateOpenLigaDbService] Checking update status for 1lger2012
INFO   | jvm 2    | main    | 2016/04/14 23:47:36.305 | INFO  [automatedUpdate2LGer2010::de.hybris.platform.servicelayer.internal.jalo.ServicelayerJob] (automatedUpdate2LGer2010) [UpdateOpenLigaDbService] Checking update status for 2lger2010
INFO   | jvm 2    | main    | 2016/04/14 23:47:36.305 | INFO  [automatedUpdateCl2012::de.hybris.platform.servicelayer.internal.jalo.ServicelayerJob] (automatedUpdateCl2012) [UpdateOpenLigaDbService] Checking update status for cl2012
INFO   | jvm 2    | main    | 2016/04/14 23:47:36.305 | INFO  [automatedUpdateCl2011::de.hybris.platform.servicelayer.internal.jalo.ServicelayerJob] (automatedUpdateCl2011) [UpdateOpenLigaDbService] Checking update status for cl2011
INFO   | jvm 2    | main    | 2016/04/14 23:47:36.305 | INFO  [automatedUpdateCl2010::de.hybris.platform.servicelayer.internal.jalo.ServicelayerJob] (automatedUpdateCl2010) [UpdateOpenLigaDbService] Checking update status for cl2010
INFO   | jvm 2    | main    | 2016/04/14 23:47:36.305 | INFO  [automatedUpdateWWC2011::de.hybris.platform.servicelayer.internal.jalo.ServicelayerJob] (automatedUpdateWWC2011) [UpdateOpenLigaDbService] Checking update status for wwc2011
INFO   | jvm 2    | main    | 2016/04/14 23:47:36.505 | INFO  [automatedUpdate1LGer2011::de.hybris.platform.servicelayer.internal.jalo.ServicelayerJob] (automatedUpdate1LGer2011) [UpdateOpenLigaDbService] No update needed for 1lger2011
INFO   | jvm 2    | main    | 2016/04/14 23:47:36.505 | INFO  [automatedUpdateWWC2011::de.hybris.platform.servicelayer.internal.jalo.ServicelayerJob] (automatedUpdateWWC2011) [UpdateOpenLigaDbService] No update needed for wwc2011
INFO   | jvm 2    | main    | 2016/04/14 23:47:36.505 | INFO  [automatedUpdateCl2010::de.hybris.platform.servicelayer.internal.jalo.ServicelayerJob] (automatedUpdateCl2010) [UpdateOpenLigaDbService] No update needed for cl2010
INFO   | jvm 2    | main    | 2016/04/14 23:47:36.605 | INFO  [automatedUpdate1LGer2010::de.hybris.platform.servicelayer.internal.jalo.ServicelayerJob] (automatedUpdate1LGer2010) [UpdateOpenLigaDbService] No update needed for 1lger2010
INFO   | jvm 2    | main    | 2016/04/14 23:47:36.605 | INFO  [automatedUpdate1LGer2012::de.hybris.platform.servicelayer.internal.jalo.ServicelayerJob] (automatedUpdate1LGer2012) [UpdateOpenLigaDbService] No update needed for 1lger2012
INFO   | jvm 2    | main    | 2016/04/14 23:47:36.605 | INFO  [automatedUpdateCl2011::de.hybris.platform.servicelayer.internal.jalo.ServicelayerJob] (automatedUpdateCl2011) [UpdateOpenLigaDbService] No update needed for cl2011
INFO   | jvm 2    | main    | 2016/04/14 23:47:36.605 | INFO  [automatedUpdate2LGer2010::de.hybris.platform.servicelayer.internal.jalo.ServicelayerJob] (automatedUpdate2LGer2010) [UpdateOpenLigaDbService] No update needed for 2lger2010
INFO   | jvm 2    | main    | 2016/04/14 23:47:36.605 | INFO  [automatedUpdateCl2012::de.hybris.platform.servicelayer.internal.jalo.ServicelayerJob] (automatedUpdateCl2012) [UpdateOpenLigaDbService] No update needed for cl2012
