STATUS | wrapper  | main    | 2016/04/17 00:16:39.484 | Pinging the JVM took 2 seconds to respond.
INFO   | jvm 2    | main    | 2016/04/17 00:16:43.225 | INFO  [automatedUpdateEC2012::de.hybris.platform.servicelayer.internal.jalo.ServicelayerJob] (automatedUpdateEC2012) [UpdateOpenLigaDbService] Checking update status for ec2012
INFO   | jvm 2    | main    | 2016/04/17 00:16:43.226 | INFO  [sendReminderCronJob::de.hybris.platform.servicelayer.internal.jalo.ServicelayerJob] (sendReminderCronJob) [SendReminderJob] Sending reminder mails ..
INFO   | jvm 2    | main    | 2016/04/17 00:16:45.738 | INFO  [automatedUpdateCl2010::de.hybris.platform.servicelayer.internal.jalo.ServicelayerJob] (automatedUpdateCl2010) [UpdateOpenLigaDbService] Checking update status for cl2010
INFO   | jvm 2    | main    | 2016/04/17 00:16:46.144 | INFO  [automatedUpdate1LGer2011::de.hybris.platform.servicelayer.internal.jalo.ServicelayerJob] (automatedUpdate1LGer2011) [UpdateOpenLigaDbService] Checking update status for 1lger2011
INFO   | jvm 2    | main    | 2016/04/17 00:16:46.145 | INFO  [automatedUpdateWWC2011::de.hybris.platform.servicelayer.internal.jalo.ServicelayerJob] (automatedUpdateWWC2011) [UpdateOpenLigaDbService] Checking update status for wwc2011
INFO   | jvm 2    | main    | 2016/04/17 00:16:46.145 | INFO  [automatedUpdate1LGer2012::de.hybris.platform.servicelayer.internal.jalo.ServicelayerJob] (automatedUpdate1LGer2012) [UpdateOpenLigaDbService] Checking update status for 1lger2012
INFO   | jvm 2    | main    | 2016/04/17 00:16:46.245 | INFO  [automatedUpdate1LGer2010::de.hybris.platform.servicelayer.internal.jalo.ServicelayerJob] (automatedUpdate1LGer2010) [UpdateOpenLigaDbService] Checking update status for 1lger2010
INFO   | jvm 2    | main    | 2016/04/17 00:16:46.445 | INFO  [automatedUpdateCl2012::de.hybris.platform.servicelayer.internal.jalo.ServicelayerJob] (automatedUpdateCl2012) [UpdateOpenLigaDbService] Checking update status for cl2012
INFO   | jvm 2    | main    | 2016/04/17 00:16:46.445 | INFO  [automatedUpdate2LGer2010::de.hybris.platform.servicelayer.internal.jalo.ServicelayerJob] (automatedUpdate2LGer2010) [UpdateOpenLigaDbService] Checking update status for 2lger2010
INFO   | jvm 2    | main    | 2016/04/17 00:16:46.445 | INFO  [automatedUpdateCl2011::de.hybris.platform.servicelayer.internal.jalo.ServicelayerJob] (automatedUpdateCl2011) [UpdateOpenLigaDbService] Checking update status for cl2011
INFO   | jvm 2    | main    | 2016/04/17 00:16:47.447 | INFO  [automatedUpdate2LGer2010::de.hybris.platform.servicelayer.internal.jalo.ServicelayerJob] (automatedUpdate2LGer2010) [UpdateOpenLigaDbService] No update needed for 2lger2010
INFO   | jvm 2    | main    | 2016/04/17 00:16:47.447 | INFO  [automatedUpdateCl2010::de.hybris.platform.servicelayer.internal.jalo.ServicelayerJob] (automatedUpdateCl2010) [UpdateOpenLigaDbService] No update needed for cl2010
INFO   | jvm 2    | main    | 2016/04/17 00:16:47.447 | INFO  [automatedUpdateEC2012::de.hybris.platform.servicelayer.internal.jalo.ServicelayerJob] (automatedUpdateEC2012) [UpdateOpenLigaDbService] No update needed for ec2012
INFO   | jvm 2    | main    | 2016/04/17 00:16:47.547 | INFO  [automatedUpdateCl2012::de.hybris.platform.servicelayer.internal.jalo.ServicelayerJob] (automatedUpdateCl2012) [UpdateOpenLigaDbService] No update needed for cl2012
INFO   | jvm 2    | main    | 2016/04/17 00:16:47.547 | INFO  [automatedUpdate1LGer2010::de.hybris.platform.servicelayer.internal.jalo.ServicelayerJob] (automatedUpdate1LGer2010) [UpdateOpenLigaDbService] No update needed for 1lger2010
INFO   | jvm 2    | main    | 2016/04/17 00:16:47.547 | INFO  [automatedUpdateWWC2011::de.hybris.platform.servicelayer.internal.jalo.ServicelayerJob] (automatedUpdateWWC2011) [UpdateOpenLigaDbService] No update needed for wwc2011
INFO   | jvm 2    | main    | 2016/04/17 00:16:47.547 | INFO  [automatedUpdate1LGer2012::de.hybris.platform.servicelayer.internal.jalo.ServicelayerJob] (automatedUpdate1LGer2012) [UpdateOpenLigaDbService] No update needed for 1lger2012
INFO   | jvm 2    | main    | 2016/04/17 00:16:47.547 | INFO  [automatedUpdate1LGer2011::de.hybris.platform.servicelayer.internal.jalo.ServicelayerJob] (automatedUpdate1LGer2011) [UpdateOpenLigaDbService] No update needed for 1lger2011
INFO   | jvm 2    | main    | 2016/04/17 00:16:47.647 | INFO  [automatedUpdateCl2011::de.hybris.platform.servicelayer.internal.jalo.ServicelayerJob] (automatedUpdateCl2011) [UpdateOpenLigaDbService] No update needed for cl2011
STATUS | wrapper  | main    | 2016/04/17 00:17:02.272 | Pinging the JVM took 6 seconds to respond.
INFO   | jvm 2    | main    | 2016/04/17 00:47:23.527 | INFO  [automatedUpdateEC2012::de.hybris.platform.servicelayer.internal.jalo.ServicelayerJob] (automatedUpdateEC2012) [UpdateOpenLigaDbService] Checking update status for ec2012
INFO   | jvm 2    | main    | 2016/04/17 00:47:24.236 | INFO  [automatedUpdateEC2012::de.hybris.platform.servicelayer.internal.jalo.ServicelayerJob] (automatedUpdateEC2012) [UpdateOpenLigaDbService] No update needed for ec2012
INFO   | jvm 2    | main    | 2016/04/17 00:47:33.933 | INFO  [automatedUpdate1LGer2012::de.hybris.platform.servicelayer.internal.jalo.ServicelayerJob] (automatedUpdate1LGer2012) [UpdateOpenLigaDbService] Checking update status for 1lger2012
INFO   | jvm 2    | main    | 2016/04/17 00:47:33.933 | INFO  [automatedUpdate1LGer2010::de.hybris.platform.servicelayer.internal.jalo.ServicelayerJob] (automatedUpdate1LGer2010) [UpdateOpenLigaDbService] Checking update status for 1lger2010
INFO   | jvm 2    | main    | 2016/04/17 00:47:33.933 | INFO  [automatedUpdateCl2012::de.hybris.platform.servicelayer.internal.jalo.ServicelayerJob] (automatedUpdateCl2012) [UpdateOpenLigaDbService] Checking update status for cl2012
INFO   | jvm 2    | main    | 2016/04/17 00:47:33.934 | INFO  [automatedUpdateWWC2011::de.hybris.platform.servicelayer.internal.jalo.ServicelayerJob] (automatedUpdateWWC2011) [UpdateOpenLigaDbService] Checking update status for wwc2011
INFO   | jvm 2    | main    | 2016/04/17 00:47:33.934 | INFO  [automatedUpdateCl2010::de.hybris.platform.servicelayer.internal.jalo.ServicelayerJob] (automatedUpdateCl2010) [UpdateOpenLigaDbService] Checking update status for cl2010
INFO   | jvm 2    | main    | 2016/04/17 00:47:34.134 | INFO  [automatedUpdate1LGer2011::de.hybris.platform.servicelayer.internal.jalo.ServicelayerJob] (automatedUpdate1LGer2011) [UpdateOpenLigaDbService] Checking update status for 1lger2011
INFO   | jvm 2    | main    | 2016/04/17 00:47:34.234 | INFO  [automatedUpdateCl2011::de.hybris.platform.servicelayer.internal.jalo.ServicelayerJob] (automatedUpdateCl2011) [UpdateOpenLigaDbService] Checking update status for cl2011
INFO   | jvm 2    | main    | 2016/04/17 00:47:34.234 | INFO  [automatedUpdate2LGer2010::de.hybris.platform.servicelayer.internal.jalo.ServicelayerJob] (automatedUpdate2LGer2010) [UpdateOpenLigaDbService] Checking update status for 2lger2010
INFO   | jvm 2    | main    | 2016/04/17 00:47:34.334 | INFO  [automatedUpdateWWC2011::de.hybris.platform.servicelayer.internal.jalo.ServicelayerJob] (automatedUpdateWWC2011) [UpdateOpenLigaDbService] No update needed for wwc2011
INFO   | jvm 2    | main    | 2016/04/17 00:47:34.435 | INFO  [automatedUpdateCl2010::de.hybris.platform.servicelayer.internal.jalo.ServicelayerJob] (automatedUpdateCl2010) [UpdateOpenLigaDbService] No update needed for cl2010
INFO   | jvm 2    | main    | 2016/04/17 00:47:34.535 | INFO  [automatedUpdate1LGer2010::de.hybris.platform.servicelayer.internal.jalo.ServicelayerJob] (automatedUpdate1LGer2010) [UpdateOpenLigaDbService] No update needed for 1lger2010
INFO   | jvm 2    | main    | 2016/04/17 00:47:34.535 | INFO  [automatedUpdate1LGer2012::de.hybris.platform.servicelayer.internal.jalo.ServicelayerJob] (automatedUpdate1LGer2012) [UpdateOpenLigaDbService] No update needed for 1lger2012
INFO   | jvm 2    | main    | 2016/04/17 00:47:34.535 | INFO  [automatedUpdate2LGer2010::de.hybris.platform.servicelayer.internal.jalo.ServicelayerJob] (automatedUpdate2LGer2010) [UpdateOpenLigaDbService] No update needed for 2lger2010
INFO   | jvm 2    | main    | 2016/04/17 00:47:34.536 | INFO  [automatedUpdate1LGer2011::de.hybris.platform.servicelayer.internal.jalo.ServicelayerJob] (automatedUpdate1LGer2011) [UpdateOpenLigaDbService] No update needed for 1lger2011
INFO   | jvm 2    | main    | 2016/04/17 00:47:34.536 | INFO  [automatedUpdateCl2011::de.hybris.platform.servicelayer.internal.jalo.ServicelayerJob] (automatedUpdateCl2011) [UpdateOpenLigaDbService] No update needed for cl2011
INFO   | jvm 2    | main    | 2016/04/17 00:47:34.536 | INFO  [automatedUpdateCl2012::de.hybris.platform.servicelayer.internal.jalo.ServicelayerJob] (automatedUpdateCl2012) [UpdateOpenLigaDbService] No update needed for cl2012
STATUS | wrapper  | main    | 2016/04/17 01:17:04.800 | Pinging the JVM took 1 seconds to respond.
STATUS | wrapper  | main    | 2016/04/17 16:58:02.110 | Pinging the JVM took 12 seconds to respond.
STATUS | wrapper  | main    | 2016/04/17 16:58:02.110 | Pinging the JVM took 3 seconds to respond.
STATUS | wrapper  | main    | 2016/04/17 16:58:09.528 | Pinging the JVM took 1 seconds to respond.
INFO   | jvm 2    | main    | 2016/04/17 16:58:10.962 | INFO  [automatedUpdateCl2010::de.hybris.platform.servicelayer.internal.jalo.ServicelayerJob] (automatedUpdateCl2010) [UpdateOpenLigaDbService] Checking update status for cl2010
INFO   | jvm 2    | main    | 2016/04/17 16:58:10.963 | INFO  [automatedUpdateWWC2011::de.hybris.platform.servicelayer.internal.jalo.ServicelayerJob] (automatedUpdateWWC2011) [UpdateOpenLigaDbService] Checking update status for wwc2011
INFO   | jvm 2    | main    | 2016/04/17 16:58:10.963 | INFO  [automatedUpdate1LGer2012::de.hybris.platform.servicelayer.internal.jalo.ServicelayerJob] (automatedUpdate1LGer2012) [UpdateOpenLigaDbService] Checking update status for 1lger2012
INFO   | jvm 2    | main    | 2016/04/17 16:58:11.174 | INFO  [automatedUpdate1LGer2011::de.hybris.platform.servicelayer.internal.jalo.ServicelayerJob] (automatedUpdate1LGer2011) [UpdateOpenLigaDbService] Checking update status for 1lger2011
INFO   | jvm 2    | main    | 2016/04/17 16:58:11.175 | INFO  [automatedUpdate2LGer2010::de.hybris.platform.servicelayer.internal.jalo.ServicelayerJob] (automatedUpdate2LGer2010) [UpdateOpenLigaDbService] Checking update status for 2lger2010
INFO   | jvm 2    | main    | 2016/04/17 16:58:11.192 | INFO  [automatedUpdateEC2012::de.hybris.platform.servicelayer.internal.jalo.ServicelayerJob] (automatedUpdateEC2012) [UpdateOpenLigaDbService] Checking update status for ec2012
INFO   | jvm 2    | main    | 2016/04/17 16:58:11.299 | INFO  [automatedUpdateCl2011::de.hybris.platform.servicelayer.internal.jalo.ServicelayerJob] (automatedUpdateCl2011) [UpdateOpenLigaDbService] Checking update status for cl2011
INFO   | jvm 2    | main    | 2016/04/17 16:58:11.299 | INFO  [automatedUpdateCl2012::de.hybris.platform.servicelayer.internal.jalo.ServicelayerJob] (automatedUpdateCl2012) [UpdateOpenLigaDbService] Checking update status for cl2012
INFO   | jvm 2    | main    | 2016/04/17 16:58:11.530 | INFO  [automatedUpdateCl2010::de.hybris.platform.servicelayer.internal.jalo.ServicelayerJob] (automatedUpdateCl2010) [UpdateOpenLigaDbService] No update needed for cl2010
INFO   | jvm 2    | main    | 2016/04/17 16:58:13.472 | INFO  [automatedUpdate1LGer2011::de.hybris.platform.servicelayer.internal.jalo.ServicelayerJob] (automatedUpdate1LGer2011) [UpdateOpenLigaDbService] No update needed for 1lger2011
INFO   | jvm 2    | main    | 2016/04/17 16:58:13.922 | INFO  [automatedUpdateWWC2011::de.hybris.platform.servicelayer.internal.jalo.ServicelayerJob] (automatedUpdateWWC2011) [UpdateOpenLigaDbService] No update needed for wwc2011
INFO   | jvm 2    | main    | 2016/04/17 16:58:13.923 | INFO  [automatedUpdateEC2012::de.hybris.platform.servicelayer.internal.jalo.ServicelayerJob] (automatedUpdateEC2012) [UpdateOpenLigaDbService] No update needed for ec2012
INFO   | jvm 2    | main    | 2016/04/17 16:58:13.923 | INFO  [automatedUpdate1LGer2010::de.hybris.platform.servicelayer.internal.jalo.ServicelayerJob] (automatedUpdate1LGer2010) [UpdateOpenLigaDbService] Checking update status for 1lger2010
INFO   | jvm 2    | main    | 2016/04/17 16:58:13.923 | INFO  [automatedUpdateCl2012::de.hybris.platform.servicelayer.internal.jalo.ServicelayerJob] (automatedUpdateCl2012) [UpdateOpenLigaDbService] No update needed for cl2012
INFO   | jvm 2    | main    | 2016/04/17 16:58:13.923 | INFO  [automatedUpdateCl2011::de.hybris.platform.servicelayer.internal.jalo.ServicelayerJob] (automatedUpdateCl2011) [UpdateOpenLigaDbService] No update needed for cl2011
INFO   | jvm 2    | main    | 2016/04/17 16:58:14.023 | INFO  [automatedUpdate2LGer2010::de.hybris.platform.servicelayer.internal.jalo.ServicelayerJob] (automatedUpdate2LGer2010) [UpdateOpenLigaDbService] No update needed for 2lger2010
INFO   | jvm 2    | main    | 2016/04/17 16:58:14.623 | INFO  [automatedUpdate1LGer2010::de.hybris.platform.servicelayer.internal.jalo.ServicelayerJob] (automatedUpdate1LGer2010) [UpdateOpenLigaDbService] No update needed for 1lger2010
INFO   | jvm 2    | main    | 2016/04/17 16:58:14.723 | INFO  [automatedUpdate1LGer2012::de.hybris.platform.servicelayer.internal.jalo.ServicelayerJob] (automatedUpdate1LGer2012) [UpdateOpenLigaDbService] No update needed for 1lger2012
INFO   | jvm 2    | main    | 2016/04/17 17:45:58.789 | INFO  [sendReminderCronJob::de.hybris.platform.servicelayer.internal.jalo.ServicelayerJob] (sendReminderCronJob) [SendReminderJob] Sending reminder mails ..
INFO   | jvm 2    | main    | 2016/04/17 17:47:28.752 | INFO  [automatedUpdate1LGer2010::de.hybris.platform.servicelayer.internal.jalo.ServicelayerJob] (automatedUpdate1LGer2010) [UpdateOpenLigaDbService] Checking update status for 1lger2010
INFO   | jvm 2    | main    | 2016/04/17 17:47:28.753 | INFO  [automatedUpdateEC2012::de.hybris.platform.servicelayer.internal.jalo.ServicelayerJob] (automatedUpdateEC2012) [UpdateOpenLigaDbService] Checking update status for ec2012
INFO   | jvm 2    | main    | 2016/04/17 17:47:28.753 | INFO  [automatedUpdateWWC2011::de.hybris.platform.servicelayer.internal.jalo.ServicelayerJob] (automatedUpdateWWC2011) [UpdateOpenLigaDbService] Checking update status for wwc2011
INFO   | jvm 2    | main    | 2016/04/17 17:47:28.853 | INFO  [automatedUpdate1LGer2010::de.hybris.platform.servicelayer.internal.jalo.ServicelayerJob] (automatedUpdate1LGer2010) [UpdateOpenLigaDbService] No update needed for 1lger2010
INFO   | jvm 2    | main    | 2016/04/17 17:47:28.953 | INFO  [automatedUpdateWWC2011::de.hybris.platform.servicelayer.internal.jalo.ServicelayerJob] (automatedUpdateWWC2011) [UpdateOpenLigaDbService] No update needed for wwc2011
INFO   | jvm 2    | main    | 2016/04/17 17:47:28.953 | INFO  [automatedUpdateEC2012::de.hybris.platform.servicelayer.internal.jalo.ServicelayerJob] (automatedUpdateEC2012) [UpdateOpenLigaDbService] No update needed for ec2012
INFO   | jvm 2    | main    | 2016/04/17 17:47:39.294 | INFO  [automatedUpdate1LGer2011::de.hybris.platform.servicelayer.internal.jalo.ServicelayerJob] (automatedUpdate1LGer2011) [UpdateOpenLigaDbService] Checking update status for 1lger2011
INFO   | jvm 2    | main    | 2016/04/17 17:47:39.295 | INFO  [automatedUpdate2LGer2010::de.hybris.platform.servicelayer.internal.jalo.ServicelayerJob] (automatedUpdate2LGer2010) [UpdateOpenLigaDbService] Checking update status for 2lger2010
INFO   | jvm 2    | main    | 2016/04/17 17:47:39.295 | INFO  [automatedUpdateCl2012::de.hybris.platform.servicelayer.internal.jalo.ServicelayerJob] (automatedUpdateCl2012) [UpdateOpenLigaDbService] Checking update status for cl2012
INFO   | jvm 2    | main    | 2016/04/17 17:47:39.295 | INFO  [automatedUpdate1LGer2012::de.hybris.platform.servicelayer.internal.jalo.ServicelayerJob] (automatedUpdate1LGer2012) [UpdateOpenLigaDbService] Checking update status for 1lger2012
INFO   | jvm 2    | main    | 2016/04/17 17:47:39.395 | INFO  [automatedUpdateCl2010::de.hybris.platform.servicelayer.internal.jalo.ServicelayerJob] (automatedUpdateCl2010) [UpdateOpenLigaDbService] Checking update status for cl2010
INFO   | jvm 2    | main    | 2016/04/17 17:47:39.495 | INFO  [automatedUpdateCl2011::de.hybris.platform.servicelayer.internal.jalo.ServicelayerJob] (automatedUpdateCl2011) [UpdateOpenLigaDbService] Checking update status for cl2011
INFO   | jvm 2    | main    | 2016/04/17 17:47:39.598 | INFO  [automatedUpdate1LGer2011::de.hybris.platform.servicelayer.internal.jalo.ServicelayerJob] (automatedUpdate1LGer2011) [UpdateOpenLigaDbService] No update needed for 1lger2011
INFO   | jvm 2    | main    | 2016/04/17 17:47:39.598 | INFO  [automatedUpdateCl2011::de.hybris.platform.servicelayer.internal.jalo.ServicelayerJob] (automatedUpdateCl2011) [UpdateOpenLigaDbService] No update needed for cl2011
INFO   | jvm 2    | main    | 2016/04/17 17:47:39.698 | INFO  [automatedUpdate1LGer2012::de.hybris.platform.servicelayer.internal.jalo.ServicelayerJob] (automatedUpdate1LGer2012) [UpdateOpenLigaDbService] No update needed for 1lger2012
INFO   | jvm 2    | main    | 2016/04/17 17:47:39.698 | INFO  [automatedUpdateCl2012::de.hybris.platform.servicelayer.internal.jalo.ServicelayerJob] (automatedUpdateCl2012) [UpdateOpenLigaDbService] No update needed for cl2012
INFO   | jvm 2    | main    | 2016/04/17 17:47:39.698 | INFO  [automatedUpdate2LGer2010::de.hybris.platform.servicelayer.internal.jalo.ServicelayerJob] (automatedUpdate2LGer2010) [UpdateOpenLigaDbService] No update needed for 2lger2010
INFO   | jvm 2    | main    | 2016/04/17 17:47:39.698 | INFO  [automatedUpdateCl2010::de.hybris.platform.servicelayer.internal.jalo.ServicelayerJob] (automatedUpdateCl2010) [UpdateOpenLigaDbService] No update needed for cl2010
