INFO   | jvm 2    | main    | 2016/04/13 00:47:25.481 | INFO  [automatedUpdateEC2012::de.hybris.platform.servicelayer.internal.jalo.ServicelayerJob] (automatedUpdateEC2012) [UpdateOpenLigaDbService] Checking update status for ec2012
INFO   | jvm 2    | main    | 2016/04/13 00:47:25.695 | INFO  [automatedUpdateEC2012::de.hybris.platform.servicelayer.internal.jalo.ServicelayerJob] (automatedUpdateEC2012) [UpdateOpenLigaDbService] No update needed for ec2012
INFO   | jvm 2    | main    | 2016/04/13 00:47:35.566 | INFO  [automatedUpdateWWC2011::de.hybris.platform.servicelayer.internal.jalo.ServicelayerJob] (automatedUpdateWWC2011) [UpdateOpenLigaDbService] Checking update status for wwc2011
INFO   | jvm 2    | main    | 2016/04/13 00:47:35.566 | INFO  [automatedUpdate1LGer2010::de.hybris.platform.servicelayer.internal.jalo.ServicelayerJob] (automatedUpdate1LGer2010) [UpdateOpenLigaDbService] Checking update status for 1lger2010
INFO   | jvm 2    | main    | 2016/04/13 00:47:35.566 | INFO  [automatedUpdate2LGer2010::de.hybris.platform.servicelayer.internal.jalo.ServicelayerJob] (automatedUpdate2LGer2010) [UpdateOpenLigaDbService] Checking update status for 2lger2010
INFO   | jvm 2    | main    | 2016/04/13 00:47:35.667 | INFO  [automatedUpdate1LGer2012::de.hybris.platform.servicelayer.internal.jalo.ServicelayerJob] (automatedUpdate1LGer2012) [UpdateOpenLigaDbService] Checking update status for 1lger2012
INFO   | jvm 2    | main    | 2016/04/13 00:47:35.667 | INFO  [automatedUpdate1LGer2011::de.hybris.platform.servicelayer.internal.jalo.ServicelayerJob] (automatedUpdate1LGer2011) [UpdateOpenLigaDbService] Checking update status for 1lger2011
INFO   | jvm 2    | main    | 2016/04/13 00:47:35.667 | INFO  [automatedUpdateCl2012::de.hybris.platform.servicelayer.internal.jalo.ServicelayerJob] (automatedUpdateCl2012) [UpdateOpenLigaDbService] Checking update status for cl2012
INFO   | jvm 2    | main    | 2016/04/13 00:47:35.667 | INFO  [automatedUpdateCl2011::de.hybris.platform.servicelayer.internal.jalo.ServicelayerJob] (automatedUpdateCl2011) [UpdateOpenLigaDbService] Checking update status for cl2011
INFO   | jvm 2    | main    | 2016/04/13 00:47:35.667 | INFO  [automatedUpdateCl2010::de.hybris.platform.servicelayer.internal.jalo.ServicelayerJob] (automatedUpdateCl2010) [UpdateOpenLigaDbService] Checking update status for cl2010
INFO   | jvm 2    | main    | 2016/04/13 00:47:35.909 | INFO  [automatedUpdate1LGer2012::de.hybris.platform.servicelayer.internal.jalo.ServicelayerJob] (automatedUpdate1LGer2012) [UpdateOpenLigaDbService] No update needed for 1lger2012
INFO   | jvm 2    | main    | 2016/04/13 00:47:35.909 | INFO  [automatedUpdate1LGer2010::de.hybris.platform.servicelayer.internal.jalo.ServicelayerJob] (automatedUpdate1LGer2010) [UpdateOpenLigaDbService] No update needed for 1lger2010
INFO   | jvm 2    | main    | 2016/04/13 00:47:35.909 | INFO  [automatedUpdateCl2012::de.hybris.platform.servicelayer.internal.jalo.ServicelayerJob] (automatedUpdateCl2012) [UpdateOpenLigaDbService] No update needed for cl2012
INFO   | jvm 2    | main    | 2016/04/13 00:47:35.909 | INFO  [automatedUpdate2LGer2010::de.hybris.platform.servicelayer.internal.jalo.ServicelayerJob] (automatedUpdate2LGer2010) [UpdateOpenLigaDbService] No update needed for 2lger2010
INFO   | jvm 2    | main    | 2016/04/13 00:47:35.909 | INFO  [automatedUpdateCl2010::de.hybris.platform.servicelayer.internal.jalo.ServicelayerJob] (automatedUpdateCl2010) [UpdateOpenLigaDbService] No update needed for cl2010
INFO   | jvm 2    | main    | 2016/04/13 00:47:35.909 | INFO  [automatedUpdateWWC2011::de.hybris.platform.servicelayer.internal.jalo.ServicelayerJob] (automatedUpdateWWC2011) [UpdateOpenLigaDbService] No update needed for wwc2011
INFO   | jvm 2    | main    | 2016/04/13 00:47:35.909 | INFO  [automatedUpdateCl2011::de.hybris.platform.servicelayer.internal.jalo.ServicelayerJob] (automatedUpdateCl2011) [UpdateOpenLigaDbService] No update needed for cl2011
INFO   | jvm 2    | main    | 2016/04/13 00:47:35.909 | INFO  [automatedUpdate1LGer2011::de.hybris.platform.servicelayer.internal.jalo.ServicelayerJob] (automatedUpdate1LGer2011) [UpdateOpenLigaDbService] No update needed for 1lger2011
INFO   | jvm 2    | main    | 2016/04/13 01:47:26.420 | INFO  [automatedUpdateEC2012::de.hybris.platform.servicelayer.internal.jalo.ServicelayerJob] (automatedUpdateEC2012) [UpdateOpenLigaDbService] Checking update status for ec2012
INFO   | jvm 2    | main    | 2016/04/13 01:47:26.720 | INFO  [automatedUpdateEC2012::de.hybris.platform.servicelayer.internal.jalo.ServicelayerJob] (automatedUpdateEC2012) [UpdateOpenLigaDbService] No update needed for ec2012
INFO   | jvm 2    | main    | 2016/04/13 01:47:36.455 | INFO  [automatedUpdate1LGer2011::de.hybris.platform.servicelayer.internal.jalo.ServicelayerJob] (automatedUpdate1LGer2011) [UpdateOpenLigaDbService] Checking update status for 1lger2011
INFO   | jvm 2    | main    | 2016/04/13 01:47:36.455 | INFO  [automatedUpdateWWC2011::de.hybris.platform.servicelayer.internal.jalo.ServicelayerJob] (automatedUpdateWWC2011) [UpdateOpenLigaDbService] Checking update status for wwc2011
INFO   | jvm 2    | main    | 2016/04/13 01:47:36.556 | INFO  [automatedUpdate2LGer2010::de.hybris.platform.servicelayer.internal.jalo.ServicelayerJob] (automatedUpdate2LGer2010) [UpdateOpenLigaDbService] Checking update status for 2lger2010
INFO   | jvm 2    | main    | 2016/04/13 01:47:36.556 | INFO  [automatedUpdate1LGer2012::de.hybris.platform.servicelayer.internal.jalo.ServicelayerJob] (automatedUpdate1LGer2012) [UpdateOpenLigaDbService] Checking update status for 1lger2012
INFO   | jvm 2    | main    | 2016/04/13 01:47:36.556 | INFO  [automatedUpdateCl2012::de.hybris.platform.servicelayer.internal.jalo.ServicelayerJob] (automatedUpdateCl2012) [UpdateOpenLigaDbService] Checking update status for cl2012
INFO   | jvm 2    | main    | 2016/04/13 01:47:36.557 | INFO  [automatedUpdate1LGer2010::de.hybris.platform.servicelayer.internal.jalo.ServicelayerJob] (automatedUpdate1LGer2010) [UpdateOpenLigaDbService] Checking update status for 1lger2010
INFO   | jvm 2    | main    | 2016/04/13 01:47:36.557 | INFO  [automatedUpdateCl2010::de.hybris.platform.servicelayer.internal.jalo.ServicelayerJob] (automatedUpdateCl2010) [UpdateOpenLigaDbService] Checking update status for cl2010
INFO   | jvm 2    | main    | 2016/04/13 01:47:36.557 | INFO  [automatedUpdateCl2011::de.hybris.platform.servicelayer.internal.jalo.ServicelayerJob] (automatedUpdateCl2011) [UpdateOpenLigaDbService] Checking update status for cl2011
INFO   | jvm 2    | main    | 2016/04/13 01:47:36.657 | INFO  [automatedUpdate2LGer2010::de.hybris.platform.servicelayer.internal.jalo.ServicelayerJob] (automatedUpdate2LGer2010) [UpdateOpenLigaDbService] No update needed for 2lger2010
INFO   | jvm 2    | main    | 2016/04/13 01:47:36.757 | INFO  [automatedUpdateWWC2011::de.hybris.platform.servicelayer.internal.jalo.ServicelayerJob] (automatedUpdateWWC2011) [UpdateOpenLigaDbService] No update needed for wwc2011
INFO   | jvm 2    | main    | 2016/04/13 01:47:36.757 | INFO  [automatedUpdate1LGer2011::de.hybris.platform.servicelayer.internal.jalo.ServicelayerJob] (automatedUpdate1LGer2011) [UpdateOpenLigaDbService] No update needed for 1lger2011
INFO   | jvm 2    | main    | 2016/04/13 01:47:36.757 | INFO  [automatedUpdate1LGer2010::de.hybris.platform.servicelayer.internal.jalo.ServicelayerJob] (automatedUpdate1LGer2010) [UpdateOpenLigaDbService] No update needed for 1lger2010
INFO   | jvm 2    | main    | 2016/04/13 01:47:36.757 | INFO  [automatedUpdate1LGer2012::de.hybris.platform.servicelayer.internal.jalo.ServicelayerJob] (automatedUpdate1LGer2012) [UpdateOpenLigaDbService] No update needed for 1lger2012
INFO   | jvm 2    | main    | 2016/04/13 01:47:36.757 | INFO  [automatedUpdateCl2012::de.hybris.platform.servicelayer.internal.jalo.ServicelayerJob] (automatedUpdateCl2012) [UpdateOpenLigaDbService] No update needed for cl2012
INFO   | jvm 2    | main    | 2016/04/13 01:47:36.757 | INFO  [automatedUpdateCl2010::de.hybris.platform.servicelayer.internal.jalo.ServicelayerJob] (automatedUpdateCl2010) [UpdateOpenLigaDbService] No update needed for cl2010
INFO   | jvm 2    | main    | 2016/04/13 01:47:36.757 | INFO  [automatedUpdateCl2011::de.hybris.platform.servicelayer.internal.jalo.ServicelayerJob] (automatedUpdateCl2011) [UpdateOpenLigaDbService] No update needed for cl2011
INFO   | jvm 2    | main    | 2016/04/13 02:47:27.492 | INFO  [automatedUpdateEC2012::de.hybris.platform.servicelayer.internal.jalo.ServicelayerJob] (automatedUpdateEC2012) [UpdateOpenLigaDbService] Checking update status for ec2012
INFO   | jvm 2    | main    | 2016/04/13 02:47:27.799 | INFO  [automatedUpdateEC2012::de.hybris.platform.servicelayer.internal.jalo.ServicelayerJob] (automatedUpdateEC2012) [UpdateOpenLigaDbService] No update needed for ec2012
INFO   | jvm 2    | main    | 2016/04/13 02:47:37.639 | INFO  [automatedUpdateCl2012::de.hybris.platform.servicelayer.internal.jalo.ServicelayerJob] (automatedUpdateCl2012) [UpdateOpenLigaDbService] Checking update status for cl2012
INFO   | jvm 2    | main    | 2016/04/13 02:47:37.639 | INFO  [automatedUpdateWWC2011::de.hybris.platform.servicelayer.internal.jalo.ServicelayerJob] (automatedUpdateWWC2011) [UpdateOpenLigaDbService] Checking update status for wwc2011
INFO   | jvm 2    | main    | 2016/04/13 02:47:37.640 | INFO  [automatedUpdate2LGer2010::de.hybris.platform.servicelayer.internal.jalo.ServicelayerJob] (automatedUpdate2LGer2010) [UpdateOpenLigaDbService] Checking update status for 2lger2010
INFO   | jvm 2    | main    | 2016/04/13 02:47:37.640 | INFO  [automatedUpdate1LGer2012::de.hybris.platform.servicelayer.internal.jalo.ServicelayerJob] (automatedUpdate1LGer2012) [UpdateOpenLigaDbService] Checking update status for 1lger2012
INFO   | jvm 2    | main    | 2016/04/13 02:47:37.640 | INFO  [automatedUpdate1LGer2010::de.hybris.platform.servicelayer.internal.jalo.ServicelayerJob] (automatedUpdate1LGer2010) [UpdateOpenLigaDbService] Checking update status for 1lger2010
INFO   | jvm 2    | main    | 2016/04/13 02:47:37.640 | INFO  [automatedUpdateCl2011::de.hybris.platform.servicelayer.internal.jalo.ServicelayerJob] (automatedUpdateCl2011) [UpdateOpenLigaDbService] Checking update status for cl2011
INFO   | jvm 2    | main    | 2016/04/13 02:47:37.640 | INFO  [automatedUpdateCl2010::de.hybris.platform.servicelayer.internal.jalo.ServicelayerJob] (automatedUpdateCl2010) [UpdateOpenLigaDbService] Checking update status for cl2010
INFO   | jvm 2    | main    | 2016/04/13 02:47:37.640 | INFO  [automatedUpdate1LGer2011::de.hybris.platform.servicelayer.internal.jalo.ServicelayerJob] (automatedUpdate1LGer2011) [UpdateOpenLigaDbService] Checking update status for 1lger2011
INFO   | jvm 2    | main    | 2016/04/13 02:47:37.840 | INFO  [automatedUpdateWWC2011::de.hybris.platform.servicelayer.internal.jalo.ServicelayerJob] (automatedUpdateWWC2011) [UpdateOpenLigaDbService] No update needed for wwc2011
INFO   | jvm 2    | main    | 2016/04/13 02:47:37.840 | INFO  [automatedUpdateCl2011::de.hybris.platform.servicelayer.internal.jalo.ServicelayerJob] (automatedUpdateCl2011) [UpdateOpenLigaDbService] No update needed for cl2011
INFO   | jvm 2    | main    | 2016/04/13 02:47:37.842 | INFO  [automatedUpdate1LGer2012::de.hybris.platform.servicelayer.internal.jalo.ServicelayerJob] (automatedUpdate1LGer2012) [UpdateOpenLigaDbService] No update needed for 1lger2012
INFO   | jvm 2    | main    | 2016/04/13 02:47:37.842 | INFO  [automatedUpdate2LGer2010::de.hybris.platform.servicelayer.internal.jalo.ServicelayerJob] (automatedUpdate2LGer2010) [UpdateOpenLigaDbService] No update needed for 2lger2010
INFO   | jvm 2    | main    | 2016/04/13 02:47:37.842 | INFO  [automatedUpdateCl2012::de.hybris.platform.servicelayer.internal.jalo.ServicelayerJob] (automatedUpdateCl2012) [UpdateOpenLigaDbService] No update needed for cl2012
INFO   | jvm 2    | main    | 2016/04/13 02:47:37.842 | INFO  [automatedUpdate1LGer2011::de.hybris.platform.servicelayer.internal.jalo.ServicelayerJob] (automatedUpdate1LGer2011) [UpdateOpenLigaDbService] No update needed for 1lger2011
INFO   | jvm 2    | main    | 2016/04/13 02:47:37.842 | INFO  [automatedUpdate1LGer2010::de.hybris.platform.servicelayer.internal.jalo.ServicelayerJob] (automatedUpdate1LGer2010) [UpdateOpenLigaDbService] No update needed for 1lger2010
INFO   | jvm 2    | main    | 2016/04/13 02:47:37.842 | INFO  [automatedUpdateCl2010::de.hybris.platform.servicelayer.internal.jalo.ServicelayerJob] (automatedUpdateCl2010) [UpdateOpenLigaDbService] No update needed for cl2010
INFO   | jvm 2    | main    | 2016/04/13 03:47:28.858 | INFO  [automatedUpdateEC2012::de.hybris.platform.servicelayer.internal.jalo.ServicelayerJob] (automatedUpdateEC2012) [UpdateOpenLigaDbService] Checking update status for ec2012
INFO   | jvm 2    | main    | 2016/04/13 03:47:28.858 | INFO  [automatedUpdate1LGer2010::de.hybris.platform.servicelayer.internal.jalo.ServicelayerJob] (automatedUpdate1LGer2010) [UpdateOpenLigaDbService] Checking update status for 1lger2010
INFO   | jvm 2    | main    | 2016/04/13 03:47:28.858 | INFO  [automatedUpdateWWC2011::de.hybris.platform.servicelayer.internal.jalo.ServicelayerJob] (automatedUpdateWWC2011) [UpdateOpenLigaDbService] Checking update status for wwc2011
INFO   | jvm 2    | main    | 2016/04/13 03:47:29.262 | INFO  [automatedUpdateEC2012::de.hybris.platform.servicelayer.internal.jalo.ServicelayerJob] (automatedUpdateEC2012) [UpdateOpenLigaDbService] No update needed for ec2012
INFO   | jvm 2    | main    | 2016/04/13 03:47:29.262 | INFO  [automatedUpdateWWC2011::de.hybris.platform.servicelayer.internal.jalo.ServicelayerJob] (automatedUpdateWWC2011) [UpdateOpenLigaDbService] No update needed for wwc2011
INFO   | jvm 2    | main    | 2016/04/13 03:47:29.262 | INFO  [automatedUpdate1LGer2010::de.hybris.platform.servicelayer.internal.jalo.ServicelayerJob] (automatedUpdate1LGer2010) [UpdateOpenLigaDbService] No update needed for 1lger2010
INFO   | jvm 2    | main    | 2016/04/13 03:47:38.813 | INFO  [automatedUpdate1LGer2012::de.hybris.platform.servicelayer.internal.jalo.ServicelayerJob] (automatedUpdate1LGer2012) [UpdateOpenLigaDbService] Checking update status for 1lger2012
INFO   | jvm 2    | main    | 2016/04/13 03:47:38.915 | INFO  [automatedUpdate2LGer2010::de.hybris.platform.servicelayer.internal.jalo.ServicelayerJob] (automatedUpdate2LGer2010) [UpdateOpenLigaDbService] Checking update status for 2lger2010
INFO   | jvm 2    | main    | 2016/04/13 03:47:38.915 | INFO  [automatedUpdate1LGer2011::de.hybris.platform.servicelayer.internal.jalo.ServicelayerJob] (automatedUpdate1LGer2011) [UpdateOpenLigaDbService] Checking update status for 1lger2011
INFO   | jvm 2    | main    | 2016/04/13 03:47:38.915 | INFO  [automatedUpdateCl2010::de.hybris.platform.servicelayer.internal.jalo.ServicelayerJob] (automatedUpdateCl2010) [UpdateOpenLigaDbService] Checking update status for cl2010
INFO   | jvm 2    | main    | 2016/04/13 03:47:38.915 | INFO  [automatedUpdateCl2012::de.hybris.platform.servicelayer.internal.jalo.ServicelayerJob] (automatedUpdateCl2012) [UpdateOpenLigaDbService] Checking update status for cl2012
INFO   | jvm 2    | main    | 2016/04/13 03:47:38.915 | INFO  [automatedUpdateCl2011::de.hybris.platform.servicelayer.internal.jalo.ServicelayerJob] (automatedUpdateCl2011) [UpdateOpenLigaDbService] Checking update status for cl2011
INFO   | jvm 2    | main    | 2016/04/13 03:47:39.016 | INFO  [automatedUpdate1LGer2012::de.hybris.platform.servicelayer.internal.jalo.ServicelayerJob] (automatedUpdate1LGer2012) [UpdateOpenLigaDbService] No update needed for 1lger2012
INFO   | jvm 2    | main    | 2016/04/13 03:47:39.016 | INFO  [automatedUpdate1LGer2011::de.hybris.platform.servicelayer.internal.jalo.ServicelayerJob] (automatedUpdate1LGer2011) [UpdateOpenLigaDbService] No update needed for 1lger2011
INFO   | jvm 2    | main    | 2016/04/13 03:47:39.016 | INFO  [automatedUpdate2LGer2010::de.hybris.platform.servicelayer.internal.jalo.ServicelayerJob] (automatedUpdate2LGer2010) [UpdateOpenLigaDbService] No update needed for 2lger2010
INFO   | jvm 2    | main    | 2016/04/13 03:47:39.016 | INFO  [automatedUpdateCl2012::de.hybris.platform.servicelayer.internal.jalo.ServicelayerJob] (automatedUpdateCl2012) [UpdateOpenLigaDbService] No update needed for cl2012
INFO   | jvm 2    | main    | 2016/04/13 03:47:39.016 | INFO  [automatedUpdateCl2011::de.hybris.platform.servicelayer.internal.jalo.ServicelayerJob] (automatedUpdateCl2011) [UpdateOpenLigaDbService] No update needed for cl2011
INFO   | jvm 2    | main    | 2016/04/13 03:47:39.116 | INFO  [automatedUpdateCl2010::de.hybris.platform.servicelayer.internal.jalo.ServicelayerJob] (automatedUpdateCl2010) [UpdateOpenLigaDbService] No update needed for cl2010
INFO   | jvm 2    | main    | 2016/04/13 11:42:08.102 | INFO  [automatedUpdate2LGer2010::de.hybris.platform.servicelayer.internal.jalo.ServicelayerJob] (automatedUpdate2LGer2010) [UpdateOpenLigaDbService] Checking update status for 2lger2010
INFO   | jvm 2    | main    | 2016/04/13 11:42:09.741 | INFO  [automatedUpdate1LGer2011::de.hybris.platform.servicelayer.internal.jalo.ServicelayerJob] (automatedUpdate1LGer2011) [UpdateOpenLigaDbService] Checking update status for 1lger2011
INFO   | jvm 2    | main    | 2016/04/13 11:42:09.841 | INFO  [automatedUpdateCl2011::de.hybris.platform.servicelayer.internal.jalo.ServicelayerJob] (automatedUpdateCl2011) [UpdateOpenLigaDbService] Checking update status for cl2011
INFO   | jvm 2    | main    | 2016/04/13 11:42:10.046 | INFO  [automatedUpdateCl2010::de.hybris.platform.servicelayer.internal.jalo.ServicelayerJob] (automatedUpdateCl2010) [UpdateOpenLigaDbService] Checking update status for cl2010
INFO   | jvm 2    | main    | 2016/04/13 11:42:10.046 | INFO  [automatedUpdateEC2012::de.hybris.platform.servicelayer.internal.jalo.ServicelayerJob] (automatedUpdateEC2012) [UpdateOpenLigaDbService] Checking update status for ec2012
INFO   | jvm 2    | main    | 2016/04/13 11:42:10.048 | INFO  [automatedUpdate1LGer2010::de.hybris.platform.servicelayer.internal.jalo.ServicelayerJob] (automatedUpdate1LGer2010) [UpdateOpenLigaDbService] Checking update status for 1lger2010
STATUS | wrapper  | main    | 2016/04/13 11:42:18.568 | Pinging the JVM took 6 seconds to respond.
INFO   | jvm 2    | main    | 2016/04/13 11:42:19.174 | INFO  [automatedUpdateCl2012::de.hybris.platform.servicelayer.internal.jalo.ServicelayerJob] (automatedUpdateCl2012) [UpdateOpenLigaDbService] Checking update status for cl2012
INFO   | jvm 2    | main    | 2016/04/13 11:42:19.274 | INFO  [automatedUpdate1LGer2012::de.hybris.platform.servicelayer.internal.jalo.ServicelayerJob] (automatedUpdate1LGer2012) [UpdateOpenLigaDbService] Checking update status for 1lger2012
INFO   | jvm 2    | main    | 2016/04/13 11:42:19.274 | INFO  [automatedUpdateWWC2011::de.hybris.platform.servicelayer.internal.jalo.ServicelayerJob] (automatedUpdateWWC2011) [UpdateOpenLigaDbService] Checking update status for wwc2011
INFO   | jvm 2    | main    | 2016/04/13 11:42:21.775 | INFO  [automatedUpdate1LGer2011::de.hybris.platform.servicelayer.internal.jalo.ServicelayerJob] (automatedUpdate1LGer2011) [UpdateOpenLigaDbService] No update needed for 1lger2011
INFO   | jvm 2    | main    | 2016/04/13 11:42:21.775 | INFO  [automatedUpdate1LGer2012::de.hybris.platform.servicelayer.internal.jalo.ServicelayerJob] (automatedUpdate1LGer2012) [UpdateOpenLigaDbService] No update needed for 1lger2012
INFO   | jvm 2    | main    | 2016/04/13 11:42:21.975 | INFO  [automatedUpdate1LGer2010::de.hybris.platform.servicelayer.internal.jalo.ServicelayerJob] (automatedUpdate1LGer2010) [UpdateOpenLigaDbService] No update needed for 1lger2010
INFO   | jvm 2    | main    | 2016/04/13 11:42:21.975 | INFO  [automatedUpdate2LGer2010::de.hybris.platform.servicelayer.internal.jalo.ServicelayerJob] (automatedUpdate2LGer2010) [UpdateOpenLigaDbService] No update needed for 2lger2010
INFO   | jvm 2    | main    | 2016/04/13 11:42:21.975 | INFO  [automatedUpdateWWC2011::de.hybris.platform.servicelayer.internal.jalo.ServicelayerJob] (automatedUpdateWWC2011) [UpdateOpenLigaDbService] No update needed for wwc2011
INFO   | jvm 2    | main    | 2016/04/13 11:42:21.975 | INFO  [automatedUpdateCl2012::de.hybris.platform.servicelayer.internal.jalo.ServicelayerJob] (automatedUpdateCl2012) [UpdateOpenLigaDbService] No update needed for cl2012
INFO   | jvm 2    | main    | 2016/04/13 11:42:21.975 | INFO  [automatedUpdateCl2011::de.hybris.platform.servicelayer.internal.jalo.ServicelayerJob] (automatedUpdateCl2011) [UpdateOpenLigaDbService] No update needed for cl2011
INFO   | jvm 2    | main    | 2016/04/13 11:42:21.975 | INFO  [automatedUpdateEC2012::de.hybris.platform.servicelayer.internal.jalo.ServicelayerJob] (automatedUpdateEC2012) [UpdateOpenLigaDbService] No update needed for ec2012
INFO   | jvm 2    | main    | 2016/04/13 11:42:21.975 | INFO  [automatedUpdateCl2010::de.hybris.platform.servicelayer.internal.jalo.ServicelayerJob] (automatedUpdateCl2010) [UpdateOpenLigaDbService] No update needed for cl2010
INFO   | jvm 2    | main    | 2016/04/13 11:47:28.749 | INFO  [automatedUpdateWWC2011::de.hybris.platform.servicelayer.internal.jalo.ServicelayerJob] (automatedUpdateWWC2011) [UpdateOpenLigaDbService] Checking update status for wwc2011
INFO   | jvm 2    | main    | 2016/04/13 11:47:28.750 | INFO  [automatedUpdate1LGer2010::de.hybris.platform.servicelayer.internal.jalo.ServicelayerJob] (automatedUpdate1LGer2010) [UpdateOpenLigaDbService] Checking update status for 1lger2010
INFO   | jvm 2    | main    | 2016/04/13 11:47:28.750 | INFO  [automatedUpdateEC2012::de.hybris.platform.servicelayer.internal.jalo.ServicelayerJob] (automatedUpdateEC2012) [UpdateOpenLigaDbService] Checking update status for ec2012
INFO   | jvm 2    | main    | 2016/04/13 11:47:28.950 | INFO  [automatedUpdate1LGer2010::de.hybris.platform.servicelayer.internal.jalo.ServicelayerJob] (automatedUpdate1LGer2010) [UpdateOpenLigaDbService] No update needed for 1lger2010
INFO   | jvm 2    | main    | 2016/04/13 11:47:28.950 | INFO  [automatedUpdateWWC2011::de.hybris.platform.servicelayer.internal.jalo.ServicelayerJob] (automatedUpdateWWC2011) [UpdateOpenLigaDbService] No update needed for wwc2011
INFO   | jvm 2    | main    | 2016/04/13 11:47:28.950 | INFO  [automatedUpdateEC2012::de.hybris.platform.servicelayer.internal.jalo.ServicelayerJob] (automatedUpdateEC2012) [UpdateOpenLigaDbService] No update needed for ec2012
INFO   | jvm 2    | main    | 2016/04/13 11:47:38.755 | INFO  [automatedUpdateCl2011::de.hybris.platform.servicelayer.internal.jalo.ServicelayerJob] (automatedUpdateCl2011) [UpdateOpenLigaDbService] Checking update status for cl2011
INFO   | jvm 2    | main    | 2016/04/13 11:47:38.756 | INFO  [automatedUpdate1LGer2012::de.hybris.platform.servicelayer.internal.jalo.ServicelayerJob] (automatedUpdate1LGer2012) [UpdateOpenLigaDbService] Checking update status for 1lger2012
INFO   | jvm 2    | main    | 2016/04/13 11:47:38.756 | INFO  [automatedUpdate1LGer2011::de.hybris.platform.servicelayer.internal.jalo.ServicelayerJob] (automatedUpdate1LGer2011) [UpdateOpenLigaDbService] Checking update status for 1lger2011
INFO   | jvm 2    | main    | 2016/04/13 11:47:38.756 | INFO  [automatedUpdate2LGer2010::de.hybris.platform.servicelayer.internal.jalo.ServicelayerJob] (automatedUpdate2LGer2010) [UpdateOpenLigaDbService] Checking update status for 2lger2010
INFO   | jvm 2    | main    | 2016/04/13 11:47:38.856 | INFO  [automatedUpdateCl2012::de.hybris.platform.servicelayer.internal.jalo.ServicelayerJob] (automatedUpdateCl2012) [UpdateOpenLigaDbService] Checking update status for cl2012
INFO   | jvm 2    | main    | 2016/04/13 11:47:38.856 | INFO  [automatedUpdateCl2010::de.hybris.platform.servicelayer.internal.jalo.ServicelayerJob] (automatedUpdateCl2010) [UpdateOpenLigaDbService] Checking update status for cl2010
INFO   | jvm 2    | main    | 2016/04/13 11:47:38.957 | INFO  [automatedUpdate1LGer2012::de.hybris.platform.servicelayer.internal.jalo.ServicelayerJob] (automatedUpdate1LGer2012) [UpdateOpenLigaDbService] No update needed for 1lger2012
INFO   | jvm 2    | main    | 2016/04/13 11:47:38.957 | INFO  [automatedUpdateCl2011::de.hybris.platform.servicelayer.internal.jalo.ServicelayerJob] (automatedUpdateCl2011) [UpdateOpenLigaDbService] No update needed for cl2011
INFO   | jvm 2    | main    | 2016/04/13 11:47:39.058 | INFO  [automatedUpdate1LGer2011::de.hybris.platform.servicelayer.internal.jalo.ServicelayerJob] (automatedUpdate1LGer2011) [UpdateOpenLigaDbService] No update needed for 1lger2011
INFO   | jvm 2    | main    | 2016/04/13 11:47:39.058 | INFO  [automatedUpdateCl2012::de.hybris.platform.servicelayer.internal.jalo.ServicelayerJob] (automatedUpdateCl2012) [UpdateOpenLigaDbService] No update needed for cl2012
INFO   | jvm 2    | main    | 2016/04/13 11:47:39.058 | INFO  [automatedUpdate2LGer2010::de.hybris.platform.servicelayer.internal.jalo.ServicelayerJob] (automatedUpdate2LGer2010) [UpdateOpenLigaDbService] No update needed for 2lger2010
INFO   | jvm 2    | main    | 2016/04/13 11:47:39.058 | INFO  [automatedUpdateCl2010::de.hybris.platform.servicelayer.internal.jalo.ServicelayerJob] (automatedUpdateCl2010) [UpdateOpenLigaDbService] No update needed for cl2010
STATUS | wrapper  | main    | 2016/04/13 12:42:32.135 | Pinging the JVM took 6 seconds to respond.
INFO   | jvm 2    | main    | 2016/04/13 12:47:22.535 | INFO  [automatedUpdateEC2012::de.hybris.platform.servicelayer.internal.jalo.ServicelayerJob] (automatedUpdateEC2012) [UpdateOpenLigaDbService] Checking update status for ec2012
INFO   | jvm 2    | main    | 2016/04/13 12:47:23.049 | INFO  [automatedUpdateEC2012::de.hybris.platform.servicelayer.internal.jalo.ServicelayerJob] (automatedUpdateEC2012) [UpdateOpenLigaDbService] No update needed for ec2012
INFO   | jvm 2    | main    | 2016/04/13 12:47:32.791 | INFO  [automatedUpdate1LGer2011::de.hybris.platform.servicelayer.internal.jalo.ServicelayerJob] (automatedUpdate1LGer2011) [UpdateOpenLigaDbService] Checking update status for 1lger2011
INFO   | jvm 2    | main    | 2016/04/13 12:47:32.892 | INFO  [automatedUpdateCl2011::de.hybris.platform.servicelayer.internal.jalo.ServicelayerJob] (automatedUpdateCl2011) [UpdateOpenLigaDbService] Checking update status for cl2011
INFO   | jvm 2    | main    | 2016/04/13 12:47:32.892 | INFO  [automatedUpdate2LGer2010::de.hybris.platform.servicelayer.internal.jalo.ServicelayerJob] (automatedUpdate2LGer2010) [UpdateOpenLigaDbService] Checking update status for 2lger2010
INFO   | jvm 2    | main    | 2016/04/13 12:47:32.892 | INFO  [automatedUpdateWWC2011::de.hybris.platform.servicelayer.internal.jalo.ServicelayerJob] (automatedUpdateWWC2011) [UpdateOpenLigaDbService] Checking update status for wwc2011
INFO   | jvm 2    | main    | 2016/04/13 12:47:32.892 | INFO  [automatedUpdate1LGer2012::de.hybris.platform.servicelayer.internal.jalo.ServicelayerJob] (automatedUpdate1LGer2012) [UpdateOpenLigaDbService] Checking update status for 1lger2012
INFO   | jvm 2    | main    | 2016/04/13 12:47:32.892 | INFO  [automatedUpdateCl2010::de.hybris.platform.servicelayer.internal.jalo.ServicelayerJob] (automatedUpdateCl2010) [UpdateOpenLigaDbService] Checking update status for cl2010
INFO   | jvm 2    | main    | 2016/04/13 12:47:32.892 | INFO  [automatedUpdate1LGer2010::de.hybris.platform.servicelayer.internal.jalo.ServicelayerJob] (automatedUpdate1LGer2010) [UpdateOpenLigaDbService] Checking update status for 1lger2010
INFO   | jvm 2    | main    | 2016/04/13 12:47:32.993 | INFO  [automatedUpdate1LGer2011::de.hybris.platform.servicelayer.internal.jalo.ServicelayerJob] (automatedUpdate1LGer2011) [UpdateOpenLigaDbService] No update needed for 1lger2011
INFO   | jvm 2    | main    | 2016/04/13 12:47:33.093 | INFO  [automatedUpdateCl2011::de.hybris.platform.servicelayer.internal.jalo.ServicelayerJob] (automatedUpdateCl2011) [UpdateOpenLigaDbService] No update needed for cl2011
INFO   | jvm 2    | main    | 2016/04/13 12:47:33.093 | INFO  [automatedUpdate2LGer2010::de.hybris.platform.servicelayer.internal.jalo.ServicelayerJob] (automatedUpdate2LGer2010) [UpdateOpenLigaDbService] No update needed for 2lger2010
INFO   | jvm 2    | main    | 2016/04/13 12:47:33.093 | INFO  [automatedUpdate1LGer2012::de.hybris.platform.servicelayer.internal.jalo.ServicelayerJob] (automatedUpdate1LGer2012) [UpdateOpenLigaDbService] No update needed for 1lger2012
INFO   | jvm 2    | main    | 2016/04/13 12:47:33.093 | INFO  [automatedUpdateWWC2011::de.hybris.platform.servicelayer.internal.jalo.ServicelayerJob] (automatedUpdateWWC2011) [UpdateOpenLigaDbService] No update needed for wwc2011
INFO   | jvm 2    | main    | 2016/04/13 12:47:33.193 | INFO  [automatedUpdate1LGer2010::de.hybris.platform.servicelayer.internal.jalo.ServicelayerJob] (automatedUpdate1LGer2010) [UpdateOpenLigaDbService] No update needed for 1lger2010
INFO   | jvm 2    | main    | 2016/04/13 12:47:33.193 | INFO  [automatedUpdateCl2010::de.hybris.platform.servicelayer.internal.jalo.ServicelayerJob] (automatedUpdateCl2010) [UpdateOpenLigaDbService] No update needed for cl2010
INFO   | jvm 2    | main    | 2016/04/13 12:47:42.552 | INFO  [automatedUpdateCl2012::de.hybris.platform.servicelayer.internal.jalo.ServicelayerJob] (automatedUpdateCl2012) [UpdateOpenLigaDbService] Checking update status for cl2012
INFO   | jvm 2    | main    | 2016/04/13 12:47:42.884 | INFO  [automatedUpdateCl2012::de.hybris.platform.servicelayer.internal.jalo.ServicelayerJob] (automatedUpdateCl2012) [UpdateOpenLigaDbService] No update needed for cl2012
INFO   | jvm 2    | main    | 2016/04/13 13:47:24.578 | INFO  [automatedUpdateEC2012::de.hybris.platform.servicelayer.internal.jalo.ServicelayerJob] (automatedUpdateEC2012) [UpdateOpenLigaDbService] Checking update status for ec2012
INFO   | jvm 2    | main    | 2016/04/13 13:47:25.479 | INFO  [automatedUpdateEC2012::de.hybris.platform.servicelayer.internal.jalo.ServicelayerJob] (automatedUpdateEC2012) [UpdateOpenLigaDbService] No update needed for ec2012
INFO   | jvm 2    | main    | 2016/04/13 13:47:35.094 | INFO  [automatedUpdate2LGer2010::de.hybris.platform.servicelayer.internal.jalo.ServicelayerJob] (automatedUpdate2LGer2010) [UpdateOpenLigaDbService] Checking update status for 2lger2010
INFO   | jvm 2    | main    | 2016/04/13 13:47:35.094 | INFO  [automatedUpdateCl2012::de.hybris.platform.servicelayer.internal.jalo.ServicelayerJob] (automatedUpdateCl2012) [UpdateOpenLigaDbService] Checking update status for cl2012
INFO   | jvm 2    | main    | 2016/04/13 13:47:35.594 | INFO  [automatedUpdate1LGer2011::de.hybris.platform.servicelayer.internal.jalo.ServicelayerJob] (automatedUpdate1LGer2011) [UpdateOpenLigaDbService] Checking update status for 1lger2011
INFO   | jvm 2    | main    | 2016/04/13 13:47:35.594 | INFO  [automatedUpdateCl2011::de.hybris.platform.servicelayer.internal.jalo.ServicelayerJob] (automatedUpdateCl2011) [UpdateOpenLigaDbService] Checking update status for cl2011
INFO   | jvm 2    | main    | 2016/04/13 13:47:35.594 | INFO  [automatedUpdate1LGer2010::de.hybris.platform.servicelayer.internal.jalo.ServicelayerJob] (automatedUpdate1LGer2010) [UpdateOpenLigaDbService] Checking update status for 1lger2010
INFO   | jvm 2    | main    | 2016/04/13 13:47:35.594 | INFO  [automatedUpdateCl2010::de.hybris.platform.servicelayer.internal.jalo.ServicelayerJob] (automatedUpdateCl2010) [UpdateOpenLigaDbService] Checking update status for cl2010
INFO   | jvm 2    | main    | 2016/04/13 13:47:35.594 | INFO  [automatedUpdate1LGer2012::de.hybris.platform.servicelayer.internal.jalo.ServicelayerJob] (automatedUpdate1LGer2012) [UpdateOpenLigaDbService] Checking update status for 1lger2012
INFO   | jvm 2    | main    | 2016/04/13 13:47:35.594 | INFO  [automatedUpdateWWC2011::de.hybris.platform.servicelayer.internal.jalo.ServicelayerJob] (automatedUpdateWWC2011) [UpdateOpenLigaDbService] Checking update status for wwc2011
INFO   | jvm 2    | main    | 2016/04/13 13:47:35.794 | INFO  [automatedUpdate1LGer2011::de.hybris.platform.servicelayer.internal.jalo.ServicelayerJob] (automatedUpdate1LGer2011) [UpdateOpenLigaDbService] No update needed for 1lger2011
INFO   | jvm 2    | main    | 2016/04/13 13:47:35.894 | INFO  [automatedUpdateCl2012::de.hybris.platform.servicelayer.internal.jalo.ServicelayerJob] (automatedUpdateCl2012) [UpdateOpenLigaDbService] No update needed for cl2012
INFO   | jvm 2    | main    | 2016/04/13 13:47:35.894 | INFO  [automatedUpdateWWC2011::de.hybris.platform.servicelayer.internal.jalo.ServicelayerJob] (automatedUpdateWWC2011) [UpdateOpenLigaDbService] No update needed for wwc2011
INFO   | jvm 2    | main    | 2016/04/13 13:47:35.894 | INFO  [automatedUpdate2LGer2010::de.hybris.platform.servicelayer.internal.jalo.ServicelayerJob] (automatedUpdate2LGer2010) [UpdateOpenLigaDbService] No update needed for 2lger2010
INFO   | jvm 2    | main    | 2016/04/13 13:47:35.894 | INFO  [automatedUpdateCl2010::de.hybris.platform.servicelayer.internal.jalo.ServicelayerJob] (automatedUpdateCl2010) [UpdateOpenLigaDbService] No update needed for cl2010
INFO   | jvm 2    | main    | 2016/04/13 13:47:35.894 | INFO  [automatedUpdate1LGer2012::de.hybris.platform.servicelayer.internal.jalo.ServicelayerJob] (automatedUpdate1LGer2012) [UpdateOpenLigaDbService] No update needed for 1lger2012
INFO   | jvm 2    | main    | 2016/04/13 13:47:35.994 | INFO  [automatedUpdateCl2011::de.hybris.platform.servicelayer.internal.jalo.ServicelayerJob] (automatedUpdateCl2011) [UpdateOpenLigaDbService] No update needed for cl2011
INFO   | jvm 2    | main    | 2016/04/13 13:47:36.123 | INFO  [automatedUpdate1LGer2010::de.hybris.platform.servicelayer.internal.jalo.ServicelayerJob] (automatedUpdate1LGer2010) [UpdateOpenLigaDbService] No update needed for 1lger2010
INFO   | jvm 2    | main    | 2016/04/13 14:47:27.511 | INFO  [automatedUpdateEC2012::de.hybris.platform.servicelayer.internal.jalo.ServicelayerJob] (automatedUpdateEC2012) [UpdateOpenLigaDbService] Checking update status for ec2012
INFO   | jvm 2    | main    | 2016/04/13 14:47:27.712 | INFO  [automatedUpdateEC2012::de.hybris.platform.servicelayer.internal.jalo.ServicelayerJob] (automatedUpdateEC2012) [UpdateOpenLigaDbService] No update needed for ec2012
INFO   | jvm 2    | main    | 2016/04/13 14:47:37.801 | INFO  [automatedUpdateCl2010::de.hybris.platform.servicelayer.internal.jalo.ServicelayerJob] (automatedUpdateCl2010) [UpdateOpenLigaDbService] Checking update status for cl2010
INFO   | jvm 2    | main    | 2016/04/13 14:47:37.802 | INFO  [automatedUpdate2LGer2010::de.hybris.platform.servicelayer.internal.jalo.ServicelayerJob] (automatedUpdate2LGer2010) [UpdateOpenLigaDbService] Checking update status for 2lger2010
INFO   | jvm 2    | main    | 2016/04/13 14:47:37.805 | INFO  [automatedUpdate1LGer2010::de.hybris.platform.servicelayer.internal.jalo.ServicelayerJob] (automatedUpdate1LGer2010) [UpdateOpenLigaDbService] Checking update status for 1lger2010
INFO   | jvm 2    | main    | 2016/04/13 14:47:37.806 | INFO  [automatedUpdateCl2012::de.hybris.platform.servicelayer.internal.jalo.ServicelayerJob] (automatedUpdateCl2012) [UpdateOpenLigaDbService] Checking update status for cl2012
INFO   | jvm 2    | main    | 2016/04/13 14:47:37.806 | INFO  [automatedUpdate1LGer2012::de.hybris.platform.servicelayer.internal.jalo.ServicelayerJob] (automatedUpdate1LGer2012) [UpdateOpenLigaDbService] Checking update status for 1lger2012
INFO   | jvm 2    | main    | 2016/04/13 14:47:37.806 | INFO  [automatedUpdateWWC2011::de.hybris.platform.servicelayer.internal.jalo.ServicelayerJob] (automatedUpdateWWC2011) [UpdateOpenLigaDbService] Checking update status for wwc2011
INFO   | jvm 2    | main    | 2016/04/13 14:47:37.807 | INFO  [automatedUpdateCl2011::de.hybris.platform.servicelayer.internal.jalo.ServicelayerJob] (automatedUpdateCl2011) [UpdateOpenLigaDbService] Checking update status for cl2011
INFO   | jvm 2    | main    | 2016/04/13 14:47:37.807 | INFO  [automatedUpdate1LGer2011::de.hybris.platform.servicelayer.internal.jalo.ServicelayerJob] (automatedUpdate1LGer2011) [UpdateOpenLigaDbService] Checking update status for 1lger2011
INFO   | jvm 2    | main    | 2016/04/13 14:47:38.107 | INFO  [automatedUpdateCl2010::de.hybris.platform.servicelayer.internal.jalo.ServicelayerJob] (automatedUpdateCl2010) [UpdateOpenLigaDbService] No update needed for cl2010
INFO   | jvm 2    | main    | 2016/04/13 14:47:38.107 | INFO  [automatedUpdateCl2012::de.hybris.platform.servicelayer.internal.jalo.ServicelayerJob] (automatedUpdateCl2012) [UpdateOpenLigaDbService] No update needed for cl2012
INFO   | jvm 2    | main    | 2016/04/13 14:47:38.107 | INFO  [automatedUpdate1LGer2010::de.hybris.platform.servicelayer.internal.jalo.ServicelayerJob] (automatedUpdate1LGer2010) [UpdateOpenLigaDbService] No update needed for 1lger2010
INFO   | jvm 2    | main    | 2016/04/13 14:47:38.107 | INFO  [automatedUpdateWWC2011::de.hybris.platform.servicelayer.internal.jalo.ServicelayerJob] (automatedUpdateWWC2011) [UpdateOpenLigaDbService] No update needed for wwc2011
INFO   | jvm 2    | main    | 2016/04/13 14:47:38.128 | INFO  [automatedUpdateCl2011::de.hybris.platform.servicelayer.internal.jalo.ServicelayerJob] (automatedUpdateCl2011) [UpdateOpenLigaDbService] No update needed for cl2011
INFO   | jvm 2    | main    | 2016/04/13 14:47:38.128 | INFO  [automatedUpdate1LGer2012::de.hybris.platform.servicelayer.internal.jalo.ServicelayerJob] (automatedUpdate1LGer2012) [UpdateOpenLigaDbService] No update needed for 1lger2012
INFO   | jvm 2    | main    | 2016/04/13 14:47:38.128 | INFO  [automatedUpdate2LGer2010::de.hybris.platform.servicelayer.internal.jalo.ServicelayerJob] (automatedUpdate2LGer2010) [UpdateOpenLigaDbService] No update needed for 2lger2010
INFO   | jvm 2    | main    | 2016/04/13 14:47:38.128 | INFO  [automatedUpdate1LGer2011::de.hybris.platform.servicelayer.internal.jalo.ServicelayerJob] (automatedUpdate1LGer2011) [UpdateOpenLigaDbService] No update needed for 1lger2011
INFO   | jvm 2    | main    | 2016/04/13 15:47:29.712 | INFO  [automatedUpdate1LGer2010::de.hybris.platform.servicelayer.internal.jalo.ServicelayerJob] (automatedUpdate1LGer2010) [UpdateOpenLigaDbService] Checking update status for 1lger2010
INFO   | jvm 2    | main    | 2016/04/13 15:47:29.813 | INFO  [automatedUpdate1LGer2011::de.hybris.platform.servicelayer.internal.jalo.ServicelayerJob] (automatedUpdate1LGer2011) [UpdateOpenLigaDbService] Checking update status for 1lger2011
INFO   | jvm 2    | main    | 2016/04/13 15:47:30.013 | INFO  [automatedUpdate2LGer2010::de.hybris.platform.servicelayer.internal.jalo.ServicelayerJob] (automatedUpdate2LGer2010) [UpdateOpenLigaDbService] Checking update status for 2lger2010
INFO   | jvm 2    | main    | 2016/04/13 15:47:30.013 | INFO  [automatedUpdateEC2012::de.hybris.platform.servicelayer.internal.jalo.ServicelayerJob] (automatedUpdateEC2012) [UpdateOpenLigaDbService] Checking update status for ec2012
INFO   | jvm 2    | main    | 2016/04/13 15:47:30.013 | INFO  [automatedUpdateWWC2011::de.hybris.platform.servicelayer.internal.jalo.ServicelayerJob] (automatedUpdateWWC2011) [UpdateOpenLigaDbService] Checking update status for wwc2011
INFO   | jvm 2    | main    | 2016/04/13 15:47:30.126 | INFO  [automatedUpdate1LGer2010::de.hybris.platform.servicelayer.internal.jalo.ServicelayerJob] (automatedUpdate1LGer2010) [UpdateOpenLigaDbService] No update needed for 1lger2010
INFO   | jvm 2    | main    | 2016/04/13 15:47:30.226 | INFO  [automatedUpdate2LGer2010::de.hybris.platform.servicelayer.internal.jalo.ServicelayerJob] (automatedUpdate2LGer2010) [UpdateOpenLigaDbService] No update needed for 2lger2010
INFO   | jvm 2    | main    | 2016/04/13 15:47:30.226 | INFO  [automatedUpdateEC2012::de.hybris.platform.servicelayer.internal.jalo.ServicelayerJob] (automatedUpdateEC2012) [UpdateOpenLigaDbService] No update needed for ec2012
INFO   | jvm 2    | main    | 2016/04/13 15:47:30.226 | INFO  [automatedUpdate1LGer2011::de.hybris.platform.servicelayer.internal.jalo.ServicelayerJob] (automatedUpdate1LGer2011) [UpdateOpenLigaDbService] No update needed for 1lger2011
INFO   | jvm 2    | main    | 2016/04/13 15:47:30.226 | INFO  [automatedUpdateWWC2011::de.hybris.platform.servicelayer.internal.jalo.ServicelayerJob] (automatedUpdateWWC2011) [UpdateOpenLigaDbService] No update needed for wwc2011
INFO   | jvm 2    | main    | 2016/04/13 15:47:39.738 | INFO  [automatedUpdate1LGer2012::de.hybris.platform.servicelayer.internal.jalo.ServicelayerJob] (automatedUpdate1LGer2012) [UpdateOpenLigaDbService] Checking update status for 1lger2012
INFO   | jvm 2    | main    | 2016/04/13 15:47:39.738 | INFO  [automatedUpdateCl2011::de.hybris.platform.servicelayer.internal.jalo.ServicelayerJob] (automatedUpdateCl2011) [UpdateOpenLigaDbService] Checking update status for cl2011
INFO   | jvm 2    | main    | 2016/04/13 15:47:39.838 | INFO  [automatedUpdateCl2010::de.hybris.platform.servicelayer.internal.jalo.ServicelayerJob] (automatedUpdateCl2010) [UpdateOpenLigaDbService] Checking update status for cl2010
INFO   | jvm 2    | main    | 2016/04/13 15:47:39.838 | INFO  [automatedUpdateCl2012::de.hybris.platform.servicelayer.internal.jalo.ServicelayerJob] (automatedUpdateCl2012) [UpdateOpenLigaDbService] Checking update status for cl2012
INFO   | jvm 2    | main    | 2016/04/13 15:47:40.038 | INFO  [automatedUpdateCl2011::de.hybris.platform.servicelayer.internal.jalo.ServicelayerJob] (automatedUpdateCl2011) [UpdateOpenLigaDbService] No update needed for cl2011
INFO   | jvm 2    | main    | 2016/04/13 15:47:40.040 | INFO  [automatedUpdateCl2010::de.hybris.platform.servicelayer.internal.jalo.ServicelayerJob] (automatedUpdateCl2010) [UpdateOpenLigaDbService] No update needed for cl2010
INFO   | jvm 2    | main    | 2016/04/13 15:47:40.040 | INFO  [automatedUpdateCl2012::de.hybris.platform.servicelayer.internal.jalo.ServicelayerJob] (automatedUpdateCl2012) [UpdateOpenLigaDbService] No update needed for cl2012
INFO   | jvm 2    | main    | 2016/04/13 15:47:40.140 | INFO  [automatedUpdate1LGer2012::de.hybris.platform.servicelayer.internal.jalo.ServicelayerJob] (automatedUpdate1LGer2012) [UpdateOpenLigaDbService] No update needed for 1lger2012
STATUS | wrapper  | main    | 2016/04/13 16:42:38.552 | Pinging the JVM took 1 seconds to respond.
INFO   | jvm 2    | main    | 2016/04/13 16:47:30.969 | INFO  [automatedUpdateEC2012::de.hybris.platform.servicelayer.internal.jalo.ServicelayerJob] (automatedUpdateEC2012) [UpdateOpenLigaDbService] Checking update status for ec2012
INFO   | jvm 2    | main    | 2016/04/13 16:47:30.970 | INFO  [automatedUpdate1LGer2012::de.hybris.platform.servicelayer.internal.jalo.ServicelayerJob] (automatedUpdate1LGer2012) [UpdateOpenLigaDbService] Checking update status for 1lger2012
INFO   | jvm 2    | main    | 2016/04/13 16:47:31.070 | INFO  [automatedUpdateWWC2011::de.hybris.platform.servicelayer.internal.jalo.ServicelayerJob] (automatedUpdateWWC2011) [UpdateOpenLigaDbService] Checking update status for wwc2011
INFO   | jvm 2    | main    | 2016/04/13 16:47:31.070 | INFO  [automatedUpdate2LGer2010::de.hybris.platform.servicelayer.internal.jalo.ServicelayerJob] (automatedUpdate2LGer2010) [UpdateOpenLigaDbService] Checking update status for 2lger2010
INFO   | jvm 2    | main    | 2016/04/13 16:47:31.070 | INFO  [automatedUpdate1LGer2010::de.hybris.platform.servicelayer.internal.jalo.ServicelayerJob] (automatedUpdate1LGer2010) [UpdateOpenLigaDbService] Checking update status for 1lger2010
INFO   | jvm 2    | main    | 2016/04/13 16:47:31.070 | INFO  [automatedUpdate1LGer2011::de.hybris.platform.servicelayer.internal.jalo.ServicelayerJob] (automatedUpdate1LGer2011) [UpdateOpenLigaDbService] Checking update status for 1lger2011
INFO   | jvm 2    | main    | 2016/04/13 16:47:31.170 | INFO  [automatedUpdateEC2012::de.hybris.platform.servicelayer.internal.jalo.ServicelayerJob] (automatedUpdateEC2012) [UpdateOpenLigaDbService] No update needed for ec2012
INFO   | jvm 2    | main    | 2016/04/13 16:47:31.170 | INFO  [automatedUpdate1LGer2012::de.hybris.platform.servicelayer.internal.jalo.ServicelayerJob] (automatedUpdate1LGer2012) [UpdateOpenLigaDbService] No update needed for 1lger2012
INFO   | jvm 2    | main    | 2016/04/13 16:47:31.270 | INFO  [automatedUpdate1LGer2010::de.hybris.platform.servicelayer.internal.jalo.ServicelayerJob] (automatedUpdate1LGer2010) [UpdateOpenLigaDbService] No update needed for 1lger2010
INFO   | jvm 2    | main    | 2016/04/13 16:47:31.270 | INFO  [automatedUpdate1LGer2011::de.hybris.platform.servicelayer.internal.jalo.ServicelayerJob] (automatedUpdate1LGer2011) [UpdateOpenLigaDbService] No update needed for 1lger2011
INFO   | jvm 2    | main    | 2016/04/13 16:47:31.270 | INFO  [automatedUpdate2LGer2010::de.hybris.platform.servicelayer.internal.jalo.ServicelayerJob] (automatedUpdate2LGer2010) [UpdateOpenLigaDbService] No update needed for 2lger2010
INFO   | jvm 2    | main    | 2016/04/13 16:47:31.270 | INFO  [automatedUpdateWWC2011::de.hybris.platform.servicelayer.internal.jalo.ServicelayerJob] (automatedUpdateWWC2011) [UpdateOpenLigaDbService] No update needed for wwc2011
INFO   | jvm 2    | main    | 2016/04/13 16:47:40.686 | INFO  [automatedUpdateCl2010::de.hybris.platform.servicelayer.internal.jalo.ServicelayerJob] (automatedUpdateCl2010) [UpdateOpenLigaDbService] Checking update status for cl2010
INFO   | jvm 2    | main    | 2016/04/13 16:47:40.686 | INFO  [automatedUpdateCl2011::de.hybris.platform.servicelayer.internal.jalo.ServicelayerJob] (automatedUpdateCl2011) [UpdateOpenLigaDbService] Checking update status for cl2011
INFO   | jvm 2    | main    | 2016/04/13 16:47:40.686 | INFO  [automatedUpdateCl2012::de.hybris.platform.servicelayer.internal.jalo.ServicelayerJob] (automatedUpdateCl2012) [UpdateOpenLigaDbService] Checking update status for cl2012
INFO   | jvm 2    | main    | 2016/04/13 16:47:40.889 | INFO  [automatedUpdateCl2011::de.hybris.platform.servicelayer.internal.jalo.ServicelayerJob] (automatedUpdateCl2011) [UpdateOpenLigaDbService] No update needed for cl2011
INFO   | jvm 2    | main    | 2016/04/13 16:47:40.889 | INFO  [automatedUpdateCl2012::de.hybris.platform.servicelayer.internal.jalo.ServicelayerJob] (automatedUpdateCl2012) [UpdateOpenLigaDbService] No update needed for cl2012
INFO   | jvm 2    | main    | 2016/04/13 16:47:40.989 | INFO  [automatedUpdateCl2010::de.hybris.platform.servicelayer.internal.jalo.ServicelayerJob] (automatedUpdateCl2010) [UpdateOpenLigaDbService] No update needed for cl2010
INFO   | jvm 2    | main    | 2016/04/13 17:46:01.869 | INFO  [sendReminderCronJob::de.hybris.platform.servicelayer.internal.jalo.ServicelayerJob] (sendReminderCronJob) [SendReminderJob] Sending reminder mails ..
INFO   | jvm 2    | main    | 2016/04/13 17:47:21.701 | INFO  [automatedUpdateEC2012::de.hybris.platform.servicelayer.internal.jalo.ServicelayerJob] (automatedUpdateEC2012) [UpdateOpenLigaDbService] Checking update status for ec2012
INFO   | jvm 2    | main    | 2016/04/13 17:47:21.901 | INFO  [automatedUpdateEC2012::de.hybris.platform.servicelayer.internal.jalo.ServicelayerJob] (automatedUpdateEC2012) [UpdateOpenLigaDbService] No update needed for ec2012
INFO   | jvm 2    | main    | 2016/04/13 17:47:31.835 | INFO  [automatedUpdate1LGer2011::de.hybris.platform.servicelayer.internal.jalo.ServicelayerJob] (automatedUpdate1LGer2011) [UpdateOpenLigaDbService] Checking update status for 1lger2011
INFO   | jvm 2    | main    | 2016/04/13 17:47:31.836 | INFO  [automatedUpdateWWC2011::de.hybris.platform.servicelayer.internal.jalo.ServicelayerJob] (automatedUpdateWWC2011) [UpdateOpenLigaDbService] Checking update status for wwc2011
INFO   | jvm 2    | main    | 2016/04/13 17:47:31.837 | INFO  [automatedUpdate1LGer2012::de.hybris.platform.servicelayer.internal.jalo.ServicelayerJob] (automatedUpdate1LGer2012) [UpdateOpenLigaDbService] Checking update status for 1lger2012
INFO   | jvm 2    | main    | 2016/04/13 17:47:31.837 | INFO  [automatedUpdateCl2010::de.hybris.platform.servicelayer.internal.jalo.ServicelayerJob] (automatedUpdateCl2010) [UpdateOpenLigaDbService] Checking update status for cl2010
INFO   | jvm 2    | main    | 2016/04/13 17:47:31.838 | INFO  [automatedUpdate1LGer2010::de.hybris.platform.servicelayer.internal.jalo.ServicelayerJob] (automatedUpdate1LGer2010) [UpdateOpenLigaDbService] Checking update status for 1lger2010
INFO   | jvm 2    | main    | 2016/04/13 17:47:31.838 | INFO  [automatedUpdate2LGer2010::de.hybris.platform.servicelayer.internal.jalo.ServicelayerJob] (automatedUpdate2LGer2010) [UpdateOpenLigaDbService] Checking update status for 2lger2010
INFO   | jvm 2    | main    | 2016/04/13 17:47:32.038 | INFO  [automatedUpdate1LGer2011::de.hybris.platform.servicelayer.internal.jalo.ServicelayerJob] (automatedUpdate1LGer2011) [UpdateOpenLigaDbService] No update needed for 1lger2011
INFO   | jvm 2    | main    | 2016/04/13 17:47:32.038 | INFO  [automatedUpdate2LGer2010::de.hybris.platform.servicelayer.internal.jalo.ServicelayerJob] (automatedUpdate2LGer2010) [UpdateOpenLigaDbService] No update needed for 2lger2010
INFO   | jvm 2    | main    | 2016/04/13 17:47:32.038 | INFO  [automatedUpdate1LGer2012::de.hybris.platform.servicelayer.internal.jalo.ServicelayerJob] (automatedUpdate1LGer2012) [UpdateOpenLigaDbService] No update needed for 1lger2012
INFO   | jvm 2    | main    | 2016/04/13 17:47:32.138 | INFO  [automatedUpdateWWC2011::de.hybris.platform.servicelayer.internal.jalo.ServicelayerJob] (automatedUpdateWWC2011) [UpdateOpenLigaDbService] No update needed for wwc2011
INFO   | jvm 2    | main    | 2016/04/13 17:47:32.138 | INFO  [automatedUpdate1LGer2010::de.hybris.platform.servicelayer.internal.jalo.ServicelayerJob] (automatedUpdate1LGer2010) [UpdateOpenLigaDbService] No update needed for 1lger2010
INFO   | jvm 2    | main    | 2016/04/13 17:47:32.138 | INFO  [automatedUpdateCl2010::de.hybris.platform.servicelayer.internal.jalo.ServicelayerJob] (automatedUpdateCl2010) [UpdateOpenLigaDbService] No update needed for cl2010
INFO   | jvm 2    | main    | 2016/04/13 17:47:41.642 | INFO  [automatedUpdateCl2011::de.hybris.platform.servicelayer.internal.jalo.ServicelayerJob] (automatedUpdateCl2011) [UpdateOpenLigaDbService] Checking update status for cl2011
INFO   | jvm 2    | main    | 2016/04/13 17:47:41.743 | INFO  [automatedUpdateCl2012::de.hybris.platform.servicelayer.internal.jalo.ServicelayerJob] (automatedUpdateCl2012) [UpdateOpenLigaDbService] Checking update status for cl2012
INFO   | jvm 2    | main    | 2016/04/13 17:47:41.943 | INFO  [automatedUpdateCl2011::de.hybris.platform.servicelayer.internal.jalo.ServicelayerJob] (automatedUpdateCl2011) [UpdateOpenLigaDbService] No update needed for cl2011
INFO   | jvm 2    | main    | 2016/04/13 17:47:41.943 | INFO  [automatedUpdateCl2012::de.hybris.platform.servicelayer.internal.jalo.ServicelayerJob] (automatedUpdateCl2012) [UpdateOpenLigaDbService] No update needed for cl2012
STATUS | wrapper  | main    | 2016/04/13 18:42:41.206 | Pinging the JVM took 1 seconds to respond.
INFO   | jvm 2    | main    | 2016/04/13 18:47:22.619 | INFO  [automatedUpdateEC2012::de.hybris.platform.servicelayer.internal.jalo.ServicelayerJob] (automatedUpdateEC2012) [UpdateOpenLigaDbService] Checking update status for ec2012
INFO   | jvm 2    | main    | 2016/04/13 18:47:22.819 | INFO  [automatedUpdateEC2012::de.hybris.platform.servicelayer.internal.jalo.ServicelayerJob] (automatedUpdateEC2012) [UpdateOpenLigaDbService] No update needed for ec2012
INFO   | jvm 2    | main    | 2016/04/13 18:47:32.621 | INFO  [automatedUpdate1LGer2012::de.hybris.platform.servicelayer.internal.jalo.ServicelayerJob] (automatedUpdate1LGer2012) [UpdateOpenLigaDbService] Checking update status for 1lger2012
INFO   | jvm 2    | main    | 2016/04/13 18:47:32.721 | INFO  [automatedUpdateCl2010::de.hybris.platform.servicelayer.internal.jalo.ServicelayerJob] (automatedUpdateCl2010) [UpdateOpenLigaDbService] Checking update status for cl2010
INFO   | jvm 2    | main    | 2016/04/13 18:47:32.722 | INFO  [automatedUpdate1LGer2010::de.hybris.platform.servicelayer.internal.jalo.ServicelayerJob] (automatedUpdate1LGer2010) [UpdateOpenLigaDbService] Checking update status for 1lger2010
INFO   | jvm 2    | main    | 2016/04/13 18:47:32.722 | INFO  [automatedUpdateCl2011::de.hybris.platform.servicelayer.internal.jalo.ServicelayerJob] (automatedUpdateCl2011) [UpdateOpenLigaDbService] Checking update status for cl2011
INFO   | jvm 2    | main    | 2016/04/13 18:47:32.722 | INFO  [automatedUpdate2LGer2010::de.hybris.platform.servicelayer.internal.jalo.ServicelayerJob] (automatedUpdate2LGer2010) [UpdateOpenLigaDbService] Checking update status for 2lger2010
INFO   | jvm 2    | main    | 2016/04/13 18:47:32.722 | INFO  [automatedUpdateWWC2011::de.hybris.platform.servicelayer.internal.jalo.ServicelayerJob] (automatedUpdateWWC2011) [UpdateOpenLigaDbService] Checking update status for wwc2011
INFO   | jvm 2    | main    | 2016/04/13 18:47:32.722 | INFO  [automatedUpdate1LGer2011::de.hybris.platform.servicelayer.internal.jalo.ServicelayerJob] (automatedUpdate1LGer2011) [UpdateOpenLigaDbService] Checking update status for 1lger2011
INFO   | jvm 2    | main    | 2016/04/13 18:47:32.929 | INFO  [automatedUpdateCl2010::de.hybris.platform.servicelayer.internal.jalo.ServicelayerJob] (automatedUpdateCl2010) [UpdateOpenLigaDbService] No update needed for cl2010
INFO   | jvm 2    | main    | 2016/04/13 18:47:32.929 | INFO  [automatedUpdate1LGer2012::de.hybris.platform.servicelayer.internal.jalo.ServicelayerJob] (automatedUpdate1LGer2012) [UpdateOpenLigaDbService] No update needed for 1lger2012
INFO   | jvm 2    | main    | 2016/04/13 18:47:32.929 | INFO  [automatedUpdateWWC2011::de.hybris.platform.servicelayer.internal.jalo.ServicelayerJob] (automatedUpdateWWC2011) [UpdateOpenLigaDbService] No update needed for wwc2011
INFO   | jvm 2    | main    | 2016/04/13 18:47:32.930 | INFO  [automatedUpdateCl2011::de.hybris.platform.servicelayer.internal.jalo.ServicelayerJob] (automatedUpdateCl2011) [UpdateOpenLigaDbService] No update needed for cl2011
INFO   | jvm 2    | main    | 2016/04/13 18:47:33.030 | INFO  [automatedUpdate1LGer2010::de.hybris.platform.servicelayer.internal.jalo.ServicelayerJob] (automatedUpdate1LGer2010) [UpdateOpenLigaDbService] No update needed for 1lger2010
INFO   | jvm 2    | main    | 2016/04/13 18:47:33.030 | INFO  [automatedUpdate2LGer2010::de.hybris.platform.servicelayer.internal.jalo.ServicelayerJob] (automatedUpdate2LGer2010) [UpdateOpenLigaDbService] No update needed for 2lger2010
INFO   | jvm 2    | main    | 2016/04/13 18:47:33.030 | INFO  [automatedUpdate1LGer2011::de.hybris.platform.servicelayer.internal.jalo.ServicelayerJob] (automatedUpdate1LGer2011) [UpdateOpenLigaDbService] No update needed for 1lger2011
INFO   | jvm 2    | main    | 2016/04/13 18:47:42.641 | INFO  [automatedUpdateCl2012::de.hybris.platform.servicelayer.internal.jalo.ServicelayerJob] (automatedUpdateCl2012) [UpdateOpenLigaDbService] Checking update status for cl2012
INFO   | jvm 2    | main    | 2016/04/13 18:47:42.842 | INFO  [automatedUpdateCl2012::de.hybris.platform.servicelayer.internal.jalo.ServicelayerJob] (automatedUpdateCl2012) [UpdateOpenLigaDbService] No update needed for cl2012
STATUS | wrapper  | main    | 2016/04/13 19:42:42.710 | Pinging the JVM took 1 seconds to respond.
INFO   | jvm 2    | main    | 2016/04/13 19:47:23.355 | INFO  [automatedUpdateEC2012::de.hybris.platform.servicelayer.internal.jalo.ServicelayerJob] (automatedUpdateEC2012) [UpdateOpenLigaDbService] Checking update status for ec2012
INFO   | jvm 2    | main    | 2016/04/13 19:47:23.558 | INFO  [automatedUpdateEC2012::de.hybris.platform.servicelayer.internal.jalo.ServicelayerJob] (automatedUpdateEC2012) [UpdateOpenLigaDbService] No update needed for ec2012
INFO   | jvm 2    | main    | 2016/04/13 19:47:33.600 | INFO  [automatedUpdateWWC2011::de.hybris.platform.servicelayer.internal.jalo.ServicelayerJob] (automatedUpdateWWC2011) [UpdateOpenLigaDbService] Checking update status for wwc2011
INFO   | jvm 2    | main    | 2016/04/13 19:47:33.600 | INFO  [automatedUpdateCl2011::de.hybris.platform.servicelayer.internal.jalo.ServicelayerJob] (automatedUpdateCl2011) [UpdateOpenLigaDbService] Checking update status for cl2011
INFO   | jvm 2    | main    | 2016/04/13 19:47:33.600 | INFO  [automatedUpdate1LGer2010::de.hybris.platform.servicelayer.internal.jalo.ServicelayerJob] (automatedUpdate1LGer2010) [UpdateOpenLigaDbService] Checking update status for 1lger2010
INFO   | jvm 2    | main    | 2016/04/13 19:47:33.600 | INFO  [automatedUpdate2LGer2010::de.hybris.platform.servicelayer.internal.jalo.ServicelayerJob] (automatedUpdate2LGer2010) [UpdateOpenLigaDbService] Checking update status for 2lger2010
INFO   | jvm 2    | main    | 2016/04/13 19:47:33.600 | INFO  [automatedUpdate1LGer2011::de.hybris.platform.servicelayer.internal.jalo.ServicelayerJob] (automatedUpdate1LGer2011) [UpdateOpenLigaDbService] Checking update status for 1lger2011
INFO   | jvm 2    | main    | 2016/04/13 19:47:33.600 | INFO  [automatedUpdateCl2012::de.hybris.platform.servicelayer.internal.jalo.ServicelayerJob] (automatedUpdateCl2012) [UpdateOpenLigaDbService] Checking update status for cl2012
INFO   | jvm 2    | main    | 2016/04/13 19:47:33.601 | INFO  [automatedUpdateCl2010::de.hybris.platform.servicelayer.internal.jalo.ServicelayerJob] (automatedUpdateCl2010) [UpdateOpenLigaDbService] Checking update status for cl2010
INFO   | jvm 2    | main    | 2016/04/13 19:47:33.601 | INFO  [automatedUpdate1LGer2012::de.hybris.platform.servicelayer.internal.jalo.ServicelayerJob] (automatedUpdate1LGer2012) [UpdateOpenLigaDbService] Checking update status for 1lger2012
INFO   | jvm 2    | main    | 2016/04/13 19:47:33.853 | INFO  [automatedUpdateWWC2011::de.hybris.platform.servicelayer.internal.jalo.ServicelayerJob] (automatedUpdateWWC2011) [UpdateOpenLigaDbService] No update needed for wwc2011
INFO   | jvm 2    | main    | 2016/04/13 19:47:33.853 | INFO  [automatedUpdate1LGer2010::de.hybris.platform.servicelayer.internal.jalo.ServicelayerJob] (automatedUpdate1LGer2010) [UpdateOpenLigaDbService] No update needed for 1lger2010
INFO   | jvm 2    | main    | 2016/04/13 19:47:33.854 | INFO  [automatedUpdateCl2011::de.hybris.platform.servicelayer.internal.jalo.ServicelayerJob] (automatedUpdateCl2011) [UpdateOpenLigaDbService] No update needed for cl2011
INFO   | jvm 2    | main    | 2016/04/13 19:47:33.854 | INFO  [automatedUpdateCl2012::de.hybris.platform.servicelayer.internal.jalo.ServicelayerJob] (automatedUpdateCl2012) [UpdateOpenLigaDbService] No update needed for cl2012
INFO   | jvm 2    | main    | 2016/04/13 19:47:33.854 | INFO  [automatedUpdateCl2010::de.hybris.platform.servicelayer.internal.jalo.ServicelayerJob] (automatedUpdateCl2010) [UpdateOpenLigaDbService] No update needed for cl2010
INFO   | jvm 2    | main    | 2016/04/13 19:47:33.854 | INFO  [automatedUpdate2LGer2010::de.hybris.platform.servicelayer.internal.jalo.ServicelayerJob] (automatedUpdate2LGer2010) [UpdateOpenLigaDbService] No update needed for 2lger2010
INFO   | jvm 2    | main    | 2016/04/13 19:47:33.854 | INFO  [automatedUpdate1LGer2012::de.hybris.platform.servicelayer.internal.jalo.ServicelayerJob] (automatedUpdate1LGer2012) [UpdateOpenLigaDbService] No update needed for 1lger2012
INFO   | jvm 2    | main    | 2016/04/13 19:47:33.854 | INFO  [automatedUpdate1LGer2011::de.hybris.platform.servicelayer.internal.jalo.ServicelayerJob] (automatedUpdate1LGer2011) [UpdateOpenLigaDbService] No update needed for 1lger2011
STATUS | wrapper  | main    | 2016/04/13 20:42:44.132 | Pinging the JVM took 1 seconds to respond.
INFO   | jvm 2    | main    | 2016/04/13 20:47:24.183 | INFO  [automatedUpdateEC2012::de.hybris.platform.servicelayer.internal.jalo.ServicelayerJob] (automatedUpdateEC2012) [UpdateOpenLigaDbService] Checking update status for ec2012
INFO   | jvm 2    | main    | 2016/04/13 20:47:24.384 | INFO  [automatedUpdateEC2012::de.hybris.platform.servicelayer.internal.jalo.ServicelayerJob] (automatedUpdateEC2012) [UpdateOpenLigaDbService] No update needed for ec2012
INFO   | jvm 2    | main    | 2016/04/13 20:47:34.189 | INFO  [automatedUpdate1LGer2010::de.hybris.platform.servicelayer.internal.jalo.ServicelayerJob] (automatedUpdate1LGer2010) [UpdateOpenLigaDbService] Checking update status for 1lger2010
INFO   | jvm 2    | main    | 2016/04/13 20:47:34.390 | INFO  [automatedUpdate2LGer2010::de.hybris.platform.servicelayer.internal.jalo.ServicelayerJob] (automatedUpdate2LGer2010) [UpdateOpenLigaDbService] Checking update status for 2lger2010
INFO   | jvm 2    | main    | 2016/04/13 20:47:34.390 | INFO  [automatedUpdateCl2012::de.hybris.platform.servicelayer.internal.jalo.ServicelayerJob] (automatedUpdateCl2012) [UpdateOpenLigaDbService] Checking update status for cl2012
INFO   | jvm 2    | main    | 2016/04/13 20:47:34.390 | INFO  [automatedUpdate1LGer2011::de.hybris.platform.servicelayer.internal.jalo.ServicelayerJob] (automatedUpdate1LGer2011) [UpdateOpenLigaDbService] Checking update status for 1lger2011
INFO   | jvm 2    | main    | 2016/04/13 20:47:34.491 | INFO  [automatedUpdateWWC2011::de.hybris.platform.servicelayer.internal.jalo.ServicelayerJob] (automatedUpdateWWC2011) [UpdateOpenLigaDbService] Checking update status for wwc2011
INFO   | jvm 2    | main    | 2016/04/13 20:47:34.491 | INFO  [automatedUpdate1LGer2012::de.hybris.platform.servicelayer.internal.jalo.ServicelayerJob] (automatedUpdate1LGer2012) [UpdateOpenLigaDbService] Checking update status for 1lger2012
INFO   | jvm 2    | main    | 2016/04/13 20:47:34.491 | INFO  [automatedUpdateCl2010::de.hybris.platform.servicelayer.internal.jalo.ServicelayerJob] (automatedUpdateCl2010) [UpdateOpenLigaDbService] Checking update status for cl2010
INFO   | jvm 2    | main    | 2016/04/13 20:47:34.492 | INFO  [automatedUpdateCl2011::de.hybris.platform.servicelayer.internal.jalo.ServicelayerJob] (automatedUpdateCl2011) [UpdateOpenLigaDbService] Checking update status for cl2011
INFO   | jvm 2    | main    | 2016/04/13 20:47:34.592 | INFO  [automatedUpdate1LGer2010::de.hybris.platform.servicelayer.internal.jalo.ServicelayerJob] (automatedUpdate1LGer2010) [UpdateOpenLigaDbService] No update needed for 1lger2010
INFO   | jvm 2    | main    | 2016/04/13 20:47:34.692 | INFO  [automatedUpdate1LGer2011::de.hybris.platform.servicelayer.internal.jalo.ServicelayerJob] (automatedUpdate1LGer2011) [UpdateOpenLigaDbService] No update needed for 1lger2011
INFO   | jvm 2    | main    | 2016/04/13 20:47:34.692 | INFO  [automatedUpdateCl2011::de.hybris.platform.servicelayer.internal.jalo.ServicelayerJob] (automatedUpdateCl2011) [UpdateOpenLigaDbService] No update needed for cl2011
INFO   | jvm 2    | main    | 2016/04/13 20:47:34.692 | INFO  [automatedUpdate1LGer2012::de.hybris.platform.servicelayer.internal.jalo.ServicelayerJob] (automatedUpdate1LGer2012) [UpdateOpenLigaDbService] No update needed for 1lger2012
INFO   | jvm 2    | main    | 2016/04/13 20:47:34.692 | INFO  [automatedUpdate2LGer2010::de.hybris.platform.servicelayer.internal.jalo.ServicelayerJob] (automatedUpdate2LGer2010) [UpdateOpenLigaDbService] No update needed for 2lger2010
INFO   | jvm 2    | main    | 2016/04/13 20:47:34.692 | INFO  [automatedUpdateWWC2011::de.hybris.platform.servicelayer.internal.jalo.ServicelayerJob] (automatedUpdateWWC2011) [UpdateOpenLigaDbService] No update needed for wwc2011
INFO   | jvm 2    | main    | 2016/04/13 20:47:34.692 | INFO  [automatedUpdateCl2012::de.hybris.platform.servicelayer.internal.jalo.ServicelayerJob] (automatedUpdateCl2012) [UpdateOpenLigaDbService] No update needed for cl2012
INFO   | jvm 2    | main    | 2016/04/13 20:47:34.792 | INFO  [automatedUpdateCl2010::de.hybris.platform.servicelayer.internal.jalo.ServicelayerJob] (automatedUpdateCl2010) [UpdateOpenLigaDbService] No update needed for cl2010
INFO   | jvm 2    | main    | 2016/04/13 21:47:25.955 | INFO  [automatedUpdateEC2012::de.hybris.platform.servicelayer.internal.jalo.ServicelayerJob] (automatedUpdateEC2012) [UpdateOpenLigaDbService] Checking update status for ec2012
INFO   | jvm 2    | main    | 2016/04/13 21:47:26.156 | INFO  [automatedUpdateEC2012::de.hybris.platform.servicelayer.internal.jalo.ServicelayerJob] (automatedUpdateEC2012) [UpdateOpenLigaDbService] No update needed for ec2012
INFO   | jvm 2    | main    | 2016/04/13 21:47:35.998 | INFO  [automatedUpdateWWC2011::de.hybris.platform.servicelayer.internal.jalo.ServicelayerJob] (automatedUpdateWWC2011) [UpdateOpenLigaDbService] Checking update status for wwc2011
INFO   | jvm 2    | main    | 2016/04/13 21:47:35.998 | INFO  [automatedUpdate2LGer2010::de.hybris.platform.servicelayer.internal.jalo.ServicelayerJob] (automatedUpdate2LGer2010) [UpdateOpenLigaDbService] Checking update status for 2lger2010
INFO   | jvm 2    | main    | 2016/04/13 21:47:35.998 | INFO  [automatedUpdateCl2011::de.hybris.platform.servicelayer.internal.jalo.ServicelayerJob] (automatedUpdateCl2011) [UpdateOpenLigaDbService] Checking update status for cl2011
INFO   | jvm 2    | main    | 2016/04/13 21:47:35.998 | INFO  [automatedUpdate1LGer2010::de.hybris.platform.servicelayer.internal.jalo.ServicelayerJob] (automatedUpdate1LGer2010) [UpdateOpenLigaDbService] Checking update status for 1lger2010
INFO   | jvm 2    | main    | 2016/04/13 21:47:35.998 | INFO  [automatedUpdateCl2010::de.hybris.platform.servicelayer.internal.jalo.ServicelayerJob] (automatedUpdateCl2010) [UpdateOpenLigaDbService] Checking update status for cl2010
INFO   | jvm 2    | main    | 2016/04/13 21:47:35.998 | INFO  [automatedUpdate1LGer2011::de.hybris.platform.servicelayer.internal.jalo.ServicelayerJob] (automatedUpdate1LGer2011) [UpdateOpenLigaDbService] Checking update status for 1lger2011
INFO   | jvm 2    | main    | 2016/04/13 21:47:35.998 | INFO  [automatedUpdateCl2012::de.hybris.platform.servicelayer.internal.jalo.ServicelayerJob] (automatedUpdateCl2012) [UpdateOpenLigaDbService] Checking update status for cl2012
INFO   | jvm 2    | main    | 2016/04/13 21:47:35.999 | INFO  [automatedUpdate1LGer2012::de.hybris.platform.servicelayer.internal.jalo.ServicelayerJob] (automatedUpdate1LGer2012) [UpdateOpenLigaDbService] Checking update status for 1lger2012
INFO   | jvm 2    | main    | 2016/04/13 21:47:36.199 | INFO  [automatedUpdateWWC2011::de.hybris.platform.servicelayer.internal.jalo.ServicelayerJob] (automatedUpdateWWC2011) [UpdateOpenLigaDbService] No update needed for wwc2011
INFO   | jvm 2    | main    | 2016/04/13 21:47:36.199 | INFO  [automatedUpdateCl2011::de.hybris.platform.servicelayer.internal.jalo.ServicelayerJob] (automatedUpdateCl2011) [UpdateOpenLigaDbService] No update needed for cl2011
INFO   | jvm 2    | main    | 2016/04/13 21:47:36.299 | INFO  [automatedUpdateCl2012::de.hybris.platform.servicelayer.internal.jalo.ServicelayerJob] (automatedUpdateCl2012) [UpdateOpenLigaDbService] No update needed for cl2012
INFO   | jvm 2    | main    | 2016/04/13 21:47:36.299 | INFO  [automatedUpdate1LGer2012::de.hybris.platform.servicelayer.internal.jalo.ServicelayerJob] (automatedUpdate1LGer2012) [UpdateOpenLigaDbService] No update needed for 1lger2012
INFO   | jvm 2    | main    | 2016/04/13 21:47:36.299 | INFO  [automatedUpdate2LGer2010::de.hybris.platform.servicelayer.internal.jalo.ServicelayerJob] (automatedUpdate2LGer2010) [UpdateOpenLigaDbService] No update needed for 2lger2010
INFO   | jvm 2    | main    | 2016/04/13 21:47:36.299 | INFO  [automatedUpdateCl2010::de.hybris.platform.servicelayer.internal.jalo.ServicelayerJob] (automatedUpdateCl2010) [UpdateOpenLigaDbService] No update needed for cl2010
INFO   | jvm 2    | main    | 2016/04/13 21:47:36.299 | INFO  [automatedUpdate1LGer2011::de.hybris.platform.servicelayer.internal.jalo.ServicelayerJob] (automatedUpdate1LGer2011) [UpdateOpenLigaDbService] No update needed for 1lger2011
INFO   | jvm 2    | main    | 2016/04/13 21:47:36.299 | INFO  [automatedUpdate1LGer2010::de.hybris.platform.servicelayer.internal.jalo.ServicelayerJob] (automatedUpdate1LGer2010) [UpdateOpenLigaDbService] No update needed for 1lger2010
INFO   | jvm 2    | main    | 2016/04/13 22:47:27.053 | INFO  [automatedUpdateEC2012::de.hybris.platform.servicelayer.internal.jalo.ServicelayerJob] (automatedUpdateEC2012) [UpdateOpenLigaDbService] Checking update status for ec2012
INFO   | jvm 2    | main    | 2016/04/13 22:47:27.253 | INFO  [automatedUpdateEC2012::de.hybris.platform.servicelayer.internal.jalo.ServicelayerJob] (automatedUpdateEC2012) [UpdateOpenLigaDbService] No update needed for ec2012
INFO   | jvm 2    | main    | 2016/04/13 22:47:37.055 | INFO  [automatedUpdate1LGer2011::de.hybris.platform.servicelayer.internal.jalo.ServicelayerJob] (automatedUpdate1LGer2011) [UpdateOpenLigaDbService] Checking update status for 1lger2011
INFO   | jvm 2    | main    | 2016/04/13 22:47:37.156 | INFO  [automatedUpdateWWC2011::de.hybris.platform.servicelayer.internal.jalo.ServicelayerJob] (automatedUpdateWWC2011) [UpdateOpenLigaDbService] Checking update status for wwc2011
INFO   | jvm 2    | main    | 2016/04/13 22:47:37.156 | INFO  [automatedUpdateCl2012::de.hybris.platform.servicelayer.internal.jalo.ServicelayerJob] (automatedUpdateCl2012) [UpdateOpenLigaDbService] Checking update status for cl2012
INFO   | jvm 2    | main    | 2016/04/13 22:47:37.256 | INFO  [automatedUpdate1LGer2012::de.hybris.platform.servicelayer.internal.jalo.ServicelayerJob] (automatedUpdate1LGer2012) [UpdateOpenLigaDbService] Checking update status for 1lger2012
INFO   | jvm 2    | main    | 2016/04/13 22:47:37.256 | INFO  [automatedUpdateCl2010::de.hybris.platform.servicelayer.internal.jalo.ServicelayerJob] (automatedUpdateCl2010) [UpdateOpenLigaDbService] Checking update status for cl2010
INFO   | jvm 2    | main    | 2016/04/13 22:47:37.256 | INFO  [automatedUpdateCl2011::de.hybris.platform.servicelayer.internal.jalo.ServicelayerJob] (automatedUpdateCl2011) [UpdateOpenLigaDbService] Checking update status for cl2011
INFO   | jvm 2    | main    | 2016/04/13 22:47:37.256 | INFO  [automatedUpdate1LGer2010::de.hybris.platform.servicelayer.internal.jalo.ServicelayerJob] (automatedUpdate1LGer2010) [UpdateOpenLigaDbService] Checking update status for 1lger2010
INFO   | jvm 2    | main    | 2016/04/13 22:47:37.256 | INFO  [automatedUpdate2LGer2010::de.hybris.platform.servicelayer.internal.jalo.ServicelayerJob] (automatedUpdate2LGer2010) [UpdateOpenLigaDbService] Checking update status for 2lger2010
INFO   | jvm 2    | main    | 2016/04/13 22:47:37.356 | INFO  [automatedUpdate1LGer2011::de.hybris.platform.servicelayer.internal.jalo.ServicelayerJob] (automatedUpdate1LGer2011) [UpdateOpenLigaDbService] No update needed for 1lger2011
INFO   | jvm 2    | main    | 2016/04/13 22:47:37.356 | INFO  [automatedUpdateWWC2011::de.hybris.platform.servicelayer.internal.jalo.ServicelayerJob] (automatedUpdateWWC2011) [UpdateOpenLigaDbService] No update needed for wwc2011
INFO   | jvm 2    | main    | 2016/04/13 22:47:37.356 | INFO  [automatedUpdateCl2012::de.hybris.platform.servicelayer.internal.jalo.ServicelayerJob] (automatedUpdateCl2012) [UpdateOpenLigaDbService] No update needed for cl2012
INFO   | jvm 2    | main    | 2016/04/13 22:47:37.456 | INFO  [automatedUpdate1LGer2012::de.hybris.platform.servicelayer.internal.jalo.ServicelayerJob] (automatedUpdate1LGer2012) [UpdateOpenLigaDbService] No update needed for 1lger2012
INFO   | jvm 2    | main    | 2016/04/13 22:47:37.456 | INFO  [automatedUpdate2LGer2010::de.hybris.platform.servicelayer.internal.jalo.ServicelayerJob] (automatedUpdate2LGer2010) [UpdateOpenLigaDbService] No update needed for 2lger2010
INFO   | jvm 2    | main    | 2016/04/13 22:47:37.556 | INFO  [automatedUpdate1LGer2010::de.hybris.platform.servicelayer.internal.jalo.ServicelayerJob] (automatedUpdate1LGer2010) [UpdateOpenLigaDbService] No update needed for 1lger2010
INFO   | jvm 2    | main    | 2016/04/13 22:47:37.556 | INFO  [automatedUpdateCl2010::de.hybris.platform.servicelayer.internal.jalo.ServicelayerJob] (automatedUpdateCl2010) [UpdateOpenLigaDbService] No update needed for cl2010
INFO   | jvm 2    | main    | 2016/04/13 22:47:37.556 | INFO  [automatedUpdateCl2011::de.hybris.platform.servicelayer.internal.jalo.ServicelayerJob] (automatedUpdateCl2011) [UpdateOpenLigaDbService] No update needed for cl2011
INFO   | jvm 2    | main    | 2016/04/13 23:47:28.732 | INFO  [automatedUpdateWWC2011::de.hybris.platform.servicelayer.internal.jalo.ServicelayerJob] (automatedUpdateWWC2011) [UpdateOpenLigaDbService] Checking update status for wwc2011
INFO   | jvm 2    | main    | 2016/04/13 23:47:28.833 | INFO  [automatedUpdate1LGer2010::de.hybris.platform.servicelayer.internal.jalo.ServicelayerJob] (automatedUpdate1LGer2010) [UpdateOpenLigaDbService] Checking update status for 1lger2010
INFO   | jvm 2    | main    | 2016/04/13 23:47:28.933 | INFO  [automatedUpdateEC2012::de.hybris.platform.servicelayer.internal.jalo.ServicelayerJob] (automatedUpdateEC2012) [UpdateOpenLigaDbService] Checking update status for ec2012
INFO   | jvm 2    | main    | 2016/04/13 23:47:29.033 | INFO  [automatedUpdateWWC2011::de.hybris.platform.servicelayer.internal.jalo.ServicelayerJob] (automatedUpdateWWC2011) [UpdateOpenLigaDbService] No update needed for wwc2011
INFO   | jvm 2    | main    | 2016/04/13 23:47:29.134 | INFO  [automatedUpdateEC2012::de.hybris.platform.servicelayer.internal.jalo.ServicelayerJob] (automatedUpdateEC2012) [UpdateOpenLigaDbService] No update needed for ec2012
INFO   | jvm 2    | main    | 2016/04/13 23:47:29.134 | INFO  [automatedUpdate1LGer2010::de.hybris.platform.servicelayer.internal.jalo.ServicelayerJob] (automatedUpdate1LGer2010) [UpdateOpenLigaDbService] No update needed for 1lger2010
INFO   | jvm 2    | main    | 2016/04/13 23:47:38.748 | INFO  [automatedUpdate2LGer2010::de.hybris.platform.servicelayer.internal.jalo.ServicelayerJob] (automatedUpdate2LGer2010) [UpdateOpenLigaDbService] Checking update status for 2lger2010
INFO   | jvm 2    | main    | 2016/04/13 23:47:38.848 | INFO  [automatedUpdate1LGer2011::de.hybris.platform.servicelayer.internal.jalo.ServicelayerJob] (automatedUpdate1LGer2011) [UpdateOpenLigaDbService] Checking update status for 1lger2011
INFO   | jvm 2    | main    | 2016/04/13 23:47:38.848 | INFO  [automatedUpdateCl2010::de.hybris.platform.servicelayer.internal.jalo.ServicelayerJob] (automatedUpdateCl2010) [UpdateOpenLigaDbService] Checking update status for cl2010
INFO   | jvm 2    | main    | 2016/04/13 23:47:38.848 | INFO  [automatedUpdate1LGer2012::de.hybris.platform.servicelayer.internal.jalo.ServicelayerJob] (automatedUpdate1LGer2012) [UpdateOpenLigaDbService] Checking update status for 1lger2012
INFO   | jvm 2    | main    | 2016/04/13 23:47:38.849 | INFO  [automatedUpdateCl2011::de.hybris.platform.servicelayer.internal.jalo.ServicelayerJob] (automatedUpdateCl2011) [UpdateOpenLigaDbService] Checking update status for cl2011
INFO   | jvm 2    | main    | 2016/04/13 23:47:38.849 | INFO  [automatedUpdateCl2012::de.hybris.platform.servicelayer.internal.jalo.ServicelayerJob] (automatedUpdateCl2012) [UpdateOpenLigaDbService] Checking update status for cl2012
INFO   | jvm 2    | main    | 2016/04/13 23:47:38.950 | INFO  [automatedUpdate2LGer2010::de.hybris.platform.servicelayer.internal.jalo.ServicelayerJob] (automatedUpdate2LGer2010) [UpdateOpenLigaDbService] No update needed for 2lger2010
INFO   | jvm 2    | main    | 2016/04/13 23:47:39.050 | INFO  [automatedUpdate1LGer2012::de.hybris.platform.servicelayer.internal.jalo.ServicelayerJob] (automatedUpdate1LGer2012) [UpdateOpenLigaDbService] No update needed for 1lger2012
INFO   | jvm 2    | main    | 2016/04/13 23:47:39.050 | INFO  [automatedUpdate1LGer2011::de.hybris.platform.servicelayer.internal.jalo.ServicelayerJob] (automatedUpdate1LGer2011) [UpdateOpenLigaDbService] No update needed for 1lger2011
INFO   | jvm 2    | main    | 2016/04/13 23:47:39.150 | INFO  [automatedUpdateCl2011::de.hybris.platform.servicelayer.internal.jalo.ServicelayerJob] (automatedUpdateCl2011) [UpdateOpenLigaDbService] No update needed for cl2011
INFO   | jvm 2    | main    | 2016/04/13 23:47:39.150 | INFO  [automatedUpdateCl2010::de.hybris.platform.servicelayer.internal.jalo.ServicelayerJob] (automatedUpdateCl2010) [UpdateOpenLigaDbService] No update needed for cl2010
INFO   | jvm 2    | main    | 2016/04/13 23:47:39.150 | INFO  [automatedUpdateCl2012::de.hybris.platform.servicelayer.internal.jalo.ServicelayerJob] (automatedUpdateCl2012) [UpdateOpenLigaDbService] No update needed for cl2012
