INFO   | jvm 2    | main    | 2016/04/15 00:47:28.531 | INFO  [automatedUpdateWWC2011::de.hybris.platform.servicelayer.internal.jalo.ServicelayerJob] (automatedUpdateWWC2011) [UpdateOpenLigaDbService] Checking update status for wwc2011
INFO   | jvm 2    | main    | 2016/04/15 00:47:29.918 | INFO  [automatedUpdate1LGer2010::de.hybris.platform.servicelayer.internal.jalo.ServicelayerJob] (automatedUpdate1LGer2010) [UpdateOpenLigaDbService] Checking update status for 1lger2010
INFO   | jvm 2    | main    | 2016/04/15 00:47:29.918 | INFO  [automatedUpdateEC2012::de.hybris.platform.servicelayer.internal.jalo.ServicelayerJob] (automatedUpdateEC2012) [UpdateOpenLigaDbService] Checking update status for ec2012
INFO   | jvm 2    | main    | 2016/04/15 00:47:30.218 | INFO  [automatedUpdateWWC2011::de.hybris.platform.servicelayer.internal.jalo.ServicelayerJob] (automatedUpdateWWC2011) [UpdateOpenLigaDbService] No update needed for wwc2011
INFO   | jvm 2    | main    | 2016/04/15 00:47:30.318 | INFO  [automatedUpdateEC2012::de.hybris.platform.servicelayer.internal.jalo.ServicelayerJob] (automatedUpdateEC2012) [UpdateOpenLigaDbService] No update needed for ec2012
INFO   | jvm 2    | main    | 2016/04/15 00:47:30.319 | INFO  [automatedUpdate1LGer2010::de.hybris.platform.servicelayer.internal.jalo.ServicelayerJob] (automatedUpdate1LGer2010) [UpdateOpenLigaDbService] No update needed for 1lger2010
INFO   | jvm 2    | main    | 2016/04/15 00:47:38.528 | INFO  [automatedUpdateCl2012::de.hybris.platform.servicelayer.internal.jalo.ServicelayerJob] (automatedUpdateCl2012) [UpdateOpenLigaDbService] Checking update status for cl2012
INFO   | jvm 2    | main    | 2016/04/15 00:47:38.628 | INFO  [automatedUpdateCl2010::de.hybris.platform.servicelayer.internal.jalo.ServicelayerJob] (automatedUpdateCl2010) [UpdateOpenLigaDbService] Checking update status for cl2010
INFO   | jvm 2    | main    | 2016/04/15 00:47:38.728 | INFO  [automatedUpdateCl2011::de.hybris.platform.servicelayer.internal.jalo.ServicelayerJob] (automatedUpdateCl2011) [UpdateOpenLigaDbService] Checking update status for cl2011
INFO   | jvm 2    | main    | 2016/04/15 00:47:38.728 | INFO  [automatedUpdate1LGer2011::de.hybris.platform.servicelayer.internal.jalo.ServicelayerJob] (automatedUpdate1LGer2011) [UpdateOpenLigaDbService] Checking update status for 1lger2011
INFO   | jvm 2    | main    | 2016/04/15 00:47:38.728 | INFO  [automatedUpdate1LGer2012::de.hybris.platform.servicelayer.internal.jalo.ServicelayerJob] (automatedUpdate1LGer2012) [UpdateOpenLigaDbService] Checking update status for 1lger2012
INFO   | jvm 2    | main    | 2016/04/15 00:47:38.728 | INFO  [automatedUpdate2LGer2010::de.hybris.platform.servicelayer.internal.jalo.ServicelayerJob] (automatedUpdate2LGer2010) [UpdateOpenLigaDbService] Checking update status for 2lger2010
INFO   | jvm 2    | main    | 2016/04/15 00:47:38.829 | INFO  [automatedUpdateCl2012::de.hybris.platform.servicelayer.internal.jalo.ServicelayerJob] (automatedUpdateCl2012) [UpdateOpenLigaDbService] No update needed for cl2012
INFO   | jvm 2    | main    | 2016/04/15 00:47:38.929 | INFO  [automatedUpdateCl2010::de.hybris.platform.servicelayer.internal.jalo.ServicelayerJob] (automatedUpdateCl2010) [UpdateOpenLigaDbService] No update needed for cl2010
INFO   | jvm 2    | main    | 2016/04/15 00:47:38.929 | INFO  [automatedUpdateCl2011::de.hybris.platform.servicelayer.internal.jalo.ServicelayerJob] (automatedUpdateCl2011) [UpdateOpenLigaDbService] No update needed for cl2011
INFO   | jvm 2    | main    | 2016/04/15 00:47:38.929 | INFO  [automatedUpdate2LGer2010::de.hybris.platform.servicelayer.internal.jalo.ServicelayerJob] (automatedUpdate2LGer2010) [UpdateOpenLigaDbService] No update needed for 2lger2010
INFO   | jvm 2    | main    | 2016/04/15 00:47:39.029 | INFO  [automatedUpdate1LGer2012::de.hybris.platform.servicelayer.internal.jalo.ServicelayerJob] (automatedUpdate1LGer2012) [UpdateOpenLigaDbService] No update needed for 1lger2012
INFO   | jvm 2    | main    | 2016/04/15 00:47:39.029 | INFO  [automatedUpdate1LGer2011::de.hybris.platform.servicelayer.internal.jalo.ServicelayerJob] (automatedUpdate1LGer2011) [UpdateOpenLigaDbService] No update needed for 1lger2011
INFO   | jvm 2    | main    | 2016/04/15 12:09:41.568 | INFO  [automatedUpdateWWC2011::de.hybris.platform.servicelayer.internal.jalo.ServicelayerJob] (automatedUpdateWWC2011) [UpdateOpenLigaDbService] Checking update status for wwc2011
INFO   | jvm 2    | main    | 2016/04/15 12:09:41.568 | INFO  [automatedUpdateCl2012::de.hybris.platform.servicelayer.internal.jalo.ServicelayerJob] (automatedUpdateCl2012) [UpdateOpenLigaDbService] Checking update status for cl2012
INFO   | jvm 2    | main    | 2016/04/15 12:09:44.812 | WARN  [automatedUpdateWWC2011::de.hybris.platform.servicelayer.internal.jalo.ServicelayerJob] (automatedUpdateWWC2011) [UpdateOpenLigaDbService] Can not check webservice for updates: I/O error: www.openligadb.de; nested exception is java.net.UnknownHostException: www.openligadb.de
INFO   | jvm 2    | main    | 2016/04/15 12:09:44.834 | INFO  [automatedUpdateWWC2011::de.hybris.platform.servicelayer.internal.jalo.ServicelayerJob] (automatedUpdateWWC2011) [UpdateOpenLigaDbService] Updating matches for wwc2011
INFO   | jvm 2    | main    | 2016/04/15 12:09:44.834 | WARN  [automatedUpdateCl2012::de.hybris.platform.servicelayer.internal.jalo.ServicelayerJob] (automatedUpdateCl2012) [UpdateOpenLigaDbService] Can not check webservice for updates: I/O error: www.openligadb.de; nested exception is java.net.UnknownHostException: www.openligadb.de
INFO   | jvm 2    | main    | 2016/04/15 12:09:44.834 | INFO  [automatedUpdateCl2012::de.hybris.platform.servicelayer.internal.jalo.ServicelayerJob] (automatedUpdateCl2012) [UpdateOpenLigaDbService] Updating matches for cl2012
INFO   | jvm 2    | main    | 2016/04/15 12:09:45.771 | WARN  [automatedUpdateCl2012::de.hybris.platform.servicelayer.internal.jalo.ServicelayerJob] (automatedUpdateCl2012) [UpdateOpenLigaDbService] Can not update by webservice: I/O error: www.openligadb.de; nested exception is java.net.UnknownHostException: www.openligadb.de
INFO   | jvm 2    | main    | 2016/04/15 12:09:46.211 | WARN  [automatedUpdateWWC2011::de.hybris.platform.servicelayer.internal.jalo.ServicelayerJob] (automatedUpdateWWC2011) [UpdateOpenLigaDbService] Can not update by webservice: I/O error: www.openligadb.de; nested exception is java.net.UnknownHostException: www.openligadb.de
INFO   | jvm 2    | main    | 2016/04/15 12:09:56.410 | INFO  [automatedUpdate1LGer2011::de.hybris.platform.servicelayer.internal.jalo.ServicelayerJob] (automatedUpdate1LGer2011) [UpdateOpenLigaDbService] Checking update status for 1lger2011
INFO   | jvm 2    | main    | 2016/04/15 12:10:32.406 | INFO  [automatedUpdate1LGer2012::de.hybris.platform.servicelayer.internal.jalo.ServicelayerJob] (automatedUpdate1LGer2012) [UpdateOpenLigaDbService] Checking update status for 1lger2012
INFO   | jvm 2    | main    | 2016/04/15 12:10:32.406 | INFO  [automatedUpdateCl2011::de.hybris.platform.servicelayer.internal.jalo.ServicelayerJob] (automatedUpdateCl2011) [UpdateOpenLigaDbService] Checking update status for cl2011
INFO   | jvm 2    | main    | 2016/04/15 12:10:32.406 | INFO  [automatedUpdateCl2010::de.hybris.platform.servicelayer.internal.jalo.ServicelayerJob] (automatedUpdateCl2010) [UpdateOpenLigaDbService] Checking update status for cl2010
INFO   | jvm 2    | main    | 2016/04/15 12:10:32.406 | INFO  [automatedUpdateEC2012::de.hybris.platform.servicelayer.internal.jalo.ServicelayerJob] (automatedUpdateEC2012) [UpdateOpenLigaDbService] Checking update status for ec2012
INFO   | jvm 2    | main    | 2016/04/15 12:10:32.406 | INFO  [automatedUpdate2LGer2010::de.hybris.platform.servicelayer.internal.jalo.ServicelayerJob] (automatedUpdate2LGer2010) [UpdateOpenLigaDbService] Checking update status for 2lger2010
INFO   | jvm 2    | main    | 2016/04/15 12:10:32.406 | INFO  [automatedUpdate1LGer2010::de.hybris.platform.servicelayer.internal.jalo.ServicelayerJob] (automatedUpdate1LGer2010) [UpdateOpenLigaDbService] Checking update status for 1lger2010
INFO   | jvm 2    | main    | 2016/04/15 12:10:32.406 | WARN  [automatedUpdateCl2010::de.hybris.platform.servicelayer.internal.jalo.ServicelayerJob] (automatedUpdateCl2010) [UpdateOpenLigaDbService] Can not check webservice for updates: I/O error: www.openligadb.de; nested exception is java.net.UnknownHostException: www.openligadb.de
INFO   | jvm 2    | main    | 2016/04/15 12:10:32.407 | INFO  [automatedUpdateCl2010::de.hybris.platform.servicelayer.internal.jalo.ServicelayerJob] (automatedUpdateCl2010) [UpdateOpenLigaDbService] Updating matches for cl2010
INFO   | jvm 2    | main    | 2016/04/15 12:10:32.407 | WARN  [automatedUpdate1LGer2010::de.hybris.platform.servicelayer.internal.jalo.ServicelayerJob] (automatedUpdate1LGer2010) [UpdateOpenLigaDbService] Can not check webservice for updates: I/O error: www.openligadb.de; nested exception is java.net.UnknownHostException: www.openligadb.de
INFO   | jvm 2    | main    | 2016/04/15 12:10:32.407 | INFO  [automatedUpdate1LGer2010::de.hybris.platform.servicelayer.internal.jalo.ServicelayerJob] (automatedUpdate1LGer2010) [UpdateOpenLigaDbService] Updating matches for 1lger2010
INFO   | jvm 2    | main    | 2016/04/15 12:10:32.407 | WARN  [automatedUpdateEC2012::de.hybris.platform.servicelayer.internal.jalo.ServicelayerJob] (automatedUpdateEC2012) [UpdateOpenLigaDbService] Can not check webservice for updates: I/O error: www.openligadb.de; nested exception is java.net.UnknownHostException: www.openligadb.de
INFO   | jvm 2    | main    | 2016/04/15 12:10:32.407 | INFO  [automatedUpdateEC2012::de.hybris.platform.servicelayer.internal.jalo.ServicelayerJob] (automatedUpdateEC2012) [UpdateOpenLigaDbService] Updating matches for ec2012
INFO   | jvm 2    | main    | 2016/04/15 12:10:32.407 | WARN  [automatedUpdateCl2011::de.hybris.platform.servicelayer.internal.jalo.ServicelayerJob] (automatedUpdateCl2011) [UpdateOpenLigaDbService] Can not check webservice for updates: I/O error: www.openligadb.de; nested exception is java.net.UnknownHostException: www.openligadb.de
INFO   | jvm 2    | main    | 2016/04/15 12:10:32.408 | INFO  [automatedUpdateCl2011::de.hybris.platform.servicelayer.internal.jalo.ServicelayerJob] (automatedUpdateCl2011) [UpdateOpenLigaDbService] Updating matches for cl2011
INFO   | jvm 2    | main    | 2016/04/15 12:10:32.418 | WARN  [automatedUpdate1LGer2012::de.hybris.platform.servicelayer.internal.jalo.ServicelayerJob] (automatedUpdate1LGer2012) [UpdateOpenLigaDbService] Can not check webservice for updates: I/O error: www.openligadb.de; nested exception is java.net.UnknownHostException: www.openligadb.de
INFO   | jvm 2    | main    | 2016/04/15 12:10:32.418 | INFO  [automatedUpdate1LGer2012::de.hybris.platform.servicelayer.internal.jalo.ServicelayerJob] (automatedUpdate1LGer2012) [UpdateOpenLigaDbService] Updating matches for 1lger2012
INFO   | jvm 2    | main    | 2016/04/15 12:10:32.418 | WARN  [automatedUpdate2LGer2010::de.hybris.platform.servicelayer.internal.jalo.ServicelayerJob] (automatedUpdate2LGer2010) [UpdateOpenLigaDbService] Can not check webservice for updates: I/O error: www.openligadb.de; nested exception is java.net.UnknownHostException: www.openligadb.de
INFO   | jvm 2    | main    | 2016/04/15 12:10:32.418 | INFO  [automatedUpdate2LGer2010::de.hybris.platform.servicelayer.internal.jalo.ServicelayerJob] (automatedUpdate2LGer2010) [UpdateOpenLigaDbService] Updating matches for 2lger2010
INFO   | jvm 2    | main    | 2016/04/15 12:10:32.418 | WARN  [automatedUpdateCl2011::de.hybris.platform.servicelayer.internal.jalo.ServicelayerJob] (automatedUpdateCl2011) [UpdateOpenLigaDbService] Can not update by webservice: I/O error: www.openligadb.de; nested exception is java.net.UnknownHostException: www.openligadb.de
INFO   | jvm 2    | main    | 2016/04/15 12:10:32.419 | WARN  [automatedUpdate1LGer2010::de.hybris.platform.servicelayer.internal.jalo.ServicelayerJob] (automatedUpdate1LGer2010) [UpdateOpenLigaDbService] Can not update by webservice: I/O error: www.openligadb.de; nested exception is java.net.UnknownHostException: www.openligadb.de
INFO   | jvm 2    | main    | 2016/04/15 12:10:32.419 | WARN  [automatedUpdate2LGer2010::de.hybris.platform.servicelayer.internal.jalo.ServicelayerJob] (automatedUpdate2LGer2010) [UpdateOpenLigaDbService] Can not update by webservice: I/O error: www.openligadb.de; nested exception is java.net.UnknownHostException: www.openligadb.de
INFO   | jvm 2    | main    | 2016/04/15 12:10:32.419 | WARN  [automatedUpdate1LGer2012::de.hybris.platform.servicelayer.internal.jalo.ServicelayerJob] (automatedUpdate1LGer2012) [UpdateOpenLigaDbService] Can not update by webservice: I/O error: www.openligadb.de; nested exception is java.net.UnknownHostException: www.openligadb.de
INFO   | jvm 2    | main    | 2016/04/15 12:10:32.419 | WARN  [automatedUpdateCl2010::de.hybris.platform.servicelayer.internal.jalo.ServicelayerJob] (automatedUpdateCl2010) [UpdateOpenLigaDbService] Can not update by webservice: I/O error: www.openligadb.de; nested exception is java.net.UnknownHostException: www.openligadb.de
INFO   | jvm 2    | main    | 2016/04/15 12:10:32.419 | WARN  [automatedUpdate1LGer2011::de.hybris.platform.servicelayer.internal.jalo.ServicelayerJob] (automatedUpdate1LGer2011) [UpdateOpenLigaDbService] Can not check webservice for updates: I/O error: www.openligadb.de; nested exception is java.net.UnknownHostException: www.openligadb.de
INFO   | jvm 2    | main    | 2016/04/15 12:10:32.419 | INFO  [automatedUpdate1LGer2011::de.hybris.platform.servicelayer.internal.jalo.ServicelayerJob] (automatedUpdate1LGer2011) [UpdateOpenLigaDbService] Updating matches for 1lger2011
INFO   | jvm 2    | main    | 2016/04/15 12:10:32.419 | WARN  [automatedUpdate1LGer2011::de.hybris.platform.servicelayer.internal.jalo.ServicelayerJob] (automatedUpdate1LGer2011) [UpdateOpenLigaDbService] Can not update by webservice: I/O error: www.openligadb.de; nested exception is java.net.UnknownHostException: www.openligadb.de
INFO   | jvm 2    | main    | 2016/04/15 12:10:32.419 | WARN  [automatedUpdateEC2012::de.hybris.platform.servicelayer.internal.jalo.ServicelayerJob] (automatedUpdateEC2012) [UpdateOpenLigaDbService] Can not update by webservice: I/O error: www.openligadb.de; nested exception is java.net.UnknownHostException: www.openligadb.de
INFO   | jvm 2    | main    | 2016/04/15 12:47:26.169 | INFO  [automatedUpdateEC2012::de.hybris.platform.servicelayer.internal.jalo.ServicelayerJob] (automatedUpdateEC2012) [UpdateOpenLigaDbService] Checking update status for ec2012
INFO   | jvm 2    | main    | 2016/04/15 12:47:26.369 | INFO  [automatedUpdateEC2012::de.hybris.platform.servicelayer.internal.jalo.ServicelayerJob] (automatedUpdateEC2012) [UpdateOpenLigaDbService] No update needed for ec2012
INFO   | jvm 2    | main    | 2016/04/15 12:47:36.188 | INFO  [automatedUpdateCl2011::de.hybris.platform.servicelayer.internal.jalo.ServicelayerJob] (automatedUpdateCl2011) [UpdateOpenLigaDbService] Checking update status for cl2011
INFO   | jvm 2    | main    | 2016/04/15 12:47:36.288 | INFO  [automatedUpdateWWC2011::de.hybris.platform.servicelayer.internal.jalo.ServicelayerJob] (automatedUpdateWWC2011) [UpdateOpenLigaDbService] Checking update status for wwc2011
INFO   | jvm 2    | main    | 2016/04/15 12:47:36.288 | INFO  [automatedUpdateCl2010::de.hybris.platform.servicelayer.internal.jalo.ServicelayerJob] (automatedUpdateCl2010) [UpdateOpenLigaDbService] Checking update status for cl2010
INFO   | jvm 2    | main    | 2016/04/15 12:47:36.288 | INFO  [automatedUpdate2LGer2010::de.hybris.platform.servicelayer.internal.jalo.ServicelayerJob] (automatedUpdate2LGer2010) [UpdateOpenLigaDbService] Checking update status for 2lger2010
INFO   | jvm 2    | main    | 2016/04/15 12:47:36.288 | INFO  [automatedUpdate1LGer2012::de.hybris.platform.servicelayer.internal.jalo.ServicelayerJob] (automatedUpdate1LGer2012) [UpdateOpenLigaDbService] Checking update status for 1lger2012
INFO   | jvm 2    | main    | 2016/04/15 12:47:36.288 | INFO  [automatedUpdate1LGer2010::de.hybris.platform.servicelayer.internal.jalo.ServicelayerJob] (automatedUpdate1LGer2010) [UpdateOpenLigaDbService] Checking update status for 1lger2010
INFO   | jvm 2    | main    | 2016/04/15 12:47:36.289 | INFO  [automatedUpdateCl2012::de.hybris.platform.servicelayer.internal.jalo.ServicelayerJob] (automatedUpdateCl2012) [UpdateOpenLigaDbService] Checking update status for cl2012
INFO   | jvm 2    | main    | 2016/04/15 12:47:36.289 | INFO  [automatedUpdate1LGer2011::de.hybris.platform.servicelayer.internal.jalo.ServicelayerJob] (automatedUpdate1LGer2011) [UpdateOpenLigaDbService] Checking update status for 1lger2011
INFO   | jvm 2    | main    | 2016/04/15 12:47:36.489 | INFO  [automatedUpdateCl2011::de.hybris.platform.servicelayer.internal.jalo.ServicelayerJob] (automatedUpdateCl2011) [UpdateOpenLigaDbService] No update needed for cl2011
INFO   | jvm 2    | main    | 2016/04/15 12:47:36.489 | INFO  [automatedUpdateCl2010::de.hybris.platform.servicelayer.internal.jalo.ServicelayerJob] (automatedUpdateCl2010) [UpdateOpenLigaDbService] No update needed for cl2010
INFO   | jvm 2    | main    | 2016/04/15 12:47:36.489 | INFO  [automatedUpdateWWC2011::de.hybris.platform.servicelayer.internal.jalo.ServicelayerJob] (automatedUpdateWWC2011) [UpdateOpenLigaDbService] No update needed for wwc2011
INFO   | jvm 2    | main    | 2016/04/15 12:47:36.489 | INFO  [automatedUpdate1LGer2012::de.hybris.platform.servicelayer.internal.jalo.ServicelayerJob] (automatedUpdate1LGer2012) [UpdateOpenLigaDbService] No update needed for 1lger2012
INFO   | jvm 2    | main    | 2016/04/15 12:47:36.489 | INFO  [automatedUpdate2LGer2010::de.hybris.platform.servicelayer.internal.jalo.ServicelayerJob] (automatedUpdate2LGer2010) [UpdateOpenLigaDbService] No update needed for 2lger2010
INFO   | jvm 2    | main    | 2016/04/15 12:47:36.589 | INFO  [automatedUpdateCl2012::de.hybris.platform.servicelayer.internal.jalo.ServicelayerJob] (automatedUpdateCl2012) [UpdateOpenLigaDbService] No update needed for cl2012
INFO   | jvm 2    | main    | 2016/04/15 12:47:36.589 | INFO  [automatedUpdate1LGer2011::de.hybris.platform.servicelayer.internal.jalo.ServicelayerJob] (automatedUpdate1LGer2011) [UpdateOpenLigaDbService] No update needed for 1lger2011
INFO   | jvm 2    | main    | 2016/04/15 12:47:36.589 | INFO  [automatedUpdate1LGer2010::de.hybris.platform.servicelayer.internal.jalo.ServicelayerJob] (automatedUpdate1LGer2010) [UpdateOpenLigaDbService] No update needed for 1lger2010
STATUS | wrapper  | main    | 2016/04/15 13:50:12.275 | Pinging the JVM took 15 seconds to respond.
INFO   | jvm 2    | main    | 2016/04/15 13:50:14.002 | INFO  [automatedUpdateCl2011::de.hybris.platform.servicelayer.internal.jalo.ServicelayerJob] (automatedUpdateCl2011) [UpdateOpenLigaDbService] Checking update status for cl2011
STATUS | wrapper  | main    | 2016/04/15 13:50:14.003 | Pinging the JVM took 7 seconds to respond.
INFO   | jvm 2    | main    | 2016/04/15 13:50:16.805 | INFO  [automatedUpdate1LGer2010::de.hybris.platform.servicelayer.internal.jalo.ServicelayerJob] (automatedUpdate1LGer2010) [UpdateOpenLigaDbService] Checking update status for 1lger2010
INFO   | jvm 2    | main    | 2016/04/15 13:50:17.505 | INFO  [automatedUpdate2LGer2010::de.hybris.platform.servicelayer.internal.jalo.ServicelayerJob] (automatedUpdate2LGer2010) [UpdateOpenLigaDbService] Checking update status for 2lger2010
INFO   | jvm 2    | main    | 2016/04/15 13:50:17.505 | INFO  [automatedUpdateWWC2011::de.hybris.platform.servicelayer.internal.jalo.ServicelayerJob] (automatedUpdateWWC2011) [UpdateOpenLigaDbService] Checking update status for wwc2011
INFO   | jvm 2    | main    | 2016/04/15 13:50:17.505 | INFO  [automatedUpdateCl2012::de.hybris.platform.servicelayer.internal.jalo.ServicelayerJob] (automatedUpdateCl2012) [UpdateOpenLigaDbService] Checking update status for cl2012
INFO   | jvm 2    | main    | 2016/04/15 13:50:17.505 | INFO  [automatedUpdate1LGer2011::de.hybris.platform.servicelayer.internal.jalo.ServicelayerJob] (automatedUpdate1LGer2011) [UpdateOpenLigaDbService] Checking update status for 1lger2011
INFO   | jvm 2    | main    | 2016/04/15 13:50:17.505 | INFO  [automatedUpdateEC2012::de.hybris.platform.servicelayer.internal.jalo.ServicelayerJob] (automatedUpdateEC2012) [UpdateOpenLigaDbService] Checking update status for ec2012
INFO   | jvm 2    | main    | 2016/04/15 13:50:17.505 | INFO  [automatedUpdateCl2010::de.hybris.platform.servicelayer.internal.jalo.ServicelayerJob] (automatedUpdateCl2010) [UpdateOpenLigaDbService] Checking update status for cl2010
INFO   | jvm 2    | main    | 2016/04/15 13:50:17.505 | INFO  [automatedUpdate1LGer2012::de.hybris.platform.servicelayer.internal.jalo.ServicelayerJob] (automatedUpdate1LGer2012) [UpdateOpenLigaDbService] Checking update status for 1lger2012
INFO   | jvm 2    | main    | 2016/04/15 13:50:25.723 | INFO  [automatedUpdateEC2012::de.hybris.platform.servicelayer.internal.jalo.ServicelayerJob] (automatedUpdateEC2012) [UpdateOpenLigaDbService] No update needed for ec2012
INFO   | jvm 2    | main    | 2016/04/15 13:50:33.460 | INFO  [automatedUpdateWWC2011::de.hybris.platform.servicelayer.internal.jalo.ServicelayerJob] (automatedUpdateWWC2011) [UpdateOpenLigaDbService] No update needed for wwc2011
INFO   | jvm 2    | main    | 2016/04/15 13:50:33.460 | INFO  [automatedUpdateCl2010::de.hybris.platform.servicelayer.internal.jalo.ServicelayerJob] (automatedUpdateCl2010) [UpdateOpenLigaDbService] No update needed for cl2010
INFO   | jvm 2    | main    | 2016/04/15 13:50:33.460 | INFO  [automatedUpdate2LGer2010::de.hybris.platform.servicelayer.internal.jalo.ServicelayerJob] (automatedUpdate2LGer2010) [UpdateOpenLigaDbService] No update needed for 2lger2010
INFO   | jvm 2    | main    | 2016/04/15 13:50:33.460 | INFO  [automatedUpdateCl2011::de.hybris.platform.servicelayer.internal.jalo.ServicelayerJob] (automatedUpdateCl2011) [UpdateOpenLigaDbService] No update needed for cl2011
INFO   | jvm 2    | main    | 2016/04/15 13:50:33.461 | INFO  [automatedUpdate1LGer2010::de.hybris.platform.servicelayer.internal.jalo.ServicelayerJob] (automatedUpdate1LGer2010) [UpdateOpenLigaDbService] No update needed for 1lger2010
INFO   | jvm 2    | main    | 2016/04/15 13:50:33.461 | INFO  [automatedUpdate1LGer2012::de.hybris.platform.servicelayer.internal.jalo.ServicelayerJob] (automatedUpdate1LGer2012) [UpdateOpenLigaDbService] No update needed for 1lger2012
INFO   | jvm 2    | main    | 2016/04/15 13:50:33.461 | INFO  [automatedUpdateCl2012::de.hybris.platform.servicelayer.internal.jalo.ServicelayerJob] (automatedUpdateCl2012) [UpdateOpenLigaDbService] No update needed for cl2012
INFO   | jvm 2    | main    | 2016/04/15 13:50:33.461 | INFO  [automatedUpdate1LGer2011::de.hybris.platform.servicelayer.internal.jalo.ServicelayerJob] (automatedUpdate1LGer2011) [UpdateOpenLigaDbService] No update needed for 1lger2011
STATUS | wrapper  | main    | 2016/04/15 14:10:51.772 | Pinging the JVM took 51 seconds to respond.
STATUS | wrapper  | main    | 2016/04/15 14:10:51.774 | Pinging the JVM took 41 seconds to respond.
STATUS | wrapper  | main    | 2016/04/15 14:10:51.774 | Pinging the JVM took 32 seconds to respond.
STATUS | wrapper  | main    | 2016/04/15 14:10:51.774 | Pinging the JVM took 23 seconds to respond.
STATUS | wrapper  | main    | 2016/04/15 14:10:51.774 | Pinging the JVM took 14 seconds to respond.
STATUS | wrapper  | main    | 2016/04/15 14:10:51.774 | Pinging the JVM took 5 seconds to respond.
INFO   | jvm 2    | main    | 2016/04/15 14:47:21.984 | INFO  [automatedUpdateEC2012::de.hybris.platform.servicelayer.internal.jalo.ServicelayerJob] (automatedUpdateEC2012) [UpdateOpenLigaDbService] Checking update status for ec2012
INFO   | jvm 2    | main    | 2016/04/15 14:47:22.485 | INFO  [automatedUpdateEC2012::de.hybris.platform.servicelayer.internal.jalo.ServicelayerJob] (automatedUpdateEC2012) [UpdateOpenLigaDbService] No update needed for ec2012
INFO   | jvm 2    | main    | 2016/04/15 14:47:32.324 | INFO  [automatedUpdate1LGer2012::de.hybris.platform.servicelayer.internal.jalo.ServicelayerJob] (automatedUpdate1LGer2012) [UpdateOpenLigaDbService] Checking update status for 1lger2012
INFO   | jvm 2    | main    | 2016/04/15 14:47:32.324 | INFO  [automatedUpdateWWC2011::de.hybris.platform.servicelayer.internal.jalo.ServicelayerJob] (automatedUpdateWWC2011) [UpdateOpenLigaDbService] Checking update status for wwc2011
INFO   | jvm 2    | main    | 2016/04/15 14:47:32.324 | INFO  [automatedUpdate1LGer2010::de.hybris.platform.servicelayer.internal.jalo.ServicelayerJob] (automatedUpdate1LGer2010) [UpdateOpenLigaDbService] Checking update status for 1lger2010
INFO   | jvm 2    | main    | 2016/04/15 14:47:32.324 | INFO  [automatedUpdateCl2010::de.hybris.platform.servicelayer.internal.jalo.ServicelayerJob] (automatedUpdateCl2010) [UpdateOpenLigaDbService] Checking update status for cl2010
INFO   | jvm 2    | main    | 2016/04/15 14:47:32.324 | INFO  [automatedUpdate1LGer2011::de.hybris.platform.servicelayer.internal.jalo.ServicelayerJob] (automatedUpdate1LGer2011) [UpdateOpenLigaDbService] Checking update status for 1lger2011
INFO   | jvm 2    | main    | 2016/04/15 14:47:32.324 | INFO  [automatedUpdate2LGer2010::de.hybris.platform.servicelayer.internal.jalo.ServicelayerJob] (automatedUpdate2LGer2010) [UpdateOpenLigaDbService] Checking update status for 2lger2010
INFO   | jvm 2    | main    | 2016/04/15 14:47:32.525 | INFO  [automatedUpdateCl2010::de.hybris.platform.servicelayer.internal.jalo.ServicelayerJob] (automatedUpdateCl2010) [UpdateOpenLigaDbService] No update needed for cl2010
INFO   | jvm 2    | main    | 2016/04/15 14:47:32.525 | INFO  [automatedUpdate2LGer2010::de.hybris.platform.servicelayer.internal.jalo.ServicelayerJob] (automatedUpdate2LGer2010) [UpdateOpenLigaDbService] No update needed for 2lger2010
INFO   | jvm 2    | main    | 2016/04/15 14:47:32.525 | INFO  [automatedUpdate1LGer2011::de.hybris.platform.servicelayer.internal.jalo.ServicelayerJob] (automatedUpdate1LGer2011) [UpdateOpenLigaDbService] No update needed for 1lger2011
INFO   | jvm 2    | main    | 2016/04/15 14:47:32.567 | INFO  [automatedUpdateWWC2011::de.hybris.platform.servicelayer.internal.jalo.ServicelayerJob] (automatedUpdateWWC2011) [UpdateOpenLigaDbService] No update needed for wwc2011
INFO   | jvm 2    | main    | 2016/04/15 14:47:32.567 | INFO  [automatedUpdate1LGer2010::de.hybris.platform.servicelayer.internal.jalo.ServicelayerJob] (automatedUpdate1LGer2010) [UpdateOpenLigaDbService] No update needed for 1lger2010
INFO   | jvm 2    | main    | 2016/04/15 14:47:32.567 | INFO  [automatedUpdate1LGer2012::de.hybris.platform.servicelayer.internal.jalo.ServicelayerJob] (automatedUpdate1LGer2012) [UpdateOpenLigaDbService] No update needed for 1lger2012
INFO   | jvm 2    | main    | 2016/04/15 14:47:42.123 | INFO  [automatedUpdateCl2012::de.hybris.platform.servicelayer.internal.jalo.ServicelayerJob] (automatedUpdateCl2012) [UpdateOpenLigaDbService] Checking update status for cl2012
INFO   | jvm 2    | main    | 2016/04/15 14:47:42.123 | INFO  [automatedUpdateCl2011::de.hybris.platform.servicelayer.internal.jalo.ServicelayerJob] (automatedUpdateCl2011) [UpdateOpenLigaDbService] Checking update status for cl2011
INFO   | jvm 2    | main    | 2016/04/15 14:47:42.323 | INFO  [automatedUpdateCl2011::de.hybris.platform.servicelayer.internal.jalo.ServicelayerJob] (automatedUpdateCl2011) [UpdateOpenLigaDbService] No update needed for cl2011
INFO   | jvm 2    | main    | 2016/04/15 14:47:42.323 | INFO  [automatedUpdateCl2012::de.hybris.platform.servicelayer.internal.jalo.ServicelayerJob] (automatedUpdateCl2012) [UpdateOpenLigaDbService] No update needed for cl2012
INFO   | jvm 2    | main    | 2016/04/15 15:47:23.693 | INFO  [automatedUpdateEC2012::de.hybris.platform.servicelayer.internal.jalo.ServicelayerJob] (automatedUpdateEC2012) [UpdateOpenLigaDbService] Checking update status for ec2012
INFO   | jvm 2    | main    | 2016/04/15 15:47:24.001 | INFO  [automatedUpdateEC2012::de.hybris.platform.servicelayer.internal.jalo.ServicelayerJob] (automatedUpdateEC2012) [UpdateOpenLigaDbService] No update needed for ec2012
INFO   | jvm 2    | main    | 2016/04/15 15:47:33.835 | INFO  [automatedUpdateCl2011::de.hybris.platform.servicelayer.internal.jalo.ServicelayerJob] (automatedUpdateCl2011) [UpdateOpenLigaDbService] Checking update status for cl2011
INFO   | jvm 2    | main    | 2016/04/15 15:47:33.836 | INFO  [automatedUpdateCl2010::de.hybris.platform.servicelayer.internal.jalo.ServicelayerJob] (automatedUpdateCl2010) [UpdateOpenLigaDbService] Checking update status for cl2010
INFO   | jvm 2    | main    | 2016/04/15 15:47:33.836 | INFO  [automatedUpdate1LGer2010::de.hybris.platform.servicelayer.internal.jalo.ServicelayerJob] (automatedUpdate1LGer2010) [UpdateOpenLigaDbService] Checking update status for 1lger2010
INFO   | jvm 2    | main    | 2016/04/15 15:47:33.836 | INFO  [automatedUpdate1LGer2011::de.hybris.platform.servicelayer.internal.jalo.ServicelayerJob] (automatedUpdate1LGer2011) [UpdateOpenLigaDbService] Checking update status for 1lger2011
INFO   | jvm 2    | main    | 2016/04/15 15:47:33.836 | INFO  [automatedUpdate1LGer2012::de.hybris.platform.servicelayer.internal.jalo.ServicelayerJob] (automatedUpdate1LGer2012) [UpdateOpenLigaDbService] Checking update status for 1lger2012
INFO   | jvm 2    | main    | 2016/04/15 15:47:33.837 | INFO  [automatedUpdateWWC2011::de.hybris.platform.servicelayer.internal.jalo.ServicelayerJob] (automatedUpdateWWC2011) [UpdateOpenLigaDbService] Checking update status for wwc2011
INFO   | jvm 2    | main    | 2016/04/15 15:47:33.937 | INFO  [automatedUpdateCl2012::de.hybris.platform.servicelayer.internal.jalo.ServicelayerJob] (automatedUpdateCl2012) [UpdateOpenLigaDbService] Checking update status for cl2012
INFO   | jvm 2    | main    | 2016/04/15 15:47:33.937 | INFO  [automatedUpdate2LGer2010::de.hybris.platform.servicelayer.internal.jalo.ServicelayerJob] (automatedUpdate2LGer2010) [UpdateOpenLigaDbService] Checking update status for 2lger2010
INFO   | jvm 2    | main    | 2016/04/15 15:47:34.037 | INFO  [automatedUpdate1LGer2011::de.hybris.platform.servicelayer.internal.jalo.ServicelayerJob] (automatedUpdate1LGer2011) [UpdateOpenLigaDbService] No update needed for 1lger2011
INFO   | jvm 2    | main    | 2016/04/15 15:47:34.037 | INFO  [automatedUpdateCl2010::de.hybris.platform.servicelayer.internal.jalo.ServicelayerJob] (automatedUpdateCl2010) [UpdateOpenLigaDbService] No update needed for cl2010
INFO   | jvm 2    | main    | 2016/04/15 15:47:34.037 | INFO  [automatedUpdateCl2011::de.hybris.platform.servicelayer.internal.jalo.ServicelayerJob] (automatedUpdateCl2011) [UpdateOpenLigaDbService] No update needed for cl2011
INFO   | jvm 2    | main    | 2016/04/15 15:47:34.037 | INFO  [automatedUpdateWWC2011::de.hybris.platform.servicelayer.internal.jalo.ServicelayerJob] (automatedUpdateWWC2011) [UpdateOpenLigaDbService] No update needed for wwc2011
INFO   | jvm 2    | main    | 2016/04/15 15:47:34.138 | INFO  [automatedUpdateCl2012::de.hybris.platform.servicelayer.internal.jalo.ServicelayerJob] (automatedUpdateCl2012) [UpdateOpenLigaDbService] No update needed for cl2012
INFO   | jvm 2    | main    | 2016/04/15 15:47:34.138 | INFO  [automatedUpdate2LGer2010::de.hybris.platform.servicelayer.internal.jalo.ServicelayerJob] (automatedUpdate2LGer2010) [UpdateOpenLigaDbService] No update needed for 2lger2010
INFO   | jvm 2    | main    | 2016/04/15 15:47:34.138 | INFO  [automatedUpdate1LGer2012::de.hybris.platform.servicelayer.internal.jalo.ServicelayerJob] (automatedUpdate1LGer2012) [UpdateOpenLigaDbService] No update needed for 1lger2012
INFO   | jvm 2    | main    | 2016/04/15 15:47:34.138 | INFO  [automatedUpdate1LGer2010::de.hybris.platform.servicelayer.internal.jalo.ServicelayerJob] (automatedUpdate1LGer2010) [UpdateOpenLigaDbService] No update needed for 1lger2010
STATUS | wrapper  | main    | 2016/04/15 20:42:47.393 | Pinging the JVM took 28 seconds to respond.
STATUS | wrapper  | main    | 2016/04/15 20:42:47.394 | Pinging the JVM took 19 seconds to respond.
STATUS | wrapper  | main    | 2016/04/15 20:42:47.394 | Pinging the JVM took 10 seconds to respond.
STATUS | wrapper  | main    | 2016/04/15 20:42:47.394 | Pinging the JVM took 1 seconds to respond.
INFO   | jvm 2    | main    | 2016/04/15 20:42:49.510 | INFO  [automatedUpdate2LGer2010::de.hybris.platform.servicelayer.internal.jalo.ServicelayerJob] (automatedUpdate2LGer2010) [UpdateOpenLigaDbService] Checking update status for 2lger2010
INFO   | jvm 2    | main    | 2016/04/15 20:42:50.011 | INFO  [automatedUpdateCl2012::de.hybris.platform.servicelayer.internal.jalo.ServicelayerJob] (automatedUpdateCl2012) [UpdateOpenLigaDbService] Checking update status for cl2012
INFO   | jvm 2    | main    | 2016/04/15 20:42:50.624 | INFO  [sendReminderCronJob::de.hybris.platform.servicelayer.internal.jalo.ServicelayerJob] (sendReminderCronJob) [SendReminderJob] Sending reminder mails ..
INFO   | jvm 2    | main    | 2016/04/15 20:42:53.968 | INFO  [automatedUpdateCl2012::de.hybris.platform.servicelayer.internal.jalo.ServicelayerJob] (automatedUpdateCl2012) [UpdateOpenLigaDbService] No update needed for cl2012
INFO   | jvm 2    | main    | 2016/04/15 20:42:54.369 | INFO  [automatedUpdate1LGer2011::de.hybris.platform.servicelayer.internal.jalo.ServicelayerJob] (automatedUpdate1LGer2011) [UpdateOpenLigaDbService] Checking update status for 1lger2011
INFO   | jvm 2    | main    | 2016/04/15 20:42:54.369 | INFO  [automatedUpdateWWC2011::de.hybris.platform.servicelayer.internal.jalo.ServicelayerJob] (automatedUpdateWWC2011) [UpdateOpenLigaDbService] Checking update status for wwc2011
INFO   | jvm 2    | main    | 2016/04/15 20:42:54.469 | INFO  [automatedUpdate1LGer2011::de.hybris.platform.servicelayer.internal.jalo.ServicelayerJob] (automatedUpdate1LGer2011) [UpdateOpenLigaDbService] No update needed for 1lger2011
INFO   | jvm 2    | main    | 2016/04/15 20:42:54.969 | INFO  [automatedUpdate1LGer2010::de.hybris.platform.servicelayer.internal.jalo.ServicelayerJob] (automatedUpdate1LGer2010) [UpdateOpenLigaDbService] Checking update status for 1lger2010
INFO   | jvm 2    | main    | 2016/04/15 20:42:55.202 | INFO  [automatedUpdateWWC2011::de.hybris.platform.servicelayer.internal.jalo.ServicelayerJob] (automatedUpdateWWC2011) [UpdateOpenLigaDbService] No update needed for wwc2011
INFO   | jvm 2    | main    | 2016/04/15 20:42:55.202 | INFO  [automatedUpdateCl2011::de.hybris.platform.servicelayer.internal.jalo.ServicelayerJob] (automatedUpdateCl2011) [UpdateOpenLigaDbService] Checking update status for cl2011
INFO   | jvm 2    | main    | 2016/04/15 20:42:55.202 | INFO  [automatedUpdate2LGer2010::de.hybris.platform.servicelayer.internal.jalo.ServicelayerJob] (automatedUpdate2LGer2010) [UpdateOpenLigaDbService] No update needed for 2lger2010
INFO   | jvm 2    | main    | 2016/04/15 20:42:56.027 | INFO  [automatedUpdate1LGer2010::de.hybris.platform.servicelayer.internal.jalo.ServicelayerJob] (automatedUpdate1LGer2010) [UpdateOpenLigaDbService] No update needed for 1lger2010
INFO   | jvm 2    | main    | 2016/04/15 20:42:56.935 | INFO  [automatedUpdateCl2011::de.hybris.platform.servicelayer.internal.jalo.ServicelayerJob] (automatedUpdateCl2011) [UpdateOpenLigaDbService] No update needed for cl2011
INFO   | jvm 2    | main    | 2016/04/15 20:42:58.045 | INFO  [automatedUpdateCl2010::de.hybris.platform.servicelayer.internal.jalo.ServicelayerJob] (automatedUpdateCl2010) [UpdateOpenLigaDbService] Checking update status for cl2010
INFO   | jvm 2    | main    | 2016/04/15 20:42:58.061 | INFO  [automatedUpdate1LGer2012::de.hybris.platform.servicelayer.internal.jalo.ServicelayerJob] (automatedUpdate1LGer2012) [UpdateOpenLigaDbService] Checking update status for 1lger2012
INFO   | jvm 2    | main    | 2016/04/15 20:42:58.489 | INFO  [automatedUpdateEC2012::de.hybris.platform.servicelayer.internal.jalo.ServicelayerJob] (automatedUpdateEC2012) [UpdateOpenLigaDbService] Checking update status for ec2012
INFO   | jvm 2    | main    | 2016/04/15 20:42:58.840 | INFO  [automatedUpdate1LGer2012::de.hybris.platform.servicelayer.internal.jalo.ServicelayerJob] (automatedUpdate1LGer2012) [UpdateOpenLigaDbService] No update needed for 1lger2012
INFO   | jvm 2    | main    | 2016/04/15 20:42:58.840 | INFO  [automatedUpdateEC2012::de.hybris.platform.servicelayer.internal.jalo.ServicelayerJob] (automatedUpdateEC2012) [UpdateOpenLigaDbService] No update needed for ec2012
INFO   | jvm 2    | main    | 2016/04/15 20:43:00.651 | INFO  [automatedUpdateCl2010::de.hybris.platform.servicelayer.internal.jalo.ServicelayerJob] (automatedUpdateCl2010) [UpdateOpenLigaDbService] No update needed for cl2010
STATUS | wrapper  | main    | 2016/04/15 20:46:02.464 | Pinging the JVM took 1 seconds to respond.
INFO   | jvm 2    | main    | 2016/04/15 20:47:23.632 | INFO  [automatedUpdateEC2012::de.hybris.platform.servicelayer.internal.jalo.ServicelayerJob] (automatedUpdateEC2012) [UpdateOpenLigaDbService] Checking update status for ec2012
INFO   | jvm 2    | main    | 2016/04/15 20:47:23.933 | INFO  [automatedUpdateEC2012::de.hybris.platform.servicelayer.internal.jalo.ServicelayerJob] (automatedUpdateEC2012) [UpdateOpenLigaDbService] No update needed for ec2012
INFO   | jvm 2    | main    | 2016/04/15 20:47:34.339 | INFO  [automatedUpdateCl2012::de.hybris.platform.servicelayer.internal.jalo.ServicelayerJob] (automatedUpdateCl2012) [UpdateOpenLigaDbService] Checking update status for cl2012
INFO   | jvm 2    | main    | 2016/04/15 20:47:34.472 | INFO  [automatedUpdateCl2010::de.hybris.platform.servicelayer.internal.jalo.ServicelayerJob] (automatedUpdateCl2010) [UpdateOpenLigaDbService] Checking update status for cl2010
INFO   | jvm 2    | main    | 2016/04/15 20:47:34.572 | INFO  [automatedUpdate1LGer2012::de.hybris.platform.servicelayer.internal.jalo.ServicelayerJob] (automatedUpdate1LGer2012) [UpdateOpenLigaDbService] Checking update status for 1lger2012
INFO   | jvm 2    | main    | 2016/04/15 20:47:34.572 | INFO  [automatedUpdate1LGer2010::de.hybris.platform.servicelayer.internal.jalo.ServicelayerJob] (automatedUpdate1LGer2010) [UpdateOpenLigaDbService] Checking update status for 1lger2010
INFO   | jvm 2    | main    | 2016/04/15 20:47:34.572 | INFO  [automatedUpdateWWC2011::de.hybris.platform.servicelayer.internal.jalo.ServicelayerJob] (automatedUpdateWWC2011) [UpdateOpenLigaDbService] Checking update status for wwc2011
INFO   | jvm 2    | main    | 2016/04/15 20:47:34.572 | INFO  [automatedUpdate1LGer2011::de.hybris.platform.servicelayer.internal.jalo.ServicelayerJob] (automatedUpdate1LGer2011) [UpdateOpenLigaDbService] Checking update status for 1lger2011
INFO   | jvm 2    | main    | 2016/04/15 20:47:34.572 | INFO  [automatedUpdate2LGer2010::de.hybris.platform.servicelayer.internal.jalo.ServicelayerJob] (automatedUpdate2LGer2010) [UpdateOpenLigaDbService] Checking update status for 2lger2010
INFO   | jvm 2    | main    | 2016/04/15 20:47:34.672 | INFO  [automatedUpdateCl2011::de.hybris.platform.servicelayer.internal.jalo.ServicelayerJob] (automatedUpdateCl2011) [UpdateOpenLigaDbService] Checking update status for cl2011
INFO   | jvm 2    | main    | 2016/04/15 20:47:35.072 | INFO  [automatedUpdate1LGer2012::de.hybris.platform.servicelayer.internal.jalo.ServicelayerJob] (automatedUpdate1LGer2012) [UpdateOpenLigaDbService] No update needed for 1lger2012
INFO   | jvm 2    | main    | 2016/04/15 20:47:35.072 | INFO  [automatedUpdate1LGer2011::de.hybris.platform.servicelayer.internal.jalo.ServicelayerJob] (automatedUpdate1LGer2011) [UpdateOpenLigaDbService] No update needed for 1lger2011
INFO   | jvm 2    | main    | 2016/04/15 20:47:35.272 | INFO  [automatedUpdateCl2012::de.hybris.platform.servicelayer.internal.jalo.ServicelayerJob] (automatedUpdateCl2012) [UpdateOpenLigaDbService] No update needed for cl2012
INFO   | jvm 2    | main    | 2016/04/15 20:47:35.272 | INFO  [automatedUpdateCl2010::de.hybris.platform.servicelayer.internal.jalo.ServicelayerJob] (automatedUpdateCl2010) [UpdateOpenLigaDbService] No update needed for cl2010
INFO   | jvm 2    | main    | 2016/04/15 20:47:35.472 | INFO  [automatedUpdate1LGer2010::de.hybris.platform.servicelayer.internal.jalo.ServicelayerJob] (automatedUpdate1LGer2010) [UpdateOpenLigaDbService] No update needed for 1lger2010
INFO   | jvm 2    | main    | 2016/04/15 20:47:35.672 | INFO  [automatedUpdateCl2011::de.hybris.platform.servicelayer.internal.jalo.ServicelayerJob] (automatedUpdateCl2011) [UpdateOpenLigaDbService] No update needed for cl2011
INFO   | jvm 2    | main    | 2016/04/15 20:47:35.672 | INFO  [automatedUpdate2LGer2010::de.hybris.platform.servicelayer.internal.jalo.ServicelayerJob] (automatedUpdate2LGer2010) [UpdateOpenLigaDbService] No update needed for 2lger2010
INFO   | jvm 2    | main    | 2016/04/15 20:47:35.772 | INFO  [automatedUpdateWWC2011::de.hybris.platform.servicelayer.internal.jalo.ServicelayerJob] (automatedUpdateWWC2011) [UpdateOpenLigaDbService] No update needed for wwc2011
INFO   | jvm 2    | main    | 2016/04/15 21:47:23.966 | INFO  [automatedUpdateEC2012::de.hybris.platform.servicelayer.internal.jalo.ServicelayerJob] (automatedUpdateEC2012) [UpdateOpenLigaDbService] Checking update status for ec2012
INFO   | jvm 2    | main    | 2016/04/15 21:47:24.167 | INFO  [automatedUpdateEC2012::de.hybris.platform.servicelayer.internal.jalo.ServicelayerJob] (automatedUpdateEC2012) [UpdateOpenLigaDbService] No update needed for ec2012
INFO   | jvm 2    | main    | 2016/04/15 21:47:34.157 | INFO  [automatedUpdateCl2012::de.hybris.platform.servicelayer.internal.jalo.ServicelayerJob] (automatedUpdateCl2012) [UpdateOpenLigaDbService] Checking update status for cl2012
INFO   | jvm 2    | main    | 2016/04/15 21:47:34.158 | INFO  [automatedUpdateWWC2011::de.hybris.platform.servicelayer.internal.jalo.ServicelayerJob] (automatedUpdateWWC2011) [UpdateOpenLigaDbService] Checking update status for wwc2011
INFO   | jvm 2    | main    | 2016/04/15 21:47:34.159 | INFO  [automatedUpdateCl2010::de.hybris.platform.servicelayer.internal.jalo.ServicelayerJob] (automatedUpdateCl2010) [UpdateOpenLigaDbService] Checking update status for cl2010
INFO   | jvm 2    | main    | 2016/04/15 21:47:34.160 | INFO  [automatedUpdateCl2011::de.hybris.platform.servicelayer.internal.jalo.ServicelayerJob] (automatedUpdateCl2011) [UpdateOpenLigaDbService] Checking update status for cl2011
INFO   | jvm 2    | main    | 2016/04/15 21:47:34.271 | INFO  [automatedUpdate2LGer2010::de.hybris.platform.servicelayer.internal.jalo.ServicelayerJob] (automatedUpdate2LGer2010) [UpdateOpenLigaDbService] Checking update status for 2lger2010
INFO   | jvm 2    | main    | 2016/04/15 21:47:34.271 | INFO  [automatedUpdate1LGer2010::de.hybris.platform.servicelayer.internal.jalo.ServicelayerJob] (automatedUpdate1LGer2010) [UpdateOpenLigaDbService] Checking update status for 1lger2010
INFO   | jvm 2    | main    | 2016/04/15 21:47:34.271 | INFO  [automatedUpdate1LGer2011::de.hybris.platform.servicelayer.internal.jalo.ServicelayerJob] (automatedUpdate1LGer2011) [UpdateOpenLigaDbService] Checking update status for 1lger2011
INFO   | jvm 2    | main    | 2016/04/15 21:47:34.272 | INFO  [automatedUpdate1LGer2012::de.hybris.platform.servicelayer.internal.jalo.ServicelayerJob] (automatedUpdate1LGer2012) [UpdateOpenLigaDbService] Checking update status for 1lger2012
INFO   | jvm 2    | main    | 2016/04/15 21:47:34.272 | INFO  [automatedUpdateCl2012::de.hybris.platform.servicelayer.internal.jalo.ServicelayerJob] (automatedUpdateCl2012) [UpdateOpenLigaDbService] No update needed for cl2012
INFO   | jvm 2    | main    | 2016/04/15 21:47:34.420 | INFO  [automatedUpdateWWC2011::de.hybris.platform.servicelayer.internal.jalo.ServicelayerJob] (automatedUpdateWWC2011) [UpdateOpenLigaDbService] No update needed for wwc2011
INFO   | jvm 2    | main    | 2016/04/15 21:47:34.420 | INFO  [automatedUpdate1LGer2011::de.hybris.platform.servicelayer.internal.jalo.ServicelayerJob] (automatedUpdate1LGer2011) [UpdateOpenLigaDbService] No update needed for 1lger2011
INFO   | jvm 2    | main    | 2016/04/15 21:47:34.421 | INFO  [automatedUpdateCl2011::de.hybris.platform.servicelayer.internal.jalo.ServicelayerJob] (automatedUpdateCl2011) [UpdateOpenLigaDbService] No update needed for cl2011
INFO   | jvm 2    | main    | 2016/04/15 21:47:34.421 | INFO  [automatedUpdate2LGer2010::de.hybris.platform.servicelayer.internal.jalo.ServicelayerJob] (automatedUpdate2LGer2010) [UpdateOpenLigaDbService] No update needed for 2lger2010
INFO   | jvm 2    | main    | 2016/04/15 21:47:34.421 | INFO  [automatedUpdate1LGer2012::de.hybris.platform.servicelayer.internal.jalo.ServicelayerJob] (automatedUpdate1LGer2012) [UpdateOpenLigaDbService] No update needed for 1lger2012
INFO   | jvm 2    | main    | 2016/04/15 21:47:34.421 | INFO  [automatedUpdate1LGer2010::de.hybris.platform.servicelayer.internal.jalo.ServicelayerJob] (automatedUpdate1LGer2010) [UpdateOpenLigaDbService] No update needed for 1lger2010
INFO   | jvm 2    | main    | 2016/04/15 21:47:34.521 | INFO  [automatedUpdateCl2010::de.hybris.platform.servicelayer.internal.jalo.ServicelayerJob] (automatedUpdateCl2010) [UpdateOpenLigaDbService] No update needed for cl2010
INFO   | jvm 2    | main    | 2016/04/15 22:47:25.140 | INFO  [automatedUpdateEC2012::de.hybris.platform.servicelayer.internal.jalo.ServicelayerJob] (automatedUpdateEC2012) [UpdateOpenLigaDbService] Checking update status for ec2012
INFO   | jvm 2    | main    | 2016/04/15 22:47:25.341 | INFO  [automatedUpdateEC2012::de.hybris.platform.servicelayer.internal.jalo.ServicelayerJob] (automatedUpdateEC2012) [UpdateOpenLigaDbService] No update needed for ec2012
INFO   | jvm 2    | main    | 2016/04/15 22:47:35.448 | INFO  [automatedUpdateCl2012::de.hybris.platform.servicelayer.internal.jalo.ServicelayerJob] (automatedUpdateCl2012) [UpdateOpenLigaDbService] Checking update status for cl2012
INFO   | jvm 2    | main    | 2016/04/15 22:47:35.448 | INFO  [automatedUpdate1LGer2012::de.hybris.platform.servicelayer.internal.jalo.ServicelayerJob] (automatedUpdate1LGer2012) [UpdateOpenLigaDbService] Checking update status for 1lger2012
INFO   | jvm 2    | main    | 2016/04/15 22:47:35.449 | INFO  [automatedUpdateCl2011::de.hybris.platform.servicelayer.internal.jalo.ServicelayerJob] (automatedUpdateCl2011) [UpdateOpenLigaDbService] Checking update status for cl2011
INFO   | jvm 2    | main    | 2016/04/15 22:47:35.449 | INFO  [automatedUpdate1LGer2010::de.hybris.platform.servicelayer.internal.jalo.ServicelayerJob] (automatedUpdate1LGer2010) [UpdateOpenLigaDbService] Checking update status for 1lger2010
INFO   | jvm 2    | main    | 2016/04/15 22:47:35.449 | INFO  [automatedUpdate1LGer2011::de.hybris.platform.servicelayer.internal.jalo.ServicelayerJob] (automatedUpdate1LGer2011) [UpdateOpenLigaDbService] Checking update status for 1lger2011
INFO   | jvm 2    | main    | 2016/04/15 22:47:35.449 | INFO  [automatedUpdateWWC2011::de.hybris.platform.servicelayer.internal.jalo.ServicelayerJob] (automatedUpdateWWC2011) [UpdateOpenLigaDbService] Checking update status for wwc2011
INFO   | jvm 2    | main    | 2016/04/15 22:47:35.449 | INFO  [automatedUpdate2LGer2010::de.hybris.platform.servicelayer.internal.jalo.ServicelayerJob] (automatedUpdate2LGer2010) [UpdateOpenLigaDbService] Checking update status for 2lger2010
INFO   | jvm 2    | main    | 2016/04/15 22:47:35.449 | INFO  [automatedUpdateCl2010::de.hybris.platform.servicelayer.internal.jalo.ServicelayerJob] (automatedUpdateCl2010) [UpdateOpenLigaDbService] Checking update status for cl2010
INFO   | jvm 2    | main    | 2016/04/15 22:47:35.549 | INFO  [automatedUpdate1LGer2012::de.hybris.platform.servicelayer.internal.jalo.ServicelayerJob] (automatedUpdate1LGer2012) [UpdateOpenLigaDbService] No update needed for 1lger2012
INFO   | jvm 2    | main    | 2016/04/15 22:47:35.649 | INFO  [automatedUpdateWWC2011::de.hybris.platform.servicelayer.internal.jalo.ServicelayerJob] (automatedUpdateWWC2011) [UpdateOpenLigaDbService] No update needed for wwc2011
INFO   | jvm 2    | main    | 2016/04/15 22:47:35.649 | INFO  [automatedUpdate1LGer2011::de.hybris.platform.servicelayer.internal.jalo.ServicelayerJob] (automatedUpdate1LGer2011) [UpdateOpenLigaDbService] No update needed for 1lger2011
INFO   | jvm 2    | main    | 2016/04/15 22:47:35.649 | INFO  [automatedUpdateCl2010::de.hybris.platform.servicelayer.internal.jalo.ServicelayerJob] (automatedUpdateCl2010) [UpdateOpenLigaDbService] No update needed for cl2010
INFO   | jvm 2    | main    | 2016/04/15 22:47:35.649 | INFO  [automatedUpdateCl2012::de.hybris.platform.servicelayer.internal.jalo.ServicelayerJob] (automatedUpdateCl2012) [UpdateOpenLigaDbService] No update needed for cl2012
INFO   | jvm 2    | main    | 2016/04/15 22:47:35.749 | INFO  [automatedUpdateCl2011::de.hybris.platform.servicelayer.internal.jalo.ServicelayerJob] (automatedUpdateCl2011) [UpdateOpenLigaDbService] No update needed for cl2011
INFO   | jvm 2    | main    | 2016/04/15 22:47:35.749 | INFO  [automatedUpdate1LGer2010::de.hybris.platform.servicelayer.internal.jalo.ServicelayerJob] (automatedUpdate1LGer2010) [UpdateOpenLigaDbService] No update needed for 1lger2010
INFO   | jvm 2    | main    | 2016/04/15 22:47:35.749 | INFO  [automatedUpdate2LGer2010::de.hybris.platform.servicelayer.internal.jalo.ServicelayerJob] (automatedUpdate2LGer2010) [UpdateOpenLigaDbService] No update needed for 2lger2010
INFO   | jvm 2    | main    | 2016/04/15 23:47:25.952 | INFO  [automatedUpdateEC2012::de.hybris.platform.servicelayer.internal.jalo.ServicelayerJob] (automatedUpdateEC2012) [UpdateOpenLigaDbService] Checking update status for ec2012
INFO   | jvm 2    | main    | 2016/04/15 23:47:26.153 | INFO  [automatedUpdateEC2012::de.hybris.platform.servicelayer.internal.jalo.ServicelayerJob] (automatedUpdateEC2012) [UpdateOpenLigaDbService] No update needed for ec2012
INFO   | jvm 2    | main    | 2016/04/15 23:47:36.113 | INFO  [automatedUpdateCl2011::de.hybris.platform.servicelayer.internal.jalo.ServicelayerJob] (automatedUpdateCl2011) [UpdateOpenLigaDbService] Checking update status for cl2011
INFO   | jvm 2    | main    | 2016/04/15 23:47:36.113 | INFO  [automatedUpdateCl2012::de.hybris.platform.servicelayer.internal.jalo.ServicelayerJob] (automatedUpdateCl2012) [UpdateOpenLigaDbService] Checking update status for cl2012
INFO   | jvm 2    | main    | 2016/04/15 23:47:36.113 | INFO  [automatedUpdate2LGer2010::de.hybris.platform.servicelayer.internal.jalo.ServicelayerJob] (automatedUpdate2LGer2010) [UpdateOpenLigaDbService] Checking update status for 2lger2010
INFO   | jvm 2    | main    | 2016/04/15 23:47:36.113 | INFO  [automatedUpdateCl2010::de.hybris.platform.servicelayer.internal.jalo.ServicelayerJob] (automatedUpdateCl2010) [UpdateOpenLigaDbService] Checking update status for cl2010
INFO   | jvm 2    | main    | 2016/04/15 23:47:36.113 | INFO  [automatedUpdate1LGer2010::de.hybris.platform.servicelayer.internal.jalo.ServicelayerJob] (automatedUpdate1LGer2010) [UpdateOpenLigaDbService] Checking update status for 1lger2010
INFO   | jvm 2    | main    | 2016/04/15 23:47:36.114 | INFO  [automatedUpdate1LGer2011::de.hybris.platform.servicelayer.internal.jalo.ServicelayerJob] (automatedUpdate1LGer2011) [UpdateOpenLigaDbService] Checking update status for 1lger2011
INFO   | jvm 2    | main    | 2016/04/15 23:47:36.115 | INFO  [automatedUpdate1LGer2012::de.hybris.platform.servicelayer.internal.jalo.ServicelayerJob] (automatedUpdate1LGer2012) [UpdateOpenLigaDbService] Checking update status for 1lger2012
INFO   | jvm 2    | main    | 2016/04/15 23:47:36.115 | INFO  [automatedUpdateWWC2011::de.hybris.platform.servicelayer.internal.jalo.ServicelayerJob] (automatedUpdateWWC2011) [UpdateOpenLigaDbService] Checking update status for wwc2011
INFO   | jvm 2    | main    | 2016/04/15 23:47:36.215 | INFO  [automatedUpdateCl2011::de.hybris.platform.servicelayer.internal.jalo.ServicelayerJob] (automatedUpdateCl2011) [UpdateOpenLigaDbService] No update needed for cl2011
INFO   | jvm 2    | main    | 2016/04/15 23:47:36.316 | INFO  [automatedUpdate2LGer2010::de.hybris.platform.servicelayer.internal.jalo.ServicelayerJob] (automatedUpdate2LGer2010) [UpdateOpenLigaDbService] No update needed for 2lger2010
INFO   | jvm 2    | main    | 2016/04/15 23:47:36.316 | INFO  [automatedUpdate1LGer2010::de.hybris.platform.servicelayer.internal.jalo.ServicelayerJob] (automatedUpdate1LGer2010) [UpdateOpenLigaDbService] No update needed for 1lger2010
INFO   | jvm 2    | main    | 2016/04/15 23:47:36.316 | INFO  [automatedUpdateCl2010::de.hybris.platform.servicelayer.internal.jalo.ServicelayerJob] (automatedUpdateCl2010) [UpdateOpenLigaDbService] No update needed for cl2010
INFO   | jvm 2    | main    | 2016/04/15 23:47:36.316 | INFO  [automatedUpdate1LGer2011::de.hybris.platform.servicelayer.internal.jalo.ServicelayerJob] (automatedUpdate1LGer2011) [UpdateOpenLigaDbService] No update needed for 1lger2011
INFO   | jvm 2    | main    | 2016/04/15 23:47:36.316 | INFO  [automatedUpdateCl2012::de.hybris.platform.servicelayer.internal.jalo.ServicelayerJob] (automatedUpdateCl2012) [UpdateOpenLigaDbService] No update needed for cl2012
INFO   | jvm 2    | main    | 2016/04/15 23:47:36.316 | INFO  [automatedUpdate1LGer2012::de.hybris.platform.servicelayer.internal.jalo.ServicelayerJob] (automatedUpdate1LGer2012) [UpdateOpenLigaDbService] No update needed for 1lger2012
INFO   | jvm 2    | main    | 2016/04/15 23:47:36.416 | INFO  [automatedUpdateWWC2011::de.hybris.platform.servicelayer.internal.jalo.ServicelayerJob] (automatedUpdateWWC2011) [UpdateOpenLigaDbService] No update needed for wwc2011
